аа: 4
аб: 31
ав: 21
аг: 15
ад: 23
ае: 0
аё: 0
аж: 1
аз: 14
аи: 1
ай: 26
ак: 84
ал: 140
ам: 26
ан: 85
ао: 0
ап: 18
ар: 106
ас: 34
ат: 20
ау: 12
аф: 7
ах: 15
ац: 3
ач: 7
аш: 10
ащ: 5
аъ: 0
аы: 0
аь: 0
аэ: 14
аю: 0
ая: 5
а : 0
а-: 1
а': 14
а": 14
а.: 0
а,: 31
а#: 0
а№: 0
а(: 0
а): 0
а+: 0
а=: 0
а*: 0
а&: 0
а@: 0
а!: 0
а?: 0
а|: 0
а~: 0
а`: 0
а[: 15
а]: 0
а{: 15
а}: 0
а:: 1
а;: 1
а<: 31
а>: 0
а$: 0
а^: 0
а1: 0
а2: 0
а3: 0
а4: 0
а5: 0
а6: 0
а7: 0
а8: 0
а9: 0
а0: 0
а: 728
баа: 0
баб: 26
бав: 1
баг: 16
бад: 24
бае: 2
баё: 2
баж: 2
баз: 15
баи: 1
бай: 32
бак: 25
бал: 60
бам: 4
бан: 9
бао: 0
бап: 0
бар: 66
бас: 17
бат: 23
бау: 3
баф: 0
бах: 14
бац: 0
бач: 3
баш: 6
бащ: 0
баъ: 0
баы: 0
баь: 0
баэ: 0
баю: 2
бая: 5
ба : 0
ба-: 0
ба': 0
ба": 0
ба.: 2
ба,: 26
ба#: 0
ба№: 0
ба(: 0
ба): 0
ба+: 0
ба=: 0
ба*: 0
ба&: 0
ба@: 0
ба!: 0
ба?: 0
ба|: 0
ба~: 2
ба`: 2
ба[: 14
ба]: 0
ба{: 14
ба}: 0
ба:: 2
ба;: 2
ба<: 26
ба>: 2
ба$: 0
ба^: 0
ба1: 0
ба2: 0
ба3: 0
ба4: 0
ба5: 0
ба6: 0
ба7: 0
ба8: 0
ба9: 0
ба0: 0
ба: 356
бб: 0
бв: 0
бг: 0
бд: 0
бе: 273
бё: 273
бж: 1
бз: 1
би: 75
бй: 0
бк: 0
бл: 92
бм: 0
бн: 0
бо: 244
бп: 0
бр: 115
бс: 0
бт: 0
бу: 176
бф: 0
бх: 0
бц: 0
бч: 0
бш: 0
бщ: 0
бъ: 0
бы: 21
бь: 3
бэ: 2
бю: 2
бя: 7
б : 0
б-: 0
б': 2
б": 2
б.: 2
б,: 0
б#: 0
б№: 0
б(: 0
б): 0
б+: 0
б=: 0
б*: 0
б&: 0
б@: 0
б!: 0
б?: 0
б|: 0
б~: 273
б`: 273
б[: 0
б]: 0
б{: 0
б}: 0
б:: 1
б;: 1
б<: 0
б>: 2
б$: 0
б^: 0
б1: 0
б2: 0
б3: 0
б4: 0
б5: 0
б6: 0
б7: 0
б8: 0
б9: 0
б0: 0
б: 1357
ва: 178
вб: 0
вв: 2
вг: 0
вд: 0
ве: 228
вё: 228
вж: 1
вз: 4
ви: 111
вй: 0
вк: 0
вл: 26
вм: 0
вн: 1
во: 220
вп: 1
вр: 17
вс: 8
вт: 4
ву: 10
вф: 0
вх: 2
вц: 0
вч: 1
вш: 0
вщ: 0
въ: 0
вы: 60
вь: 1
вэ: 1
вю: 3
вя: 23
в : 0
в-: 0
в': 1
в": 1
в.: 3
в,: 0
в#: 0
в№: 0
в(: 0
в): 0
в+: 0
в=: 0
в*: 0
в&: 0
в@: 0
в!: 0
в?: 0
в|: 0
в~: 228
в`: 228
в[: 2
в]: 0
в{: 2
в}: 0
в:: 1
в;: 1
в<: 0
в>: 3
в$: 0
в^: 0
в1: 0
в2: 0
в3: 0
в4: 0
в5: 0
в6: 0
в7: 0
в8: 0
в9: 0
в0: 0
в: 898
га: 125
гб: 0
гв: 5
гг: 0
гд: 5
ге: 50
гё: 50
гж: 1
гз: 0
ги: 25
гй: 0
гк: 0
гл: 56
гм: 1
гн: 10
го: 196
гп: 1
гр: 133
гс: 0
гт: 0
гу: 77
гф: 0
гх: 0
гц: 0
гч: 0
гш: 0
гщ: 0
гъ: 0
гы: 4
гь: 2
гэ: 0
гю: 7
гя: 5
г : 0
г-: 0
г': 0
г": 0
г.: 8
г,: 0
г#: 0
г№: 0
г(: 0
г): 0
г+: 0
г=: 0
г*: 0
г&: 0
г@: 0
г!: 0
г?: 0
г|: 0
г~: 50
г`: 50
г[: 0
г]: 0
г{: 0
г}: 0
г:: 1
г;: 1
г<: 0
г>: 7
г$: 0
г^: 0
г1: 0
г2: 0
г3: 0
г4: 0
г5: 0
г6: 0
г7: 0
г8: 0
г9: 0
г0: 0
г: 702
да: 105
дб: 0
дв: 14
дг: 0
дд: 0
де: 123
дё: 123
дж: 55
дз: 16
ди: 44
дй: 0
дк: 0
дл: 1
дм: 9
дн: 14
до: 121
дп: 0
др: 44
дс: 0
дт: 0
ду: 97
дф: 0
дх: 0
дц: 0
дч: 0
дш: 0
дщ: 0
дъ: 0
ды: 5
дь: 4
дэ: 1
дю: 7
дя: 7
д : 0
д-: 0
д': 1
д": 1
д.: 9
д,: 0
д#: 0
д№: 0
д(: 0
д): 0
д+: 0
д=: 0
д*: 0
д&: 0
д@: 0
д!: 0
д?: 0
д|: 0
д~: 123
д`: 123
д[: 0
д]: 0
д{: 0
д}: 0
д:: 55
д;: 55
д<: 0
д>: 7
д$: 0
д^: 0
д1: 0
д2: 0
д3: 0
д4: 0
д5: 0
д6: 0
д7: 0
д8: 0
д9: 0
д0: 0
д: 669
е: 157
ё: 157
ж: 232
за: 295
зб: 7
зв: 24
зг: 2
зд: 7
зе: 63
зё: 63
зж: 0
зз: 0
зи: 29
зй: 0
зк: 0
зл: 11
зм: 5
зн: 8
зо: 32
зп: 0
зр: 1
зс: 0
зт: 0
зу: 17
зф: 0
зх: 0
зц: 0
зч: 0
зш: 0
зщ: 0
зъ: 0
зы: 7
зь: 0
зэ: 0
зю: 2
зя: 6
з : 0
з-: 0
з': 0
з": 0
з.: 3
з,: 7
з#: 0
з№: 0
з(: 0
з): 0
з+: 0
з=: 0
з*: 0
з&: 0
з@: 0
з!: 0
з?: 0
з|: 0
з~: 63
з`: 63
з[: 0
з]: 0
з{: 0
з}: 0
з:: 0
з;: 0
з<: 7
з>: 2
з$: 0
з^: 0
з1: 0
з2: 0
з3: 0
з4: 0
з5: 0
з6: 0
з7: 0
з8: 0
з9: 0
з0: 0
з: 517
иа: 1
иб: 3
ив: 39
иг: 13
ид: 7
ие: 4
иё: 4
иж: 6
из: 37
ии: 2
ий: 1
ик: 10
ил: 52
им: 29
ин: 47
ио: 5
ип: 5
ир: 23
ис: 34
ит: 8
иу: 0
иф: 0
их: 1
иц: 0
ич: 1
иш: 8
ищ: 2
иъ: 0
иы: 0
иь: 0
иэ: 0
ию: 2
ия: 0
и : 0
и-: 0
и': 0
и": 0
и.: 2
и,: 3
и#: 0
и№: 0
и(: 0
и): 0
и+: 0
и=: 0
и*: 0
и&: 0
и@: 0
и!: 0
и?: 0
и|: 0
и~: 4
и`: 4
и[: 1
и]: 0
и{: 1
и}: 0
и:: 6
и;: 6
и<: 3
и>: 2
и$: 0
и^: 0
и1: 0
и2: 0
и3: 0
и4: 0
и5: 0
и6: 0
и7: 0
и8: 0
и9: 0
и0: 0
и: 340
й: 13
каа: 2
каб: 18
кав: 10
каг: 4
кад: 13
кае: 1
каё: 1
каж: 0
каз: 42
каи: 1
кай: 17
как: 4
кал: 94
кам: 69
кан: 38
као: 1
кап: 16
кар: 180
кас: 19
кат: 16
кау: 9
каф: 4
ках: 5
кац: 1
кач: 9
каш: 16
кащ: 1
каъ: 0
каы: 0
каь: 0
каэ: 0
каю: 0
кая: 7
ка : 0
ка-: 0
ка': 0
ка": 0
ка.: 0
ка,: 18
ка#: 0
ка№: 0
ка(: 0
ка): 0
ка+: 0
ка=: 0
ка*: 0
ка&: 0
ка@: 0
ка!: 0
ка?: 0
ка|: 0
ка~: 1
ка`: 1
ка[: 5
ка]: 0
ка{: 5
ка}: 0
ка:: 0
ка;: 0
ка<: 18
ка>: 0
ка$: 0
ка^: 0
ка1: 0
ка2: 0
ка3: 0
ка4: 0
ка5: 0
ка6: 0
ка7: 0
ка8: 0
ка9: 0
ка0: 0
ка: 596
кб: 0
кв: 14
кг: 0
кд: 0
ке: 91
кё: 91
кж: 0
кз: 7
ки: 172
кй: 0
кк: 0
кл: 82
км: 1
кн: 17
коа: 0
коб: 11
ков: 24
ког: 1
код: 9
кое: 3
коё: 3
кож: 9
коз: 27
кои: 1
кой: 13
кок: 32
кол: 83
ком: 46
кон: 47
коо: 3
коп: 34
кор: 73
кос: 71
кот: 28
коу: 2
коф: 0
кох: 5
коц: 1
коч: 19
кош: 18
кощ: 0
коъ: 0
коы: 0
коь: 0
коэ: 0
кою: 0
коя: 0
ко : 0
ко-: 0
ко': 0
ко": 0
ко.: 0
ко,: 11
ко#: 0
ко№: 0
ко(: 0
ко): 0
ко+: 0
ко=: 0
ко*: 0
ко&: 0
ко@: 0
ко!: 0
ко?: 0
ко|: 0
ко~: 3
ко`: 3
ко[: 5
ко]: 0
ко{: 5
ко}: 0
ко:: 9
ко;: 9
ко<: 11
ко>: 0
ко$: 0
ко^: 0
ко1: 0
ко2: 0
ко3: 0
ко4: 0
ко5: 0
ко6: 0
ко7: 0
ко8: 0
ко9: 0
ко0: 0
ко: 559
кп: 0
кра: 176
крб: 0
крв: 0
крг: 0
крд: 0
кре: 19
крё: 19
крж: 2
крз: 0
кри: 38
крй: 0
крк: 0
крл: 0
крм: 1
крн: 1
кро: 21
крп: 0
крр: 0
крс: 0
крт: 0
кру: 32
крф: 0
крх: 0
крц: 0
крч: 0
крш: 0
крщ: 0
кръ: 0
кры: 14
крь: 0
крэ: 0
крю: 5
кря: 4
кр : 0
кр-: 0
кр': 0
кр": 0
кр.: 5
кр,: 0
кр#: 0
кр№: 0
кр(: 0
кр): 0
кр+: 0
кр=: 0
кр*: 0
кр&: 0
кр@: 0
кр!: 0
кр?: 0
кр|: 0
кр~: 19
кр`: 19
кр[: 0
кр]: 0
кр{: 0
кр}: 0
кр:: 2
кр;: 2
кр<: 0
кр>: 5
кр$: 0
кр^: 0
кр1: 0
кр2: 0
кр3: 0
кр4: 0
кр5: 0
кр6: 0
кр7: 0
кр8: 0
кр9: 0
кр0: 0
кр: 310
кс: 8
кт: 0
куа: 2
куб: 12
кув: 9
куг: 6
куд: 16
куе: 3
куё: 3
куж: 2
куз: 27
куи: 0
куй: 3
кук: 12
кул: 43
кум: 29
кун: 22
куо: 4
куп: 15
кур: 76
кус: 8
кут: 23
куу: 0
куф: 1
кух: 3
куц: 1
куч: 9
куш: 9
кущ: 2
куъ: 0
куы: 0
куь: 0
куэ: 1
кую: 2
куя: 2
ку : 0
ку-: 0
ку': 1
ку": 1
ку.: 2
ку,: 12
ку#: 0
ку№: 0
ку(: 0
ку): 0
ку+: 0
ку=: 0
ку*: 0
ку&: 0
ку@: 0
ку!: 0
ку?: 0
ку|: 0
ку~: 3
ку`: 3
ку[: 3
ку]: 0
ку{: 3
ку}: 0
ку:: 2
ку;: 2
ку<: 12
ку>: 2
ку$: 0
ку^: 0
ку1: 0
ку2: 0
ку3: 0
ку4: 0
ку5: 0
ку6: 0
ку7: 0
ку8: 0
ку9: 0
ку0: 0
ку: 342
кф: 0
кх: 0
кц: 0
кч: 1
кш: 1
кщ: 0
къ: 0
кы: 20
кь: 0
кэ: 4
кю: 6
кя: 8
к : 0
к-: 0
к': 4
к": 4
к.: 6
к,: 0
к#: 0
к№: 0
к(: 0
к): 0
к+: 0
к=: 0
к*: 0
к&: 0
к@: 0
к!: 0
к?: 0
к|: 0
к~: 91
к`: 91
к[: 0
к]: 0
к{: 0
к}: 0
к:: 0
к;: 0
к<: 0
к>: 6
к$: 0
к^: 0
к1: 0
к2: 0
к3: 0
к4: 0
к5: 0
к6: 0
к7: 0
к8: 0
к9: 0
к0: 0
к: 2238
ла: 118
лб: 0
лв: 0
лг: 0
лд: 0
ле: 179
лё: 179
лж: 0
лз: 0
ли: 109
лй: 0
лк: 0
лл: 0
лм: 0
лн: 0
ло: 127
лп: 0
лр: 1
лс: 0
лт: 0
лу: 85
лф: 0
лх: 0
лц: 0
лч: 0
лш: 0
лщ: 0
лъ: 0
лы: 13
ль: 14
лэ: 0
лю: 61
ля: 20
л : 0
л-: 0
л': 0
л": 0
л.: 61
л,: 0
л#: 0
л№: 0
л(: 0
л): 0
л+: 0
л=: 0
л*: 0
л&: 0
л@: 0
л!: 0
л?: 0
л|: 0
л~: 179
л`: 179
л[: 0
л]: 0
л{: 0
л}: 0
л:: 0
л;: 0
л<: 0
л>: 61
л$: 0
л^: 0
л1: 0
л2: 0
л3: 0
л4: 0
л5: 0
л6: 0
л7: 0
л8: 0
л9: 0
л0: 0
л: 727
маа: 0
маб: 0
мав: 3
маг: 22
мад: 4
мае: 1
маё: 1
маж: 1
маз: 8
маи: 1
май: 27
мак: 31
мал: 83
мам: 13
ман: 31
мао: 0
мап: 0
мар: 75
мас: 15
мат: 22
мау: 2
маф: 0
мах: 11
мац: 4
мач: 4
маш: 5
мащ: 0
маъ: 0
маы: 0
маь: 0
маэ: 0
маю: 0
мая: 5
ма : 0
ма-: 0
ма': 0
ма": 0
ма.: 0
ма,: 0
ма#: 0
ма№: 0
ма(: 0
ма): 0
ма+: 0
ма=: 0
ма*: 0
ма&: 0
ма@: 0
ма!: 0
ма?: 0
ма|: 0
ма~: 1
ма`: 1
ма[: 11
ма]: 0
ма{: 11
ма}: 0
ма:: 1
ма;: 1
ма<: 0
ма>: 0
ма$: 0
ма^: 0
ма1: 0
ма2: 0
ма3: 0
ма4: 0
ма5: 0
ма6: 0
ма7: 0
ма8: 0
ма9: 0
ма0: 0
ма: 368
мб: 0
мв: 0
мг: 1
мд: 0
ме: 131
мё: 131
мж: 2
мз: 0
ми: 145
мй: 0
мк: 0
мл: 4
мм: 0
мн: 0
мо: 213
мп: 0
мр: 4
мс: 4
мт: 1
му: 86
мф: 0
мх: 1
мц: 2
мч: 0
мш: 3
мщ: 0
мъ: 0
мы: 29
мь: 0
мэ: 2
мю: 13
мя: 15
м : 0
м-: 0
м': 2
м": 2
м.: 13
м,: 0
м#: 0
м№: 0
м(: 0
м): 0
м+: 0
м=: 0
м*: 0
м&: 0
м@: 0
м!: 0
м?: 0
м|: 0
м~: 131
м`: 131
м[: 1
м]: 0
м{: 1
м}: 0
м:: 2
м;: 2
м<: 0
м>: 13
м$: 0
м^: 0
м1: 0
м2: 0
м3: 0
м4: 0
м5: 0
м6: 0
м7: 0
м8: 0
м9: 0
м0: 0
м: 1009
на: 120
нб: 0
нв: 0
нг: 0
нд: 0
не: 121
нё: 121
нж: 0
нз: 0
ни: 116
нй: 0
нк: 0
нл: 0
нм: 0
нн: 0
но: 266
нп: 0
нр: 0
нс: 0
нт: 0
ну: 11
нф: 0
нх: 0
нц: 0
нч: 0
нш: 0
нщ: 0
нъ: 0
ны: 9
нь: 1
нэ: 0
ню: 8
ня: 9
н : 1
н-: 0
н': 0
н": 0
н.: 9
н,: 0
н#: 0
н№: 0
н(: 0
н): 0
н+: 0
н=: 0
н*: 0
н&: 0
н@: 0
н!: 0
н?: 0
н|: 0
н~: 121
н`: 121
н[: 0
н]: 0
н{: 0
н}: 0
н:: 0
н;: 0
н<: 0
н>: 8
н$: 0
н^: 0
н1: 0
н2: 0
н3: 0
н4: 0
н5: 0
н6: 0
н7: 0
н8: 0
н9: 0
н0: 0
н: 662
оа: 1
об: 76
ов: 18
ог: 22
од: 17
ое: 1
оё: 1
ож: 3
оз: 33
ои: 0
ой: 0
ок: 28
ол: 55
ом: 9
он: 8
оо: 0
оп: 20
ор: 73
оса: 4
осб: 0
осв: 1
осг: 0
осд: 0
осе: 8
осё: 8
осж: 0
осз: 0
оси: 26
осй: 0
оск: 1
осл: 1
осм: 3
осн: 5
осо: 6
осп: 0
оср: 0
осс: 0
оста: 7
остб: 0
оств: 0
остг: 0
остд: 0
осте: 4
остё: 4
остж: 0
остз: 0
ости: 0
остй: 0
остк: 1
остл: 0
остм: 0
остн: 0
осто: 1
остп: 0
остр: 21
остс: 0
остт: 0
осту: 0
остф: 0
остх: 0
остц: 0
остч: 0
остш: 0
остщ: 0
остъ: 0
осты: 0
ость: 0
остэ: 0
остю: 0
остя: 0
ост : 19
ост-: 0
ост': 0
ост": 0
ост.а: 0
ост.б: 0
ост.в: 0
ост.г: 0
ост.д: 0
ост.е: 0
ост.ё: 0
ост.ж: 0
ост.з: 0
ост.и: 0
ост.й: 0
ост.к: 0
ост.л: 0
ост.м: 0
ост.н: 0
ост.о: 0
ост.па: 0
ост.пб: 0
ост.пв: 0
ост.пг: 0
ост.пд: 0
ост.пе: 0
ост.пё: 0
ост.пж: 0
ост.пз: 0
ост.пи: 0
ост.пй: 0
ост.пк: 0
ост.пл: 6
ост.пм: 0
ост.пн: 0
ост.по: 0
ост.пп: 0
ост.пр: 0
ост.пс: 0
ост.пт: 0
ост.пуа: 0
ост.пуб: 0
ост.пув: 0
ост.пуг: 0
ост.пуд: 0
ост.пуе: 0
ост.пуё: 0
ост.пуж: 0
ост.пуз: 0
ост.пуи: 0
ост.пуй: 0
ост.пук: 1
ост.пул: 0
ост.пум: 0
ост.пуна: 0
ост.пунб: 0
ост.пунв: 0
ост.пунг: 0
ост.пунд: 0
ост.пуне: 0
ост.пунё: 0
ост.пунж: 0
ост.пунз: 0
ост.пуни: 0
ост.пунй: 0
ост.пунка: 0
ост.пункб: 0
ост.пункв: 0
ост.пункг: 0
ост.пункд: 0
ост.пунке: 0
ост.пункё: 0
ост.пункж: 0
ост.пункз: 0
ост.пунки: 0
ост.пункй: 0
ост.пункк: 1
ост.пункл: 0
ост.пункм: 0
ост.пункн: 0
ост.пунко: 0
ост.пункп: 0
ост.пункр: 0
ост.пункс: 0
ост.пункта: 0
ост.пунктб: 0
ост.пунктв: 0
ост.пунктг: 0
ост.пунктд: 0
ост.пункте: 0
ост.пунктё: 0
ост.пунктж: 0
ост.пунктз: 0
ост.пункти: 0
ост.пунктй: 0
ост.пунктк: 0
ост.пунктл: 0
ост.пунктм: 0
ост.пунктн: 0
ост.пункто: 0
ост.пунктп: 0
ост.пунктр: 0
ост.пунктс: 0
ост.пунктт: 0
ост.пункту: 0
ост.пунктф: 0
ост.пунктх: 0
ост.пунктц: 0
ост.пунктч: 0
ост.пунктш: 0
ост.пунктщ: 0
ост.пунктъ: 0
ост.пункты: 0
ост.пункть: 0
ост.пунктэ: 0
ост.пунктю: 0
ост.пунктя: 0
ост.пункт а: 0
ост.пункт б: 0
ост.пункт в: 0
ост.пункт г: 0
ост.пункт д: 1
ост.пункт е: 0
ост.пункт ё: 0
ост.пункт ж: 0
ост.пункт з: 0
ост.пункт и: 0
ост.пункт й: 0
ост.пункт к: 0
ост.пункт л: 0
ост.пункт м: 1
ост.пункт н: 0
ост.пункт о: 0
ост.пункт п: 0
ост.пункт р: 0
ост.пункт с: 1
ост.пункт т: 0
ост.пункт у: 0
ост.пункт ф: 0
ост.пункт х: 0
ост.пункт ц: 0
ост.пункт ч: 0
ост.пункт ш: 0
ост.пункт щ: 0
ост.пункт ъ: 0
ост.пункт ы: 0
ост.пункт ь: 0
ост.пункт э: 0
ост.пункт ю: 0
ост.пункт я: 0
ост.пункт  : 0
ост.пункт -: 0
ост.пункт ': 0
ост.пункт ": 0
ост.пункт .: 0
ост.пункт ,: 0
ост.пункт #: 0
ост.пункт №: 0
ост.пункт (: 0
ост.пункт ): 0
ост.пункт +: 0
ост.пункт =: 0
ост.пункт *: 0
ост.пункт &: 0
ост.пункт @: 0
ост.пункт !: 0
ост.пункт ?: 0
ост.пункт |: 0
ост.пункт ~: 0
ост.пункт `: 0
ост.пункт [: 0
ост.пункт ]: 0
ост.пункт {: 0
ост.пункт }: 0
ост.пункт :: 0
ост.пункт ;: 0
ост.пункт <: 0
ост.пункт >: 0
ост.пункт $: 0
ост.пункт ^: 0
ост.пункт 1а: 0
ост.пункт 1б: 0
ост.пункт 1в: 0
ост.пункт 1г: 0
ост.пункт 1д: 0
ост.пункт 1е: 0
ост.пункт 1ё: 0
ост.пункт 1ж: 0
ост.пункт 1з: 0
ост.пункт 1и: 0
ост.пункт 1й: 0
ост.пункт 1к: 0
ост.пункт 1л: 0
ост.пункт 1м: 0
ост.пункт 1н: 0
ост.пункт 1о: 0
ост.пункт 1п: 0
ост.пункт 1р: 0
ост.пункт 1с: 0
ост.пункт 1т: 0
ост.пункт 1у: 0
ост.пункт 1ф: 0
ост.пункт 1х: 0
ост.пункт 1ц: 0
ост.пункт 1ч: 0
ост.пункт 1ш: 0
ост.пункт 1щ: 0
ост.пункт 1ъ: 0
ост.пункт 1ы: 0
ост.пункт 1ь: 0
ост.пункт 1э: 0
ост.пункт 1ю: 0
ост.пункт 1я: 0
ост.пункт 1 : 0
ост.пункт 1-: 0
ост.пункт 1': 0
ост.пункт 1": 0
ост.пункт 1.: 0
ост.пункт 1,: 0
ост.пункт 1#: 0
ост.пункт 1№: 0
ост.пункт 1(: 0
ост.пункт 1): 0
ост.пункт 1+: 0
ост.пункт 1=: 0
ост.пункт 1*: 0
ост.пункт 1&: 0
ост.пункт 1@: 0
ост.пункт 1!: 0
ост.пункт 1?: 0
ост.пункт 1|: 0
ост.пункт 1~: 0
ост.пункт 1`: 0
ост.пункт 1[: 0
ост.пункт 1]: 0
ост.пункт 1{: 0
ост.пункт 1}: 0
ост.пункт 1:: 0
ост.пункт 1;: 0
ост.пункт 1<: 0
ост.пункт 1>: 0
ост.пункт 1$: 0
ост.пункт 1^: 0
ост.пункт 11: 157
ост.пункт 12: 158
ост.пункт 13: 170
ост.пункт 14: 213
ост.пункт 15: 142
ост.пункт 16: 106
ост.пункт 17: 120
ост.пункт 18: 108
ост.пункт 19: 97
ост.пункт 10: 196
ост.пункт 1: 1467
ост.пункт 2а: 0
ост.пункт 2б: 0
ост.пункт 2в: 0
ост.пункт 2г: 0
ост.пункт 2д: 0
ост.пункт 2е: 0
ост.пункт 2ё: 0
ост.пункт 2ж: 0
ост.пункт 2з: 0
ост.пункт 2и: 0
ост.пункт 2й: 0
ост.пункт 2к: 0
ост.пункт 2л: 0
ост.пункт 2м: 0
ост.пункт 2н: 0
ост.пункт 2о: 0
ост.пункт 2п: 0
ост.пункт 2р: 0
ост.пункт 2с: 0
ост.пункт 2т: 0
ост.пункт 2у: 0
ост.пункт 2ф: 0
ост.пункт 2х: 0
ост.пункт 2ц: 0
ост.пункт 2ч: 0
ост.пункт 2ш: 0
ост.пункт 2щ: 0
ост.пункт 2ъ: 0
ост.пункт 2ы: 0
ост.пункт 2ь: 0
ост.пункт 2э: 0
ост.пункт 2ю: 0
ост.пункт 2я: 0
ост.пункт 2 : 9
ост.пункт 2-: 0
ост.пункт 2': 0
ост.пункт 2": 0
ост.пункт 2.: 0
ост.пункт 2,: 0
ост.пункт 2#: 0
ост.пункт 2№: 0
ост.пункт 2(: 0
ост.пункт 2): 0
ост.пункт 2+: 0
ост.пункт 2=: 0
ост.пункт 2*: 0
ост.пункт 2&: 0
ост.пункт 2@: 0
ост.пункт 2!: 0
ост.пункт 2?: 0
ост.пункт 2|: 0
ост.пункт 2~: 0
ост.пункт 2`: 0
ост.пункт 2[: 0
ост.пункт 2]: 0
ост.пункт 2{: 0
ост.пункт 2}: 0
ост.пункт 2:: 0
ост.пункт 2;: 0
ост.пункт 2<: 0
ост.пункт 2>: 0
ост.пункт 2$: 0
ост.пункт 2^: 0
ост.пункт 21: 98
ост.пункт 22: 84
ост.пункт 23: 86
ост.пункт 24: 93
ост.пункт 25: 84
ост.пункт 26: 70
ост.пункт 27: 69
ост.пункт 28: 54
ост.пункт 29: 64
ост.пункт 20: 87
ост.пункт 2: 798
ост.пункт 3а: 0
ост.пункт 3б: 0
ост.пункт 3в: 0
ост.пункт 3г: 0
ост.пункт 3д: 0
ост.пункт 3е: 0
ост.пункт 3ё: 0
ост.пункт 3ж: 0
ост.пункт 3з: 0
ост.пункт 3и: 0
ост.пункт 3й: 0
ост.пункт 3к: 0
ост.пункт 3л: 0
ост.пункт 3м: 0
ост.пункт 3н: 0
ост.пункт 3о: 0
ост.пункт 3п: 0
ост.пункт 3р: 0
ост.пункт 3с: 0
ост.пункт 3т: 0
ост.пункт 3у: 0
ост.пункт 3ф: 0
ост.пункт 3х: 0
ост.пункт 3ц: 0
ост.пункт 3ч: 0
ост.пункт 3ш: 0
ост.пункт 3щ: 0
ост.пункт 3ъ: 0
ост.пункт 3ы: 0
ост.пункт 3ь: 0
ост.пункт 3э: 0
ост.пункт 3ю: 0
ост.пункт 3я: 0
ост.пункт 3 : 23
ост.пункт 3-: 1
ост.пункт 3': 0
ост.пункт 3": 0
ост.пункт 3.: 0
ост.пункт 3,: 0
ост.пункт 3#: 0
ост.пункт 3№: 0
ост.пункт 3(: 0
ост.пункт 3): 0
ост.пункт 3+: 0
ост.пункт 3=: 0
ост.пункт 3*: 0
ост.пункт 3&: 0
ост.пункт 3@: 0
ост.пункт 3!: 0
ост.пункт 3?: 0
ост.пункт 3|: 0
ост.пункт 3~: 0
ост.пункт 3`: 0
ост.пункт 3[: 0
ост.пункт 3]: 0
ост.пункт 3{: 0
ост.пункт 3}: 0
ост.пункт 3:: 0
ост.пункт 3;: 0
ост.пункт 3<: 0
ост.пункт 3>: 0
ост.пункт 3$: 0
ост.пункт 3^: 0
ост.пункт 31: 45
ост.пункт 32: 49
ост.пункт 33: 46
ост.пункт 34: 57
ост.пункт 35: 56
ост.пункт 36: 49
ост.пункт 37: 40
ост.пункт 38: 35
ост.пункт 39: 49
ост.пункт 30: 74
ост.пункт 3: 524
ост.пункт 4а: 0
ост.пункт 4б: 0
ост.пункт 4в: 0
ост.пункт 4г: 0
ост.пункт 4д: 0
ост.пункт 4е: 0
ост.пункт 4ё: 0
ост.пункт 4ж: 0
ост.пункт 4з: 0
ост.пункт 4и: 0
ост.пункт 4й: 0
ост.пункт 4к: 0
ост.пункт 4л: 0
ост.пункт 4м: 0
ост.пункт 4н: 0
ост.пункт 4о: 0
ост.пункт 4п: 0
ост.пункт 4р: 0
ост.пункт 4с: 0
ост.пункт 4т: 0
ост.пункт 4у: 0
ост.пункт 4ф: 0
ост.пункт 4х: 0
ост.пункт 4ц: 0
ост.пункт 4ч: 0
ост.пункт 4ш: 0
ост.пункт 4щ: 0
ост.пункт 4ъ: 0
ост.пункт 4ы: 0
ост.пункт 4ь: 0
ост.пункт 4э: 0
ост.пункт 4ю: 0
ост.пункт 4я: 0
ост.пункт 4 : 26
ост.пункт 4-: 0
ост.пункт 4': 0
ост.пункт 4": 0
ост.пункт 4.: 0
ост.пункт 4,: 0
ост.пункт 4#: 0
ост.пункт 4№: 0
ост.пункт 4(: 0
ост.пункт 4): 0
ост.пункт 4+: 0
ост.пункт 4=: 0
ост.пункт 4*: 0
ост.пункт 4&: 0
ост.пункт 4@: 0
ост.пункт 4!: 0
ост.пункт 4?: 0
ост.пункт 4|: 0
ост.пункт 4~: 0
ост.пункт 4`: 0
ост.пункт 4[: 0
ост.пункт 4]: 0
ост.пункт 4{: 0
ост.пункт 4}: 0
ост.пункт 4:: 0
ост.пункт 4;: 0
ост.пункт 4<: 0
ост.пункт 4>: 0
ост.пункт 4$: 0
ост.пункт 4^: 0
ост.пункт 41: 41
ост.пункт 42: 27
ост.пункт 43: 36
ост.пункт 44: 35
ост.пункт 45: 38
ост.пункт 46: 45
ост.пункт 47: 32
ост.пункт 48: 38
ост.пункт 49: 21
ост.пункт 40: 35
ост.пункт 4: 374
ост.пункт 5а: 0
ост.пункт 5б: 0
ост.пункт 5в: 0
ост.пункт 5г: 0
ост.пункт 5д: 0
ост.пункт 5е: 0
ост.пункт 5ё: 0
ост.пункт 5ж: 0
ост.пункт 5з: 0
ост.пункт 5и: 0
ост.пункт 5й: 0
ост.пункт 5к: 0
ост.пункт 5л: 0
ост.пункт 5м: 0
ост.пункт 5н: 0
ост.пункт 5о: 0
ост.пункт 5п: 0
ост.пункт 5р: 0
ост.пункт 5с: 0
ост.пункт 5т: 0
ост.пункт 5у: 0
ост.пункт 5ф: 0
ост.пункт 5х: 0
ост.пункт 5ц: 0
ост.пункт 5ч: 0
ост.пункт 5ш: 0
ост.пункт 5щ: 0
ост.пункт 5ъ: 0
ост.пункт 5ы: 0
ост.пункт 5ь: 0
ост.пункт 5э: 0
ост.пункт 5ю: 0
ост.пункт 5я: 0
ост.пункт 5 : 23
ост.пункт 5-: 0
ост.пункт 5': 0
ост.пункт 5": 0
ост.пункт 5.: 0
ост.пункт 5,: 0
ост.пункт 5#: 0
ост.пункт 5№: 0
ост.пункт 5(: 0
ост.пункт 5): 0
ост.пункт 5+: 0
ост.пункт 5=: 0
ост.пункт 5*: 0
ост.пункт 5&: 0
ост.пункт 5@: 0
ост.пункт 5!: 0
ост.пункт 5?: 0
ост.пункт 5|: 0
ост.пункт 5~: 0
ост.пункт 5`: 0
ост.пункт 5[: 0
ост.пункт 5]: 0
ост.пункт 5{: 0
ост.пункт 5}: 0
ост.пункт 5:: 0
ост.пункт 5;: 0
ост.пункт 5<: 0
ост.пункт 5>: 0
ост.пункт 5$: 0
ост.пункт 5^: 0
ост.пункт 51: 31
ост.пункт 52: 34
ост.пункт 53: 32
ост.пункт 54: 30
ост.пункт 55: 30
ост.пункт 56: 41
ост.пункт 57: 32
ост.пункт 58: 34
ост.пункт 59: 22
ост.пункт 50: 32
ост.пункт 5: 341
ост.пункт 6а: 0
ост.пункт 6б: 0
ост.пункт 6в: 0
ост.пункт 6г: 0
ост.пункт 6д: 0
ост.пункт 6е: 0
ост.пункт 6ё: 0
ост.пункт 6ж: 0
ост.пункт 6з: 0
ост.пункт 6и: 0
ост.пункт 6й: 0
ост.пункт 6к: 1
ост.пункт 6л: 0
ост.пункт 6м: 0
ост.пункт 6н: 0
ост.пункт 6о: 0
ост.пункт 6п: 0
ост.пункт 6р: 0
ост.пункт 6с: 0
ост.пункт 6т: 0
ост.пункт 6у: 0
ост.пункт 6ф: 0
ост.пункт 6х: 0
ост.пункт 6ц: 0
ост.пункт 6ч: 0
ост.пункт 6ш: 0
ост.пункт 6щ: 0
ост.пункт 6ъ: 0
ост.пункт 6ы: 0
ост.пункт 6ь: 0
ост.пункт 6э: 0
ост.пункт 6ю: 0
ост.пункт 6я: 0
ост.пункт 6 : 24
ост.пункт 6-: 0
ост.пункт 6': 0
ост.пункт 6": 0
ост.пункт 6.: 0
ост.пункт 6,: 0
ост.пункт 6#: 0
ост.пункт 6№: 0
ост.пункт 6(: 0
ост.пункт 6): 0
ост.пункт 6+: 0
ост.пункт 6=: 0
ост.пункт 6*: 0
ост.пункт 6&: 0
ост.пункт 6@: 0
ост.пункт 6!: 0
ост.пункт 6?: 0
ост.пункт 6|: 0
ост.пункт 6~: 0
ост.пункт 6`: 0
ост.пункт 6[: 0
ост.пункт 6]: 0
ост.пункт 6{: 0
ост.пункт 6}: 0
ост.пункт 6:: 0
ост.пункт 6;: 0
ост.пункт 6<: 0
ост.пункт 6>: 0
ост.пункт 6$: 0
ост.пункт 6^: 0
ост.пункт 61: 26
ост.пункт 62: 33
ост.пункт 63: 42
ост.пункт 64: 36
ост.пункт 65: 29
ост.пункт 66: 22
ост.пункт 67: 29
ост.пункт 68: 23
ост.пункт 69: 35
ост.пункт 60: 34
ост.пункт 6: 334
ост.пункт 7: 257
ост.пункт 8: 213
ост.пункт 9: 216
ост.пункт 0: 0
ост.пункт : 4527
ост.пункт-: 0
ост.пункт': 0
ост.пункт": 0
ост.пункт.: 0
ост.пункт,: 0
ост.пункт#: 0
ост.пункт№: 0
ост.пункт(: 0
ост.пункт): 0
ост.пункт+: 0
ост.пункт=: 0
ост.пункт*: 0
ост.пункт&: 0
ост.пункт@: 0
ост.пункт!: 0
ост.пункт?: 0
ост.пункт|: 0
ост.пункт~: 0
ост.пункт`: 0
ост.пункт[: 0
ост.пункт]: 0
ост.пункт{: 0
ост.пункт}: 0
ост.пункт:: 0
ост.пункт;: 0
ост.пункт<: 0
ост.пункт>: 0
ост.пункт$: 0
ост.пункт^: 0
ост.пункт1: 1
ост.пункт2: 0
ост.пункт3: 0
ост.пункт4: 1
ост.пункт5: 0
ост.пункт6: 0
ост.пункт7: 0
ост.пункт8: 0
ост.пункт9: 0
ост.пункт0: 0
ост.пункт: 4529
ост.пунку: 0
ост.пункф: 0
ост.пункх: 0
ост.пункц: 0
ост.пункч: 0
ост.пункш: 0
ост.пункщ: 0
ост.пункъ: 0
ост.пункы: 0
ост.пункь: 0
ост.пункэ: 0
ост.пункю: 0
ост.пункя: 0
ост.пунк : 1
ост.пунк-: 0
ост.пунк': 0
ост.пунк": 0
ост.пунк.: 0
ост.пунк,: 0
ост.пунк#: 0
ост.пунк№: 0
ост.пунк(: 0
ост.пунк): 0
ост.пунк+: 0
ост.пунк=: 0
ост.пунк*: 0
ост.пунк&: 0
ост.пунк@: 0
ост.пунк!: 0
ост.пунк?: 0
ост.пунк|: 0
ост.пунк~: 0
ост.пунк`: 0
ост.пунк[: 0
ост.пунк]: 0
ост.пунк{: 0
ост.пунк}: 0
ост.пунк:: 0
ост.пунк;: 0
ост.пунк<: 0
ост.пунк>: 0
ост.пунк$: 0
ост.пунк^: 0
ост.пунк1: 0
ост.пунк2: 0
ост.пунк3: 0
ост.пунк4: 0
ост.пунк5: 0
ост.пунк6: 0
ост.пунк7: 0
ост.пунк8: 0
ост.пунк9: 0
ост.пунк0: 0
ост.пунк: 4531
ост.пунл: 0
ост.пунм: 0
ост.пунн: 0
ост.пуно: 0
ост.пунп: 0
ост.пунр: 0
ост.пунс: 0
ост.пунт: 1
ост.пуну: 0
ост.пунф: 0
ост.пунх: 0
ост.пунц: 0
ост.пунч: 0
ост.пунш: 0
ост.пунщ: 0
ост.пунъ: 0
ост.пуны: 0
ост.пунь: 0
ост.пунэ: 0
ост.пуню: 0
ост.пуня: 0
ост.пун : 0
ост.пун-: 0
ост.пун': 0
ост.пун": 0
ост.пун.: 0
ост.пун,: 0
ост.пун#: 0
ост.пун№: 0
ост.пун(: 0
ост.пун): 0
ост.пун+: 0
ост.пун=: 0
ост.пун*: 0
ост.пун&: 0
ост.пун@: 0
ост.пун!: 0
ост.пун?: 0
ост.пун|: 0
ост.пун~: 0
ост.пун`: 0
ост.пун[: 0
ост.пун]: 0
ост.пун{: 0
ост.пун}: 0
ост.пун:: 0
ост.пун;: 0
ост.пун<: 0
ост.пун>: 0
ост.пун$: 0
ост.пун^: 0
ост.пун1: 0
ост.пун2: 0
ост.пун3: 0
ост.пун4: 0
ост.пун5: 0
ост.пун6: 0
ост.пун7: 0
ост.пун8: 0
ост.пун9: 0
ост.пун0: 0
ост.пун: 4532
ост.пуо: 0
ост.пуп: 0
ост.пур: 0
ост.пус: 0
ост.пут: 0
ост.пуу: 0
ост.пуф: 0
ост.пух: 0
ост.пуц: 0
ост.пуч: 0
ост.пуш: 0
ост.пущ: 0
ост.пуъ: 0
ост.пуы: 0
ост.пуь: 0
ост.пуэ: 0
ост.пую: 0
ост.пуя: 0
ост.пу : 0
ост.пу-: 0
ост.пу': 0
ост.пу": 0
ост.пу.: 0
ост.пу,: 0
ост.пу#: 0
ост.пу№: 0
ост.пу(: 0
ост.пу): 0
ост.пу+: 0
ост.пу=: 0
ост.пу*: 0
ост.пу&: 0
ост.пу@: 0
ост.пу!: 0
ост.пу?: 0
ост.пу|: 0
ост.пу~: 0
ост.пу`: 0
ост.пу[: 0
ост.пу]: 0
ост.пу{: 0
ост.пу}: 0
ост.пу:: 0
ост.пу;: 0
ост.пу<: 0
ост.пу>: 0
ост.пу$: 0
ост.пу^: 0
ост.пу1: 0
ост.пу2: 0
ост.пу3: 0
ост.пу4: 0
ост.пу5: 0
ост.пу6: 0
ост.пу7: 0
ост.пу8: 0
ост.пу9: 0
ост.пу0: 0
ост.пу: 4533
ост.пф: 0
ост.пх: 0
ост.пц: 0
ост.пч: 0
ост.пш: 0
ост.пщ: 0
ост.пъ: 0
ост.пы: 0
ост.пь: 0
ост.пэ: 0
ост.пю: 0
ост.пя: 0
ост.п : 0
ост.п-: 0
ост.п': 0
ост.п": 0
ост.п.: 0
ост.п,: 0
ост.п#: 0
ост.п№: 0
ост.п(: 0
ост.п): 0
ост.п+: 0
ост.п=: 0
ост.п*: 0
ост.п&: 0
ост.п@: 0
ост.п!: 0
ост.п?: 0
ост.п|: 0
ост.п~: 0
ост.п`: 0
ост.п[: 0
ост.п]: 0
ост.п{: 0
ост.п}: 0
ост.п:: 0
ост.п;: 0
ост.п<: 0
ост.п>: 0
ост.п$: 0
ост.п^: 0
ост.п1: 0
ост.п2: 0
ост.п3: 0
ост.п4: 0
ост.п5: 0
ост.п6: 0
ост.п7: 0
ост.п8: 0
ост.п9: 0
ост.п0: 0
ост.п: 4539
ост.р: 0
ост.с: 0
ост.т: 0
ост.у: 0
ост.ф: 0
ост.х: 0
ост.ц: 0
ост.ч: 0
ост.ш: 0
ост.щ: 0
ост.ъ: 0
ост.ы: 0
ост.ь: 0
ост.э: 0
ост.ю: 0
ост.я: 0
ост. : 17
ост.-: 0
ост.': 0
ост.": 0
ост..: 0
ост.,: 0
ост.#: 0
ост.№: 0
ост.(: 0
ост.): 0
ост.+: 0
ост.=: 0
ост.*: 0
ост.&: 0
ост.@: 0
ост.!: 0
ост.?: 0
ост.|: 0
ост.~: 0
ост.`: 0
ост.[: 0
ост.]: 0
ост.{: 0
ост.}: 0
ост.:: 0
ост.;: 0
ост.<: 0
ост.>: 0
ост.$: 0
ост.^: 0
ост.1: 0
ост.2: 0
ост.3: 0
ост.4: 0
ост.5: 0
ост.6: 0
ост.7: 0
ост.8: 0
ост.9: 0
ост.0: 0
ост.: 4556
ост,: 0
ост#: 0
ост№: 0
ост(: 0
ост): 0
ост+: 0
ост=: 0
ост*: 0
ост&: 0
ост@: 0
ост!: 0
ост?: 0
ост|: 0
ост~: 4
ост`: 4
ост[: 0
ост]: 0
ост{: 0
ост}: 0
ост:: 0
ост;: 0
ост<: 0
ост>: 0
ост$: 0
ост^: 0
ост1: 0
ост2: 0
ост3: 0
ост4: 0
ост5: 0
ост6: 0
ост7: 0
ост8: 0
ост9: 0
ост0: 0
ост: 4609
осу: 1
осф: 0
осх: 0
осц: 0
осч: 0
осш: 0
осщ: 0
осъ: 0
осы: 2
ось: 0
осэ: 0
осю: 0
ося: 0
ос : 0
ос-: 0
ос': 0
ос": 0
ос.: 1
ос,: 0
ос#: 0
ос№: 0
ос(: 0
ос): 0
ос+: 0
ос=: 0
ос*: 0
ос&: 0
ос@: 0
ос!: 0
ос?: 0
ос|: 0
ос~: 8
ос`: 8
ос[: 0
ос]: 0
ос{: 0
ос}: 0
ос:: 0
ос;: 0
ос<: 0
ос>: 0
ос$: 0
ос^: 0
ос1: 0
ос2: 0
ос3: 0
ос4: 0
ос5: 0
ос6: 0
ос7: 0
ос8: 0
ос9: 0
ос0: 0
ос: 4667
от: 29
оу: 3
оф: 2
ох: 5
оц: 0
оч: 5
ош: 5
ощ: 1
оъ: 0
оы: 0
оь: 0
оэ: 0
ою: 0
оя: 3
о : 0
о-: 0
о': 0
о": 0
о.: 3
о,: 76
о#: 0
о№: 0
о(: 0
о): 0
о+: 0
о=: 0
о*: 0
о&: 0
о@: 0
о!: 0
о?: 0
о|: 0
о~: 1
о`: 1
о[: 5
о]: 0
о{: 5
о}: 0
о:: 3
о;: 3
о<: 76
о>: 0
о$: 0
о^: 0
о1: 0
о2: 0
о3: 0
о4: 0
о5: 0
о6: 0
о7: 0
о8: 0
о9: 0
о0: 0
о: 5086
па: 195
пб: 0
пв: 0
пг: 0
пд: 0
пе: 201
пё: 201
пж: 0
пз: 0
пи: 98
пй: 0
пк: 0
плаа: 0
плаб: 0
плав: 5
плаг: 0
плад: 0
плае: 0
плаё: 0
плаж: 0
плаз: 0
плаи: 0
плай: 0
плак: 1
плал: 0
плам: 1
план: 3
плао: 0
плап: 0
плар: 0
плас: 2
плата: 1
платб: 0
платв: 0
платг: 0
платд: 0
плате: 0
платё: 0
платж: 0
платз: 0
плати: 4
платй: 0
платк: 0
платл: 0
платм: 0
платн: 1
плато: 6
платп: 0
платр: 0
платс: 0
платт: 1
плату: 0
платфа: 0
платфб: 0
платфв: 0
платфг: 0
платфд: 0
платфе: 0
платфё: 0
платфж: 0
платфз: 0
платфи: 0
платфй: 0
платфк: 0
платфл: 0
платфм: 0
платфн: 0
платфоа: 0
платфоб: 0
платфов: 0
платфог: 0
платфод: 0
платфое: 0
платфоё: 0
платфож: 0
платфоз: 0
платфои: 0
платфой: 0
платфок: 0
платфол: 0
платфом: 0
платфон: 0
платфоо: 0
платфоп: 0
платфора: 0
платфорб: 0
платфорв: 0
платфорг: 0
платфорд: 0
платфоре: 0
платфорё: 0
платфорж: 0
платфорз: 0
платфори: 0
платфорй: 0
платфорк: 0
платфорл: 0
платформаа: 0
платформаб: 0
платформав: 0
платформаг: 0
платформад: 0
платформае: 0
платформаё: 0
платформаж: 0
платформаз: 0
платформаи: 0
платформай: 0
платформак: 0
платформал: 0
платформам: 0
платформан: 0
платформао: 0
платформап: 0
платформар: 0
платформас: 0
платформат: 0
платформау: 0
платформаф: 0
платформах: 0
платформац: 0
платформач: 0
платформаш: 0
платформащ: 0
платформаъ: 0
платформаы: 0
платформаь: 0
платформаэ: 0
платформаю: 0
платформая: 0
платформа а: 1
платформа б: 0
платформа в: 0
платформа г: 0
платформа д: 2
платформа е: 0
платформа ё: 0
платформа ж: 0
платформа з: 0
платформа и: 0
платформа й: 0
платформа к: 1
платформа л: 0
платформа м: 0
платформа н: 1
платформа о: 0
платформа п: 0
платформа р: 0
платформа с: 0
платформа т: 0
платформа у: 0
платформа ф: 0
платформа х: 0
платформа ц: 0
платформа ч: 0
платформа ш: 0
платформа щ: 0
платформа ъ: 0
платформа ы: 0
платформа ь: 0
платформа э: 0
платформа ю: 0
платформа я: 0
платформа  : 0
платформа -: 0
платформа ': 0
платформа ": 0
платформа .: 0
платформа ,: 0
платформа #: 0
платформа №: 0
платформа (: 0
платформа ): 0
платформа +: 0
платформа =: 0
платформа *: 0
платформа &: 0
платформа @: 0
платформа !: 0
платформа ?: 0
платформа |: 0
платформа ~: 0
платформа `: 0
платформа [: 0
платформа ]: 0
платформа {: 0
платформа }: 0
платформа :: 0
платформа ;: 0
платформа <: 0
платформа >: 0
платформа $: 0
платформа ^: 0
платформа 1: 204
платформа 2: 93
платформа 3: 57
платформа 4: 42
платформа 5: 24
платформа 6: 27
платформа 7: 34
платформа 8: 34
платформа 9: 34
платформа 0: 0
платформа : 554
платформа-: 0
платформа': 0
платформа": 0
платформа.: 0
платформа,: 0
платформа#: 0
платформа№: 0
платформа(: 0
платформа): 0
платформа+: 0
платформа=: 0
платформа*: 0
платформа&: 0
платформа@: 0
платформа!: 0
платформа?: 0
платформа|: 0
платформа~: 0
платформа`: 0
платформа[: 0
платформа]: 0
платформа{: 0
платформа}: 0
платформа:: 0
платформа;: 0
платформа<: 0
платформа>: 0
платформа$: 0
платформа^: 0
платформа1: 0
платформа2: 0
платформа3: 0
платформа4: 0
платформа5: 0
платформа6: 0
платформа7: 0
платформа8: 0
платформа9: 0
платформа0: 0
платформа: 554
платформб: 0
платформв: 0
платформг: 0
платформд: 0
платформе: 0
платформё: 0
платформж: 0
платформз: 0
платформи: 0
платформй: 0
платформк: 0
платформл: 0
платформм: 0
платформн: 0
платформо: 0
платформп: 0
платформр: 0
платформс: 0
платформт: 0
платформу: 0
платформф: 0
платформх: 0
платформц: 0
платформч: 0
платформш: 0
платформщ: 0
платформъ: 0
платформы: 0
платформь: 0
платформэ: 0
платформю: 0
платформя: 0
платформ : 0
платформ-: 0
платформ': 0
платформ": 0
платформ.: 0
платформ,: 0
платформ#: 0
платформ№: 0
платформ(: 0
платформ): 0
платформ+: 0
платформ=: 0
платформ*: 0
платформ&: 0
платформ@: 0
платформ!: 0
платформ?: 0
платформ|: 0
платформ~: 0
платформ`: 0
платформ[: 0
платформ]: 0
платформ{: 0
платформ}: 0
платформ:: 0
платформ;: 0
платформ<: 0
платформ>: 0
платформ$: 0
платформ^: 0
платформ1: 0
платформ2: 0
платформ3: 0
платформ4: 0
платформ5: 0
платформ6: 0
платформ7: 0
платформ8: 0
платформ9: 0
платформ0: 0
платформ: 554
платфорн: 0
платфоро: 0
платфорп: 0
платфорр: 0
платфорс: 0
платфорт: 0
платфору: 0
платфорф: 0
платфорх: 0
платфорц: 0
платфорч: 0
платфорш: 0
платфорщ: 0
платфоръ: 0
платфоры: 0
платфорь: 0
платфорэ: 0
платфорю: 0
платфоря: 0
платфор : 0
платфор-: 0
платфор': 0
платфор": 0
платфор.: 0
платфор,: 0
платфор#: 0
платфор№: 0
платфор(: 0
платфор): 0
платфор+: 0
платфор=: 0
платфор*: 0
платфор&: 0
платфор@: 0
платфор!: 0
платфор?: 0
платфор|: 0
платфор~: 0
платфор`: 0
платфор[: 0
платфор]: 0
платфор{: 0
платфор}: 0
платфор:: 0
платфор;: 0
платфор<: 0
платфор>: 0
платфор$: 0
платфор^: 0
платфор1: 0
платфор2: 0
платфор3: 0
платфор4: 0
платфор5: 0
платфор6: 0
платфор7: 0
платфор8: 0
платфор9: 0
платфор0: 0
платфор: 554
платфос: 0
платфот: 0
платфоу: 0
платфоф: 0
платфох: 0
платфоц: 0
платфоч: 0
платфош: 0
платфощ: 0
платфоъ: 0
платфоы: 0
платфоь: 0
платфоэ: 0
платфою: 0
платфоя: 0
платфо : 0
платфо-: 0
платфо': 0
платфо": 0
платфо.: 0
платфо,: 0
платфо#: 0
платфо№: 0
платфо(: 0
платфо): 0
платфо+: 0
платфо=: 0
платфо*: 0
платфо&: 0
платфо@: 0
платфо!: 0
платфо?: 0
платфо|: 0
платфо~: 0
платфо`: 0
платфо[: 0
платфо]: 0
платфо{: 0
платфо}: 0
платфо:: 0
платфо;: 0
платфо<: 0
платфо>: 0
платфо$: 0
платфо^: 0
платфо1: 0
платфо2: 0
платфо3: 0
платфо4: 0
платфо5: 0
платфо6: 0
платфо7: 0
платфо8: 0
платфо9: 0
платфо0: 0
платфо: 554
платфп: 0
платфр: 0
платфс: 0
платфт: 0
платфу: 0
платфф: 0
платфх: 0
платфц: 0
платфч: 0
платфш: 0
платфщ: 0
платфъ: 0
платфы: 0
платфь: 0
платфэ: 0
платфю: 0
платфя: 0
платф : 0
платф-: 0
платф': 0
платф": 0
платф.: 0
платф,: 0
платф#: 0
платф№: 0
платф(: 0
платф): 0
платф+: 0
платф=: 0
платф*: 0
платф&: 0
платф@: 0
платф!: 0
платф?: 0
платф|: 0
платф~: 0
платф`: 0
платф[: 0
платф]: 0
платф{: 0
платф}: 0
платф:: 0
платф;: 0
платф<: 0
платф>: 0
платф$: 0
платф^: 0
платф1: 0
платф2: 0
платф3: 0
платф4: 0
платф5: 0
платф6: 0
платф7: 0
платф8: 0
платф9: 0
платф0: 0
платф: 554
платх: 0
платц: 0
платч: 0
платш: 0
платщ: 0
платъ: 0
платы: 0
плать: 0
платэ: 0
платю: 0
платя: 0
плат : 0
плат-: 0
плат': 0
плат": 0
плат.: 0
плат,: 0
плат#: 0
плат№: 0
плат(: 0
плат): 0
плат+: 0
плат=: 0
плат*: 0
плат&: 0
плат@: 0
плат!: 0
плат?: 0
плат|: 0
плат~: 0
плат`: 0
плат[: 0
плат]: 0
плат{: 0
плат}: 0
плат:: 0
плат;: 0
плат<: 0
плат>: 0
плат$: 0
плат^: 0
плат1: 0
плат2: 0
плат3: 0
плат4: 0
плат5: 0
плат6: 0
плат7: 0
плат8: 0
плат9: 0
плат0: 0
плат: 567
плау: 3
плаф: 0
плах: 0
плац: 0
плач: 0
плаш: 2
плащ: 0
плаъ: 0
плаы: 0
плаь: 0
плаэ: 0
плаю: 0
плая: 0
пла : 0
пла-: 0
пла': 0
пла": 0
пла.: 0
пла,: 0
пла#: 0
пла№: 0
пла(: 0
пла): 0
пла+: 0
пла=: 0
пла*: 0
пла&: 0
пла@: 0
пла!: 0
пла?: 0
пла|: 0
пла~: 0
пла`: 0
пла[: 0
пла]: 0
пла{: 0
пла}: 0
пла:: 0
пла;: 0
пла<: 0
пла>: 0
пла$: 0
пла^: 0
пла1: 0
пла2: 0
пла3: 0
пла4: 0
пла5: 0
пла6: 0
пла7: 0
пла8: 0
пла9: 0
пла0: 0
пла: 584
плб: 0
плв: 0
плг: 0
плд: 0
пле: 17
плё: 17
плж: 0
плз: 0
пли: 5
плй: 0
плк: 0
плл: 0
плм: 0
плн: 0
пло: 19
плп: 0
плр: 0
плс: 0
плт: 0
плу: 4
плф: 0
плх: 0
плц: 0
плч: 0
плш: 0
плщ: 0
плъ: 0
плы: 0
пль: 1
плэ: 0
плю: 3
пля: 1
пл : 0
пл-: 0
пл': 0
пл": 0
пл.: 3
пл,: 0
пл#: 0
пл№: 0
пл(: 0
пл): 0
пл+: 0
пл=: 0
пл*: 0
пл&: 0
пл@: 0
пл!: 0
пл?: 0
пл|: 0
пл~: 17
пл`: 17
пл[: 0
пл]: 0
пл{: 0
пл}: 0
пл:: 0
пл;: 0
пл<: 0
пл>: 3
пл$: 0
пл^: 0
пл1: 0
пл2: 0
пл3: 0
пл4: 0
пл5: 0
пл6: 0
пл7: 0
пл8: 0
пл9: 0
пл0: 0
пл: 634
пм: 3
пн: 0
поа: 0
поб: 8
пов: 13
пог: 15
под: 62
пое: 1
поё: 1
пож: 8
поз: 9
пои: 0
пой: 6
пок: 15
пол: 69
пом: 8
пон: 12
поо: 0
поп: 14
пор: 19
пос: 140
пот: 19
поу: 0
поф: 0
пох: 1
поц: 1
поч: 10
пош: 0
пощ: 0
поъ: 0
поы: 0
поь: 0
поэ: 0
пою: 0
поя: 4
по : 0
по-: 0
по': 0
по": 0
по.: 0
по,: 8
по#: 0
по№: 0
по(: 0
по): 0
по+: 0
по=: 0
по*: 0
по&: 0
по@: 0
по!: 0
по?: 0
по|: 0
по~: 1
по`: 1
по[: 1
по]: 0
по{: 1
по}: 0
по:: 8
по;: 8
по<: 8
по>: 0
по$: 0
по^: 0
по1: 0
по2: 0
по3: 0
по4: 0
по5: 0
по6: 0
по7: 0
по8: 0
по9: 0
по0: 0
по: 434
пп: 1
пр: 218
пс: 6
пт: 6
пу: 140
пф: 4
пх: 3
пц: 0
пч: 5
пш: 5
пщ: 0
пъ: 0
пы: 14
пь: 1
пэ: 1
пю: 2
пя: 21
п : 1
п-: 0
п': 1
п": 1
п.: 2
п,: 0
п#: 0
п№: 0
п(: 0
п): 0
п+: 0
п=: 0
п*: 0
п&: 0
п@: 0
п!: 0
п?: 0
п|: 0
п~: 201
п`: 201
п[: 3
п]: 0
п{: 3
п}: 0
п:: 0
п;: 0
п<: 0
п>: 2
п$: 0
п^: 0
п1: 0
п2: 0
п3: 0
п4: 0
п5: 0
п6: 0
п7: 0
п8: 0
п9: 0
п0: 0
п: 1993
раа: 2
раб: 7
рав: 6
раг: 1
рад: 28
рае: 2
раё: 2
раж: 0
раза: 0
разб: 0
разв: 5
разг: 2
разд: 14
разе: 0
разё: 0
разж: 1
разз: 0
рази: 3
разй: 0
разк: 0
разл: 3
разм: 1
разн: 0
разо: 1
разп: 0
разр: 1
разс: 0
разт: 0
разу: 1
разф: 0
разх: 0
разц: 0
разч: 0
разш: 0
разщ: 0
разъ: 5
разы: 0
разь: 1
разэ: 0
разю: 0
разя: 0
раз : 0
раз-: 0
раз'а: 0
раз'б: 0
раз'в: 0
раз'г: 0
раз'д: 0
раз'еа: 0
раз'еб: 0
раз'ев: 0
раз'ег: 0
раз'ед: 0
раз'ее: 0
раз'её: 0
раз'еж: 0
раз'еза: 0
раз'езб: 0
раз'езв: 0
раз'езг: 0
раз'езда: 0
раз'ездб: 0
раз'ездв: 0
раз'ездг: 0
раз'ездд: 0
раз'езде: 0
раз'ездё: 0
раз'ездж: 0
раз'ездз: 0
раз'езди: 0
раз'ездй: 0
раз'ездк: 0
раз'ездл: 0
раз'ездм: 0
раз'ездн: 0
раз'ездо: 0
раз'ездп: 0
раз'ездр: 0
раз'ездс: 0
раз'ездт: 0
раз'езду: 0
раз'ездф: 0
раз'ездх: 0
раз'ездц: 0
раз'ездч: 0
раз'ездш: 0
раз'ездщ: 0
раз'ездъ: 0
раз'езды: 0
раз'ездь: 0
раз'ездэ: 0
раз'ездю: 0
раз'ездя: 0
раз'езд а: 0
раз'езд б: 0
раз'езд в: 0
раз'езд г: 0
раз'езд д: 0
раз'езд е: 0
раз'езд ё: 0
раз'езд ж: 0
раз'езд з: 0
раз'езд и: 0
раз'езд й: 0
раз'езд к: 0
раз'езд л: 0
раз'езд м: 0
раз'езд н: 0
раз'езд о: 0
раз'езд п: 0
раз'езд р: 0
раз'езд с: 0
раз'езд т: 0
раз'езд у: 0
раз'езд ф: 0
раз'езд х: 0
раз'езд ц: 0
раз'езд ч: 0
раз'езд ш: 0
раз'езд щ: 0
раз'езд ъ: 0
раз'езд ы: 0
раз'езд ь: 0
раз'езд э: 0
раз'езд ю: 0
раз'езд я: 0
раз'езд  : 0
раз'езд -: 0
раз'езд ': 0
раз'езд ": 0
раз'езд .: 0
раз'езд ,: 0
раз'езд #: 0
раз'езд №: 0
раз'езд (: 0
раз'езд ): 0
раз'езд +: 0
раз'езд =: 0
раз'езд *: 0
раз'езд &: 0
раз'езд @: 0
раз'езд !: 0
раз'езд ?: 0
раз'езд |: 0
раз'езд ~: 0
раз'езд `: 0
раз'езд [: 0
раз'езд ]: 0
раз'езд {: 0
раз'езд }: 0
раз'езд :: 0
раз'езд ;: 0
раз'езд <: 0
раз'езд >: 0
раз'езд $: 0
раз'езд ^: 0
раз'езд 1: 66
раз'езд 2: 45
раз'езд 3: 41
раз'езд 4: 20
раз'езд 5: 12
раз'езд 6: 9
раз'езд 7: 13
раз'езд 8: 14
раз'езд 9: 11
раз'езд 0: 0
раз'езд : 231
раз'езд-: 0
раз'езд': 0
раз'езд": 0
раз'езд.: 0
раз'езд,: 0
раз'езд#: 0
раз'езд№: 0
раз'езд(: 0
раз'езд): 0
раз'езд+: 0
раз'езд=: 0
раз'езд*: 0
раз'езд&: 0
раз'езд@: 0
раз'езд!: 0
раз'езд?: 0
раз'езд|: 0
раз'езд~: 0
раз'езд`: 0
раз'езд[: 0
раз'езд]: 0
раз'езд{: 0
раз'езд}: 0
раз'езд:: 0
раз'езд;: 0
раз'езд<: 0
раз'езд>: 0
раз'езд$: 0
раз'езд^: 0
раз'езд1: 0
раз'езд2: 0
раз'езд3: 0
раз'езд4: 0
раз'езд5: 0
раз'езд6: 0
раз'езд7: 0
раз'езд8: 0
раз'езд9: 0
раз'езд0: 0
раз'езд: 231
раз'езе: 0
раз'езё: 0
раз'езж: 0
раз'езз: 0
раз'ези: 0
раз'езй: 0
раз'езк: 0
раз'езл: 0
раз'езм: 0
раз'езн: 0
раз'езо: 0
раз'езп: 0
раз'езр: 0
раз'езс: 0
раз'езт: 0
раз'езу: 0
раз'езф: 0
раз'езх: 0
раз'езц: 0
раз'езч: 0
раз'езш: 0
раз'езщ: 0
раз'езъ: 0
раз'езы: 0
раз'езь: 0
раз'езэ: 0
раз'езю: 0
раз'езя: 0
раз'ез : 0
раз'ез-: 0
раз'ез': 0
раз'ез": 0
раз'ез.: 0
раз'ез,: 0
раз'ез#: 0
раз'ез№: 0
раз'ез(: 0
раз'ез): 0
раз'ез+: 0
раз'ез=: 0
раз'ез*: 0
раз'ез&: 0
раз'ез@: 0
раз'ез!: 0
раз'ез?: 0
раз'ез|: 0
раз'ез~: 0
раз'ез`: 0
раз'ез[: 0
раз'ез]: 0
раз'ез{: 0
раз'ез}: 0
раз'ез:: 0
раз'ез;: 0
раз'ез<: 0
раз'ез>: 0
раз'ез$: 0
раз'ез^: 0
раз'ез1: 0
раз'ез2: 0
раз'ез3: 0
раз'ез4: 0
раз'ез5: 0
раз'ез6: 0
раз'ез7: 0
раз'ез8: 0
раз'ез9: 0
раз'ез0: 0
раз'ез: 231
раз'еи: 0
раз'ей: 0
раз'ек: 0
раз'ел: 0
раз'ем: 0
раз'ен: 0
раз'ео: 0
раз'еп: 0
раз'ер: 0
раз'ес: 0
раз'ет: 0
раз'еу: 0
раз'еф: 0
раз'ех: 0
раз'ец: 0
раз'еч: 0
раз'еш: 0
раз'ещ: 0
раз'еъ: 0
раз'еы: 0
раз'еь: 0
раз'еэ: 0
раз'ею: 0
раз'ея: 0
раз'е : 0
раз'е-: 0
раз'е': 0
раз'е": 0
раз'е.: 0
раз'е,: 0
раз'е#: 0
раз'е№: 0
раз'е(: 0
раз'е): 0
раз'е+: 0
раз'е=: 0
раз'е*: 0
раз'е&: 0
раз'е@: 0
раз'е!: 0
раз'е?: 0
раз'е|: 0
раз'е~: 0
раз'е`: 0
раз'е[: 0
раз'е]: 0
раз'е{: 0
раз'е}: 0
раз'е:: 0
раз'е;: 0
раз'е<: 0
раз'е>: 0
раз'е$: 0
раз'е^: 0
раз'е1: 0
раз'е2: 0
раз'е3: 0
раз'е4: 0
раз'е5: 0
раз'е6: 0
раз'е7: 0
раз'е8: 0
раз'е9: 0
раз'е0: 0
раз'е: 231
раз'ёа: 0
раз'ёб: 0
раз'ёв: 0
раз'ёг: 0
раз'ёд: 0
раз'ёе: 0
раз'ёё: 0
раз'ёж: 0
раз'ёза: 0
раз'ёзб: 0
раз'ёзв: 0
раз'ёзг: 0
раз'ёзда: 0
раз'ёздб: 0
раз'ёздв: 0
раз'ёздг: 0
раз'ёздд: 0
раз'ёзде: 0
раз'ёздё: 0
раз'ёздж: 0
раз'ёздз: 0
раз'ёзди: 0
раз'ёздй: 0
раз'ёздк: 0
раз'ёздл: 0
раз'ёздм: 0
раз'ёздн: 0
раз'ёздо: 0
раз'ёздп: 0
раз'ёздр: 0
раз'ёздс: 0
раз'ёздт: 0
раз'ёзду: 0
раз'ёздф: 0
раз'ёздх: 0
раз'ёздц: 0
раз'ёздч: 0
раз'ёздш: 0
раз'ёздщ: 0
раз'ёздъ: 0
раз'ёзды: 0
раз'ёздь: 0
раз'ёздэ: 0
раз'ёздю: 0
раз'ёздя: 0
раз'ёзд а: 0
раз'ёзд б: 0
раз'ёзд в: 0
раз'ёзд г: 0
раз'ёзд д: 0
раз'ёзд е: 0
раз'ёзд ё: 0
раз'ёзд ж: 0
раз'ёзд з: 0
раз'ёзд и: 0
раз'ёзд й: 0
раз'ёзд к: 0
раз'ёзд л: 0
раз'ёзд м: 0
раз'ёзд н: 0
раз'ёзд о: 0
раз'ёзд п: 0
раз'ёзд р: 0
раз'ёзд с: 0
раз'ёзд т: 0
раз'ёзд у: 0
раз'ёзд ф: 0
раз'ёзд х: 0
раз'ёзд ц: 0
раз'ёзд ч: 0
раз'ёзд ш: 0
раз'ёзд щ: 0
раз'ёзд ъ: 0
раз'ёзд ы: 0
раз'ёзд ь: 0
раз'ёзд э: 0
раз'ёзд ю: 0
раз'ёзд я: 0
раз'ёзд  : 0
раз'ёзд -: 0
раз'ёзд ': 0
раз'ёзд ": 0
раз'ёзд .: 0
раз'ёзд ,: 0
раз'ёзд #: 0
раз'ёзд №: 0
раз'ёзд (: 0
раз'ёзд ): 0
раз'ёзд +: 0
раз'ёзд =: 0
раз'ёзд *: 0
раз'ёзд &: 0
раз'ёзд @: 0
раз'ёзд !: 0
раз'ёзд ?: 0
раз'ёзд |: 0
раз'ёзд ~: 0
раз'ёзд `: 0
раз'ёзд [: 0
раз'ёзд ]: 0
раз'ёзд {: 0
раз'ёзд }: 0
раз'ёзд :: 0
раз'ёзд ;: 0
раз'ёзд <: 0
раз'ёзд >: 0
раз'ёзд $: 0
раз'ёзд ^: 0
раз'ёзд 1: 66
раз'ёзд 2: 45
раз'ёзд 3: 41
раз'ёзд 4: 20
раз'ёзд 5: 12
раз'ёзд 6: 9
раз'ёзд 7: 13
раз'ёзд 8: 14
раз'ёзд 9: 11
раз'ёзд 0: 0
раз'ёзд : 231
раз'ёзд-: 0
раз'ёзд': 0
раз'ёзд": 0
раз'ёзд.: 0
раз'ёзд,: 0
раз'ёзд#: 0
раз'ёзд№: 0
раз'ёзд(: 0
раз'ёзд): 0
раз'ёзд+: 0
раз'ёзд=: 0
раз'ёзд*: 0
раз'ёзд&: 0
раз'ёзд@: 0
раз'ёзд!: 0
раз'ёзд?: 0
раз'ёзд|: 0
раз'ёзд~: 0
раз'ёзд`: 0
раз'ёзд[: 0
раз'ёзд]: 0
раз'ёзд{: 0
раз'ёзд}: 0
раз'ёзд:: 0
раз'ёзд;: 0
раз'ёзд<: 0
раз'ёзд>: 0
раз'ёзд$: 0
раз'ёзд^: 0
раз'ёзд1: 0
раз'ёзд2: 0
раз'ёзд3: 0
раз'ёзд4: 0
раз'ёзд5: 0
раз'ёзд6: 0
раз'ёзд7: 0
раз'ёзд8: 0
раз'ёзд9: 0
раз'ёзд0: 0
раз'ёзд: 231
раз'ёзе: 0
раз'ёзё: 0
раз'ёзж: 0
раз'ёзз: 0
раз'ёзи: 0
раз'ёзй: 0
раз'ёзк: 0
раз'ёзл: 0
раз'ёзм: 0
раз'ёзн: 0
раз'ёзо: 0
раз'ёзп: 0
раз'ёзр: 0
раз'ёзс: 0
раз'ёзт: 0
раз'ёзу: 0
раз'ёзф: 0
раз'ёзх: 0
раз'ёзц: 0
раз'ёзч: 0
раз'ёзш: 0
раз'ёзщ: 0
раз'ёзъ: 0
раз'ёзы: 0
раз'ёзь: 0
раз'ёзэ: 0
раз'ёзю: 0
раз'ёзя: 0
раз'ёз : 0
раз'ёз-: 0
раз'ёз': 0
раз'ёз": 0
раз'ёз.: 0
раз'ёз,: 0
раз'ёз#: 0
раз'ёз№: 0
раз'ёз(: 0
раз'ёз): 0
раз'ёз+: 0
раз'ёз=: 0
раз'ёз*: 0
раз'ёз&: 0
раз'ёз@: 0
раз'ёз!: 0
раз'ёз?: 0
раз'ёз|: 0
раз'ёз~: 0
раз'ёз`: 0
раз'ёз[: 0
раз'ёз]: 0
раз'ёз{: 0
раз'ёз}: 0
раз'ёз:: 0
раз'ёз;: 0
раз'ёз<: 0
раз'ёз>: 0
раз'ёз$: 0
раз'ёз^: 0
раз'ёз1: 0
раз'ёз2: 0
раз'ёз3: 0
раз'ёз4: 0
раз'ёз5: 0
раз'ёз6: 0
раз'ёз7: 0
раз'ёз8: 0
раз'ёз9: 0
раз'ёз0: 0
раз'ёз: 231
раз'ёи: 0
раз'ёй: 0
раз'ёк: 0
раз'ёл: 0
раз'ём: 0
раз'ён: 0
раз'ёо: 0
раз'ёп: 0
раз'ёр: 0
раз'ёс: 0
раз'ёт: 0
раз'ёу: 0
раз'ёф: 0
раз'ёх: 0
раз'ёц: 0
раз'ёч: 0
раз'ёш: 0
раз'ёщ: 0
раз'ёъ: 0
раз'ёы: 0
раз'ёь: 0
раз'ёэ: 0
раз'ёю: 0
раз'ёя: 0
раз'ё : 0
раз'ё-: 0
раз'ё': 0
раз'ё": 0
раз'ё.: 0
раз'ё,: 0
раз'ё#: 0
раз'ё№: 0
раз'ё(: 0
раз'ё): 0
раз'ё+: 0
раз'ё=: 0
раз'ё*: 0
раз'ё&: 0
раз'ё@: 0
раз'ё!: 0
раз'ё?: 0
раз'ё|: 0
раз'ё~: 0
раз'ё`: 0
раз'ё[: 0
раз'ё]: 0
раз'ё{: 0
раз'ё}: 0
раз'ё:: 0
раз'ё;: 0
раз'ё<: 0
раз'ё>: 0
раз'ё$: 0
раз'ё^: 0
раз'ё1: 0
раз'ё2: 0
раз'ё3: 0
раз'ё4: 0
раз'ё5: 0
раз'ё6: 0
раз'ё7: 0
раз'ё8: 0
раз'ё9: 0
раз'ё0: 0
раз'ё: 231
раз'ж: 0
раз'з: 0
раз'и: 0
раз'й: 0
раз'к: 0
раз'л: 0
раз'м: 0
раз'н: 0
раз'о: 0
раз'п: 0
раз'р: 0
раз'с: 0
раз'т: 0
раз'у: 0
раз'ф: 0
раз'х: 0
раз'ц: 0
раз'ч: 0
раз'ш: 0
раз'щ: 0
раз'ъ: 0
раз'ы: 0
раз'ь: 0
раз'э: 0
раз'ю: 0
раз'я: 0
раз' : 0
раз'-: 0
раз'': 0
раз'": 0
раз'.: 0
раз',: 0
раз'#: 0
раз'№: 0
раз'(: 0
раз'): 0
раз'+: 0
раз'=: 0
раз'*: 0
раз'&: 0
раз'@: 0
раз'!: 0
раз'?: 0
раз'|: 0
раз'~: 0
раз'`: 0
раз'[: 0
раз']: 0
раз'{: 0
раз'}: 0
раз':: 0
раз';: 0
раз'<: 0
раз'>: 0
раз'$: 0
раз'^: 0
раз'1: 0
раз'2: 0
раз'3: 0
раз'4: 0
раз'5: 0
раз'6: 0
раз'7: 0
раз'8: 0
раз'9: 0
раз'0: 0
раз': 231
раз": 0
раз.: 0
раз,: 0
раз#: 0
раз№: 0
раз(: 0
раз): 0
раз+: 0
раз=: 0
раз*: 0
раз&: 0
раз@: 0
раз!: 0
раз?: 0
раз|: 0
раз~: 0
раз`: 0
раз[: 0
раз]: 5
раз{: 0
раз}: 5
раз:: 1
раз;: 1
раз<: 0
раз>: 0
раз$: 0
раз^: 0
раз1: 0
раз2: 0
раз3: 0
раз4: 0
раз5: 0
раз6: 0
раз7: 0
раз8: 0
раз9: 0
раз0: 0
раз: 269
раи: 0
рай: 12
рак: 15
рал: 0
рам: 8
ран: 4
рао: 0
рап: 2
рар: 0
рас: 21
рат: 7
рау: 5
раф: 1
рах: 7
рац: 0
рач: 6
раш: 0
ращ: 0
раъ: 0
раы: 0
раь: 0
раэ: 0
раю: 0
рая: 0
ра : 0
ра-: 0
ра': 0
ра": 0
ра.: 0
ра,: 7
ра#: 0
ра№: 0
ра(: 0
ра): 0
ра+: 0
ра=: 0
ра*: 0
ра&: 0
ра@: 0
ра!: 0
ра?: 0
ра|: 0
ра~: 2
ра`: 2
ра[: 7
ра]: 0
ра{: 7
ра}: 0
ра:: 0
ра;: 0
ра<: 7
ра>: 0
ра$: 0
ра^: 0
ра1: 0
ра2: 0
ра3: 0
ра4: 0
ра5: 0
ра6: 0
ра7: 0
ра8: 0
ра9: 0
ра0: 0
ра: 403
рб: 0
рв: 1
рг: 0
рд: 0
ре: 87
рё: 87
рж: 11
рз: 6
ри: 24
рй: 0
рк: 0
рл: 0
рм: 0
рн: 0
ро: 155
рп: 0
рр: 0
рс: 0
рт: 2
ру: 71
рф: 0
рх: 2
рц: 0
рч: 0
рш: 0
рщ: 0
ръ: 0
ры: 28
рь: 0
рэ: 3
рю: 2
ря: 29
р : 0
р-: 0
р': 3
р": 3
р.: 2
р,: 0
р#: 0
р№: 0
р(: 0
р): 0
р+: 0
р=: 0
р*: 0
р&: 0
р@: 0
р!: 0
р?: 0
р|: 0
р~: 87
р`: 87
р[: 2
р]: 0
р{: 2
р}: 0
р:: 11
р;: 11
р<: 0
р>: 2
р$: 0
р^: 0
р1: 0
р2: 0
р3: 0
р4: 0
р5: 0
р6: 0
р7: 0
р8: 0
р9: 0
р0: 0
р: 822
саа: 3
саб: 7
сав: 20
саг: 7
сад: 44
сае: 1
саё: 1
саж: 2
саз: 6
саи: 0
сай: 10
сак: 12
сал: 39
сам: 25
сан: 39
сао: 0
сап: 3
сар: 51
сас: 3
сат: 7
сау: 8
саф: 4
сах: 11
сац: 2
сач: 1
саш: 0
сащ: 0
саъ: 0
саы: 0
саь: 0
саэ: 0
саю: 0
сая: 3
са : 0
са-: 0
са': 0
са": 0
са.: 0
са,: 7
са#: 0
са№: 0
са(: 0
са): 0
са+: 0
са=: 0
са*: 0
са&: 0
са@: 0
са!: 0
са?: 0
са|: 0
са~: 1
са`: 1
са[: 11
са]: 0
са{: 11
са}: 0
са:: 2
са;: 2
са<: 7
са>: 0
са$: 0
са^: 0
са1: 0
са2: 0
са3: 0
са4: 0
са5: 0
са6: 0
са7: 0
са8: 0
са9: 0
са0: 0
са: 308
сб: 3
св: 59
сг: 1
сд: 0
се: 214
сё: 214
сж: 0
сз: 3
си: 91
сй: 0
ск: 56
сл: 62
см: 31
сн: 16
со: 234
сп: 29
ср: 9
сс: 0
ст: 245
су: 140
сф: 1
сх: 1
сц: 0
сч: 2
сш: 0
сщ: 0
съ: 0
сы: 22
сь: 0
сэ: 2
сю: 8
ся: 6
с : 1
с-: 4
с': 2
с": 2
с.: 9
с,: 3
с#: 0
с№: 0
с(: 0
с): 0
с+: 0
с=: 0
с*: 0
с&: 0
с@: 0
с!: 0
с?: 0
с|: 1
с~: 214
с`: 214
с[: 1
с]: 0
с{: 1
с}: 0
с:: 0
с;: 0
с<: 3
с>: 8
с$: 0
с^: 0
с1: 0
с2: 0
с3: 0
с4: 0
с5: 0
с6: 0
с7: 0
с8: 0
с9: 0
с0: 0
с: 1550
та: 234
тб: 4
тв: 5
тг: 0
тд: 0
те: 136
тё: 136
тж: 0
тз: 0
ти: 65
тй: 0
тк: 5
тл: 1
тм: 0
тн: 0
то: 127
тп: 0
тр: 108
тс: 0
тт: 0
ту: 130
тф: 0
тх: 2
тц: 0
тч: 2
тш: 0
тщ: 1
тъ: 0
ты: 26
ть: 0
тэ: 2
тю: 18
тя: 9
т : 0
т-: 0
т': 2
т": 2
т.: 18
т,: 4
т#: 0
т№: 0
т(: 0
т): 0
т+: 0
т=: 0
т*: 0
т&: 0
т@: 0
т!: 0
т?: 0
т|: 0
т~: 136
т`: 136
т[: 2
т]: 0
т{: 2
т}: 0
т:: 0
т;: 0
т<: 4
т>: 18
т$: 0
т^: 0
т1: 0
т2: 0
т3: 0
т4: 0
т5: 0
т6: 0
т7: 0
т8: 0
т9: 0
т0: 0
т: 874
уа: 1
уб: 8
ув: 7
уг: 26
уд: 18
уе: 2
уё: 2
уж: 8
уз: 15
уи: 1
уй: 7
ук: 14
ул: 55
ум: 9
ун: 23
уо: 0
уп: 7
ур: 56
ус: 66
ут: 22
уу: 1
уф: 3
ух: 4
уц: 0
уч: 16
уш: 14
ущ: 1
уъ: 0
уы: 0
уь: 0
уэ: 0
ую: 3
уя: 1
у : 0
у-: 0
у': 0
у": 0
у.: 3
у,: 8
у#: 0
у№: 0
у(: 0
у): 0
у+: 0
у=: 0
у*: 0
у&: 0
у@: 0
у!: 0
у?: 0
у|: 0
у~: 2
у`: 2
у[: 4
у]: 0
у{: 4
у}: 0
у:: 8
у;: 8
у<: 8
у>: 3
у$: 0
у^: 0
у1: 0
у2: 0
у3: 0
у4: 0
у5: 0
у6: 0
у7: 0
у8: 0
у9: 0
у0: 0
у: 388
ф: 148
ха: 115
хб: 0
хв: 8
хг: 0
хд: 0
хе: 34
хё: 34
хж: 0
хз: 0
хи: 18
хй: 0
хк: 0
хл: 15
хм: 8
хн: 0
хо: 97
хп: 1
хр: 23
хс: 0
хт: 0
ху: 27
хф: 0
хх: 0
хц: 0
хч: 0
хш: 0
хщ: 0
хъ: 0
хы: 2
хь: 1
хэ: 3
хю: 0
хя: 2
х : 0
х-: 0
х': 3
х": 3
х.: 0
х,: 0
х#: 0
х№: 0
х(: 0
х): 0
х+: 0
х=: 0
х*: 0
х&: 0
х@: 0
х!: 0
х?: 0
х|: 0
х~: 34
х`: 34
х[: 0
х]: 0
х{: 0
х}: 0
х:: 0
х;: 0
х<: 0
х>: 0
х$: 0
х^: 0
х1: 0
х2: 0
х3: 0
х4: 0
х5: 0
х6: 0
х7: 0
х8: 0
х9: 0
х0: 0
х: 354
ц: 92
ча: 75
чб: 0
чв: 0
чг: 0
чд: 0
че: 200
чё: 200
чж: 4
чз: 0
чи: 61
чй: 0
чк: 3
чл: 0
чм: 0
чн: 0
чо: 12
чп: 0
чр: 1
чс: 0
чт: 0
чу: 60
чф: 0
чх: 1
чц: 0
чч: 0
чш: 0
чщ: 0
чъ: 0
чы: 0
чь: 0
чэ: 0
чю: 1
чя: 0
ч : 0
ч-: 0
ч': 0
ч": 0
ч.: 1
ч,: 0
ч#: 0
ч№: 0
ч(: 0
ч): 0
ч+: 0
ч=: 0
ч*: 0
ч&: 0
ч@: 0
ч!: 0
ч?: 0
ч|: 0
ч~: 200
ч`: 200
ч[: 1
ч]: 0
ч{: 1
ч}: 0
ч:: 4
ч;: 4
ч<: 0
ч>: 1
ч$: 0
ч^: 0
ч1: 0
ч2: 0
ч3: 0
ч4: 0
ч5: 0
ч6: 0
ч7: 0
ч8: 0
ч9: 0
ч0: 0
ч: 418
ша: 113
шб: 0
шв: 10
шг: 0
шд: 0
ше: 68
шё: 68
шж: 0
шз: 0
ши: 55
шй: 0
шк: 12
шл: 6
шм: 3
шн: 3
шо: 34
шп: 10
шр: 0
шс: 0
шт: 7
шу: 61
шф: 0
шх: 0
шц: 0
шч: 1
шш: 0
шщ: 0
шъ: 0
шы: 1
шь: 0
шэ: 1
шю: 0
шя: 3
ш : 0
ш-: 0
ш': 1
ш": 1
ш.: 0
ш,: 0
ш#: 0
ш№: 0
ш(: 0
ш): 0
ш+: 0
ш=: 0
ш*: 0
ш&: 0
ш@: 0
ш!: 0
ш?: 0
ш|: 0
ш~: 68
ш`: 68
ш[: 0
ш]: 0
ш{: 0
ш}: 0
ш:: 0
ш;: 0
ш<: 0
ш>: 0
ш$: 0
ш^: 0
ш1: 0
ш2: 0
ш3: 0
ш4: 0
ш5: 0
ш6: 0
ш7: 0
ш8: 0
ш9: 0
ш0: 0
ш: 388
щ: 48
ъ: 0
ы: 2
ь: 0
э: 109
ю: 95
я: 195
 : 1
-: 0
': 109
": 109
.: 95
,аа: 0
,аб: 26
,ав: 1
,аг: 16
,ад: 24
,ае: 2
,аё: 2
,аж: 2
,аз: 15
,аи: 1
,ай: 32
,ак: 25
,ал: 60
,ам: 4
,ан: 9
,ао: 0
,ап: 0
,ар: 66
,ас: 17
,ат: 23
,ау: 3
,аф: 0
,ах: 14
,ац: 0
,ач: 3
,аш: 6
,ащ: 0
,аъ: 0
,аы: 0
,аь: 0
,аэ: 0
,аю: 2
,ая: 5
,а : 0
,а-: 0
,а': 0
,а": 0
,а.: 2
,а,: 26
,а#: 0
,а№: 0
,а(: 0
,а): 0
,а+: 0
,а=: 0
,а*: 0
,а&: 0
,а@: 0
,а!: 0
,а?: 0
,а|: 0
,а~: 2
,а`: 2
,а[: 14
,а]: 0
,а{: 14
,а}: 0
,а:: 2
,а;: 2
,а<: 26
,а>: 2
,а$: 0
,а^: 0
,а1: 0
,а2: 0
,а3: 0
,а4: 0
,а5: 0
,а6: 0
,а7: 0
,а8: 0
,а9: 0
,а0: 0
,а: 356
,б: 0
,в: 0
,г: 0
,д: 0
,е: 273
,ё: 273
,ж: 1
,з: 1
,и: 75
,й: 0
,к: 0
,л: 92
,м: 0
,н: 0
,о: 244
,п: 0
,р: 115
,с: 0
,т: 0
,у: 176
,ф: 0
,х: 0
,ц: 0
,ч: 0
,ш: 0
,щ: 0
,ъ: 0
,ы: 21
,ь: 3
,э: 2
,ю: 2
,я: 7
, : 0
,-: 0
,': 2
,": 2
,.: 2
,,: 0
,#: 0
,№: 0
,(: 0
,): 0
,+: 0
,=: 0
,*: 0
,&: 0
,@: 0
,!: 0
,?: 0
,|: 0
,~: 273
,`: 273
,[: 0
,]: 0
,{: 0
,}: 0
,:: 1
,;: 1
,<: 0
,>: 2
,$: 0
,^: 0
,1: 0
,2: 0
,3: 0
,4: 0
,5: 0
,6: 0
,7: 0
,8: 0
,9: 0
,0: 0
,: 1357
#: 0
№: 0
(: 0
): 0
+: 0
=: 0
*: 0
&: 0
@: 0
!: 0
?: 0
|: 0
~: 157
`: 157
[а: 115
[б: 0
[в: 8
[г: 0
[д: 0
[е: 34
[ё: 34
[ж: 0
[з: 0
[и: 18
[й: 0
[к: 0
[л: 15
[м: 8
[н: 0
[о: 97
[п: 1
[р: 23
[с: 0
[т: 0
[у: 27
[ф: 0
[х: 0
[ц: 0
[ч: 0
[ш: 0
[щ: 0
[ъ: 0
[ы: 2
[ь: 1
[э: 3
[ю: 0
[я: 2
[ : 0
[-: 0
[': 3
[": 3
[.: 0
[,: 0
[#: 0
[№: 0
[(: 0
[): 0
[+: 0
[=: 0
[*: 0
[&: 0
[@: 0
[!: 0
[?: 0
[|: 0
[~: 34
[`: 34
[[: 0
[]: 0
[{: 0
[}: 0
[:: 0
[;: 0
[<: 0
[>: 0
[$: 0
[^: 0
[1: 0
[2: 0
[3: 0
[4: 0
[5: 0
[6: 0
[7: 0
[8: 0
[9: 0
[0: 0
[: 354
]: 0
{а: 115
{б: 0
{в: 8
{г: 0
{д: 0
{е: 34
{ё: 34
{ж: 0
{з: 0
{и: 18
{й: 0
{к: 0
{л: 15
{м: 8
{н: 0
{о: 97
{п: 1
{р: 23
{с: 0
{т: 0
{у: 27
{ф: 0
{х: 0
{ц: 0
{ч: 0
{ш: 0
{щ: 0
{ъ: 0
{ы: 2
{ь: 1
{э: 3
{ю: 0
{я: 2
{ : 0
{-: 0
{': 3
{": 3
{.: 0
{,: 0
{#: 0
{№: 0
{(: 0
{): 0
{+: 0
{=: 0
{*: 0
{&: 0
{@: 0
{!: 0
{?: 0
{|: 0
{~: 34
{`: 34
{[: 0
{]: 0
{{: 0
{}: 0
{:: 0
{;: 0
{<: 0
{>: 0
{$: 0
{^: 0
{1: 0
{2: 0
{3: 0
{4: 0
{5: 0
{6: 0
{7: 0
{8: 0
{9: 0
{0: 0
{: 354
}: 0
:: 232
;: 232
<аа: 0
<аб: 26
<ав: 1
<аг: 16
<ад: 24
<ае: 2
<аё: 2
<аж: 2
<аз: 15
<аи: 1
<ай: 32
<ак: 25
<ал: 60
<ам: 4
<ан: 9
<ао: 0
<ап: 0
<ар: 66
<ас: 17
<ат: 23
<ау: 3
<аф: 0
<ах: 14
<ац: 0
<ач: 3
<аш: 6
<ащ: 0
<аъ: 0
<аы: 0
<аь: 0
<аэ: 0
<аю: 2
<ая: 5
<а : 0
<а-: 0
<а': 0
<а": 0
<а.: 2
<а,: 26
<а#: 0
<а№: 0
<а(: 0
<а): 0
<а+: 0
<а=: 0
<а*: 0
<а&: 0
<а@: 0
<а!: 0
<а?: 0
<а|: 0
<а~: 2
<а`: 2
<а[: 14
<а]: 0
<а{: 14
<а}: 0
<а:: 2
<а;: 2
<а<: 26
<а>: 2
<а$: 0
<а^: 0
<а1: 0
<а2: 0
<а3: 0
<а4: 0
<а5: 0
<а6: 0
<а7: 0
<а8: 0
<а9: 0
<а0: 0
<а: 356
<б: 0
<в: 0
<г: 0
<д: 0
<е: 273
<ё: 273
<ж: 1
<з: 1
<и: 75
<й: 0
<к: 0
<л: 92
<м: 0
<н: 0
<о: 244
<п: 0
<р: 115
<с: 0
<т: 0
<у: 176
<ф: 0
<х: 0
<ц: 0
<ч: 0
<ш: 0
<щ: 0
<ъ: 0
<ы: 21
<ь: 3
<э: 2
<ю: 2
<я: 7
< : 0
<-: 0
<': 2
<": 2
<.: 2
<,: 0
<#: 0
<№: 0
<(: 0
<): 0
<+: 0
<=: 0
<*: 0
<&: 0
<@: 0
<!: 0
<?: 0
<|: 0
<~: 273
<`: 273
<[: 0
<]: 0
<{: 0
<}: 0
<:: 1
<;: 1
<<: 0
<>: 2
<$: 0
<^: 0
<1: 0
<2: 0
<3: 0
<4: 0
<5: 0
<6: 0
<7: 0
<8: 0
<9: 0
<0: 0
<: 1357
>: 95
$: 0
^: 0
1: 8
2: 4
3: 9
4: 17
5: 0
6: 0
7: 0
8: 1
9: 0
0: 0
total nodes: 22778
Аакре: 0
Аален: 0
Аардла: 0
Аахен Гл: 0
Абабково: 0
Абагур-Лесной: 0
Абагуровский: 0
Абадан: 2
Абадан-1: 0
Абадан-2: 0
Абадзехская: 0
Абаевский: 0
Абаза: 0
Абазинка: 0
Абазовка: 0
Абаил: 0
Абакан: 6
Абаклия: 0
Абакумовка: 2
Абалаково: 0
Абамеликово: 0
Абаша: 0
Абганерово: 0
Абдикеево: 0
Абдулино: 67
Абинская: 64
Аблык: 0
Абово: 0
Абовян: 0
Абрамиха: 0
Абрамовка: 0
Абрамцево: 0
Абросимово: 0
Абросово: 2
Абыла: 2
Авраамовская: 0
Авадан: 0
Аван: 0
Авангард: 0
Августовский: 0
Авда: 4
Авдеевка: 0
Авдон: 0
Аверкино: 0
Аверьяновка: 1
Авиационная: 0
Авигнон: 0
Авилово: 2
Аврора: 5
Авсюнино: 0
Автобаза: 0
Автобаза: 0
Автозавод: 0
Автоприбор: 0
Автостанция: 0
Авчала: 0
Помыслище: 0
Ага: 2
Агара: 0
Агарзя: 0
Агбент: 0
Агдам: 0
Агин: 0
Агириш: 0
Аглона: 0
Агролес: 0
Агроном: 0
Агрыз: 66
Агудзера: 0
Агул: 2
Агур-Кархана: 0
Адамово: 0
Адровка: 0
Адабаш: 2
Ададурово: 2
Ададым: 0
Адамовское: 0
Адамполь: 8
Адарка: 0
Аджамети: 0
Аджатар: 0
Аджибугут: 0
Аджуд: 6
Адзюбжа: 0
Адикаевка: 0
Адищево: 0
Адлер: 140
Адмиралтейская Слобода: 0
Адникан: 2
Адо-Тымово: 2
Адорф(Фогтл): 0
Адриановка: 2
Адуй: 0
Адыр: 4
Ажинияз: 2
Аза: 0
Азадыкенд: 0
Азанка: 2
Азарово: 0
Азат: 8
Азатлык: 0
Азей: 0
Азиатская: 0
Азино: 0
Азобичи: 0
Азов: 0
Азовская: 0
Азотная: 0
Азям: 0
Аиртау: 0
Ай: 0
Ай-Ягун: 0
Айамаа: 0
Айвазовская: 0
Айвазовский: 0
Айгаван: 0
Айгир: 0
Айгыржал: 4
Айдарлы: 2
Айдынг: 0
Айдырля: 9
Айзкраукле: 0
Айка: 0
Айке: 8
Айна-Булак: 10
Айнак: 0
Айни: 0
Айрите: 0
Айрум: 0
Айрыктас: 0
Айрытам: 0
Айса: 10
Айсары: 2
Айтек: 2
Айтеке Би: 14
Айюва: 0
Ак Тобе: 2
Ак-Булак: 0
Ак-Булат: 4
Ак-Кистау: 12
Ак-Куль: 30
Ак-Узяк: 2
Ак-Чулак: 2
Академгородок: 0
Академическая: 0
Академическая: 0
Акадыр: 34
Акалтын: 0
Акара: 0
Акармара: 0
Акарп: 0
Акбалык: 8
Акбарабад: 0
Акбаш: 0
Акбобек: 2
Акдала: 2
Акджагуйма: 0
Акен(Элбе): 0
Акеспе: 2
Акжайдак: 4
Акжайык: 0
Акжар: 0
Акжар: 2
Акжигит: 2
Акимо-Анненка: 0
Акимовка: 9
Аккавак: 0
Аккаржа: 5
Аккахарью: 0
Аккемер: 6
Аккудык: 9
Аккудык: 8
Аккум: 8
Акмая: 0
Акмяне: 8
Акнан: 4
Акон'Ярви: 0
Акри: 0
Акс: 0
Аксай: 0
Аксака: 2
Аксаково: 67
Аксаматово: 0
Аксарайская: 26
Аксарайская 2: 0
Аксариха: 0
Аксенгер: 0
Аксениха: 2
Аксеново: 4
Акстафа: 0
Аксу: 4
Аксу 1: 4
Аксу 2: 6
Аксуат: 2
Аксув: 0
Аксютовка: 0
Актай: 2
Актай: 0
Актайлак: 0
Актас: 2
Актасты: 12
Актау: 5
Актаутас: 2
Акташ: 0
Актобе: 34
Актогай: 32
Актогай Восточный: 2
Аку: 0
Акуаскиа: 0
Акуличи: 0
Акулово: 0
Акульшет: 0
Акур: 2
Акура: 0
Акча: 0
Акчуринский: 0
Акшагыл: 16
Акшокат: 2
Акыр-Тюбе: 2
Акьяка: 0
Александрия: 0
Александровка: 0
Алёнушка: 0
Алеща: 0
Алма-Ата: 63
Алма-Ата 2: 43
Ала-Айгир: 12
Ала-Тау: 0
Алабас: 4
Алабашлы: 0
Алабино: 0
Алабушево: 0
Алаверди: 0
Аладаш: 0
Алажиде: 10
Алакуль: 0
Алакуртти: 0
Алалампи: 2
Аламбай: 0
Аламбаш: 0
Аланап: 2
Аланда: 0
Алань: 0
Алапаевск: 0
Алат: 2
Алатту: 0
Алатун: 0
Алатырь: 10
Алашанькоу: 5
Алба Юлия: 0
Албаба: 0
Албаши: 0
Алга: 16
Алгабас: 6
Алгаин: 0
Алгашет: 0
Алдан: 3
Алдарово: 0
Алды: 0
Алебастровая: 0
Алебастрово: 0
Алейская: 11
Александрино: 0
Александрия: 53
Александрия-Ровенская: 0
Александро-Невская: 8
Александров: 48
Александров 1: 48
Александров 2: 0
Александров Гай: 0
Александров Куявский: 0
Александровка: 0
Александровка: 0
Александровка: 0
Александровка: 0
Александровка: 0
Александровка: 0
Александровка: 0
Александровка: 0
Александровка: 0
Александровка: 0
Александровская: 0
Александровская-Финлян: 0
Александровский: 4
Александрополис: 0
Алексеевка: 8
Алексеевская: 0
Алексиково: 16
Алексин: 0
Алексинак: 0
Алексино: 0
Алексэндрень: 2
Аленевка: 0
Алеур: 0
Алешево: 0
Алешинка: 0
Алешино: 0
Алжан: 4
Алзамай: 19
Алзэу: 0
Аликент: 0
Алисово: 0
Алитус: 0
Алияга: 3
Алкау: 4
Алкино: 0
Аллагуват: 0
Алма-Ата 1: 53
Алмазар: 0
Алмало: 0
Алмашфьюзито: 0
Алнаши: 0
Алной Аймериес: 0
Алонка: 2
Алонский: 0
Алотене: 0
Алпатово: 7
Алпатьево: 0
Алтай: 0
Алтайсельмаш: 0
Алтайская: 26
Алтайская Площадка: 0
Алтата: 2
Алтенбекен: 0
Алтуховка: 0
Алтухово: 0
Алты-Кудук: 0
Алтыарык: 0
Алтын Сахра: 0
Алтын-Таш: 0
Алтынай: 0
Алтындала: 2
Алтынколат: 4
Алтынколь: 4
Алтынколь(Гр): 0
Алтынкуль: 0
Алтыновка: 7
Алтынсарин: 6
Алтынтау: 2
Алтышево: 0
Алуксне: 0
Алферово: 0
Алферово: 0
Алфимово: 0
Алхо: 2
Алчан: 0
Альба: 2
Альборг: 0
Альвитас: 8
Альксненай: 8
Альмеж: 4
Альметьевская: 4
Альмухамедово: 3
Альтдорф: 0
Альтенбург: 0
Альтоетинг: 0
Альфельд(Лайне): 0
Алябьево: 6
Алят-Главная: 0
Алят-Новая: 0
Амазар: 17
Амаляй: 14
Амангельды: 6
Аманкарагай: 8
Амбарный: 12
Амбары: 0
Амвросиевка: 0
Амган: 2
Амгунь: 2
Амерсфорт: 0
Аметхан-Султан: 0
Амзя: 8
Аминдеон: 0
Амировка: 0
Амосово: 0
Амре: 0
Амстердам: 0
Амстеттен: 0
Амта Рзд: 0
Амузанг: 0
Амур: 0
Амурская: 0
Амурский Залив: 0
Амут: 2
Амшор: 2
Амыдеря: 0
Андреевичи: 0
Антоновка: 0
Антополь: 0
Антополь: 19
Анусино: 0
Ана-Куль: 2
Анамакит: 0
Анамжак: 0
Ананси: 3
Анапа: 141
Анар: 26
Анастасьевка: 0
Анатолий: 0
Анатольская: 0
Анбашская: 0
Ангаракан: 0
Ангарич: 2
Ангарск: 35
Ангасолка: 0
Ангаты: 4
Ангелинская: 0
Ангеловка: 0
Ангелхолм: 0
Ангермюнде: 0
Ангоя: 6
Ангрен: 0
Андижан 1: 16
Андижан 2: 0
Андижан Южный: 0
Андома: 0
Андосово: 0
Андреаполь: 0
Андреевка: 0
Андреевка: 0
Андреево: 0
Андреедмитриевка: 0
Андрейшур: 0
Андреяшевка: 4
Андриановичи: 2
Андриановская: 0
Андрусово: 0
Андрушевка: 0
Анев: 0
Анены: 4
Анжерская: 44
Анжерская-Западная: 0
Анзеби: 14
Ани: 0
Аникеевка: 0
Аникино: 0
Анилиновая: 0
Анисимовка: 0
Анисовка: 6
Анисово: 0
Анкара: 0
Анкудиновка: 0
Анна: 0
Аннаберг-Бухолз: 0
Анне: 0
Анненково: 0
Анненск: 0
Анновка: 0
Аносово: 0
Аносовская: 6
Аношкино: 0
Анрахай: 8
Ансбах: 0
Антабары: 0
Антверпен Зоне: 0
Антибесский: 0
Антипиха: 0
Антонины: 0
Антонины Петровой: 0
Антоновка: 0
Антоновка: 2
Антоновка: 0
Антрацит: 0
Антропово: 0
Антропово: 19
Антропшино: 0
Антсла: 0
Анужяй: 0
Анучино: 0
Анциферово: 0
Анциферово-Мологское: 2
Апалоновка: 0
Апака: 0
Апановка: 4
Апатиты 1: 21
Апгулде: 0
Апетенок: 0
Апнерка: 0
Аполлонская: 21
Апостолово: 24
Аппаратная: 0
Аппенвайер: 0
Апраксин: 0
Апрелевка: 0
Апрелково: 0
Апсалямово: 0
Апсаны: 0
Апшеронская: 0
Апшупе: 0
Артем: 2
Архангельск: 30
Артем Приморский 1: 0
Архангельск Город: 28
Арабатук: 2
Арабкир: 0
Араблинский: 0
Арагац: 0
Арад: 0
Арайши: 0
Аракаево: 0
Аракс: 0
Арал-Кум: 8
Аральское Море: 24
Арамиль: 0
Арамогойтуй: 2
Аранец: 7
Аранчи: 0
Арарат: 0
Арасланово: 0
Арбеково: 0
Арбузовка: 0
Арбузово: 5
Арга: 4
Аргаза: 0
Арганаты: 4
Аргаяш: 7
Арги-Паги: 2
Аргиджек: 0
Аргос: 0
Аргун: 4
Аргуновский: 0
Ардава: 0
Ардатов: 0
Ардаши: 0
Ардым: 0
Ареда: 0
Аремзянка: 0
Арзамас 1: 15
Арзамас 2: 41
Арзамас Город: 56
Арзинка: 0
Арик: 0
Аристово: 0
Арка: 8
Аркадак: 43
Аркалык: 6
Аркарлы: 6
Аркач: 0
Аркино: 0
Аркум: 0
Арламовская Воля: 0
Арлюк: 0
Армавир: 98
Армавир Арм.Ж.Д.: 0
Армавир Ростовский: 66
Армавир Туапсинский: 40
Арменки: 0
Армязь: 0
Армянск: 0
Арнольдстейн: 0
Арнсдорф (Под Дрездено: 0
Арнхем: 0
Ароматная: 0
Арсаки: 0
Арсаул: 0
Арсентьевка: 2
Арсеньев: 0
Арсеньево: 0
Арсеньевский: 0
Арск: 4
Артаково: 0
Арташат: 0
Артезиан: 10
Артем Приморский 2: 0
Артем Приморский 3: 0
Артемовка: 0
Артемовка: 0
Артемово: 0
Артемовск 1: 0
Артемовск 2: 2
Артени: 0
Артеушка: 2
Артик: 0
Артык: 0
Артышта: 21
Артышта 1: 0
Артышта 2: 5
Арукюла: 0
Архара: 17
Архарлы: 2
Архиповка: 0
Архус: 0
Арцыз: 7
Арчалы: 0
Арчеда: 22
Арчикой: 0
Арчман: 0
Арчут: 0
Арык: 0
Арыкбаши: 0
Арыстансор: 2
Арысь: 46
Арысь 1: 18
Арысь 2: 30
Арья: 0
Асановский: 0
Асеевка: 0
Асино: 0
Осиповичи-1: 110
Осиповичи-2: 0
Осиповичи-3: 0
Советский: 0
Юбилейный: 0
Асаново: 2
Асари: 0
Асбест: 0
Асеевская: 2
Асекеево: 0
Аселье: 0
Асеновград: 0
Асино: 2
Аскеран: 0
Аскиз: 2
Асланово: 0
Аспара: 4
Асса: 2
Ассаке: 0
Астазур: 0
Астана: 96
Астапковичи: 0
Астара: 0
Астаховка: 7
Асторп: 0
Астраханка: 0
Астраханский Переезд: 0
Астрахань 1: 22
Астрахань 2: 0
Астрачи: 0
Асхафенбург Гл: 0
Атаман: 0
Атамановка: 0
Атасу: 8
Аташиене: 0
Атбасар: 16
Атбулак: 0
Атгазене: 0
Атер: 0
Атиг: 0
Аткарск: 27
Атлашкино: 0
Атрат: 0
Аттнанг-Пучхейм: 0
Атыгай: 0
Атыково: 0
Атымья: 4
Атырау: 26
Атьма: 0
Атюхта: 0
Атяшево: 1
Аульс: 0
Ау(Сиг): 0
Аувере: 0
Аугсбург Гл: 0
Аугустов: 4
Аул: 8
Аулендорф: 0
Аур: 4
Аури: 0
Аусеклис: 0
Ауце: 0
Ауэ (Сакс): 0
Афанасьево: 2
Афанасьевский: 0
Афапостик: 0
Афины: 0
Афипская: 0
Африканда: 8
Афросимовский: 0
Ахалдаба: 0
Ахалцихе: 0
Ахангаран: 0
Ахашени: 0
Ахметьево: 0
Ахпат: 0
Ахпун: 0
Ахтала: 0
Ахтари: 0
Ахтуба: 2
Ахтырка: 0
Ахтырская: 6
Ахун: 0
Ахунбабаева: 0
Ахурян: 0
Ацвеж: 0
Ацкури: 0
Ацоне: 0
Ачакс: 0
Ачи: 0
Ачигвари: 0
Ачинск 1: 55
Ачинск 2: 0
Ачка: 0
Ачкасово: 0
Аша: 38
Ашау Чимгау: 0
Ашгабад: 0
Аше: 0
Ашеберг(Холст): 0
Ашево: 6
Ашкадар: 0
Ашмарино: 0
Ашукинская: 0
Ашулук: 12
Аще-Бутак: 0
Ащелисайская: 2
Ащи-Голь: 2
Ащису: 0
Ащыозек: 4
Аэгвийду: 0
Аэродром: 0
Аэродром 2: 0
Аэродром 6: 0
Аэрозольный: 0
Аэропорт: 0
Аэропорт: 0
Аэропорт: 0
Аэропорт Кневичи: 0
Аэропорт Кольцово: 0
Аэропорт Сочи: 0
Аэропорт Шереметьево: 0
Аэропорт-Домодедово: 0
Аэрофлот: 0
Аягоз: 17
Аям: 6
Аяпберген: 2
Аять: 0
Аячи: 0
А-Курумоч: 0
Бобруйск: 64
Бобруйск: 64
Бабино: 0
Бабичи: 0
Березина: 0
Дедново: 0
Киселевичи: 0
Бабадурмаз: 0
Бабаево: 26
Бабаковка: 2
Бабанаково: 0
Бабариковская: 0
Бабарыкино: 0
Бабатай: 10
Бабаюрт: 0
Бабаяров: 0
Бабенково: 0
Бабики: 0
Бабино: 0
