total nodes: 22778
total nodes: 935
Авраамовская: 0
Помыслище: 0
Адамово: 0
Адровка: 0
Александрия: 0
Александровка: 0
Алёнушка: 0
Алеща: 0
Андреевичи: 0
Антоновка: 0
Антополь: 0
Антополь: 19
Анусино: 0
Апалоновка: 0
Асановский: 0
Асеевка: 0
Асино: 0
Осиповичи-1: 110
Осиповичи-2: 0
Осиповичи-3: 0
Советский: 0
Юбилейный: 0
Аульс: 0
Бобруйск: 64
Бобруйск: 64
Бабино: 0
Бабичи: 0
Березина: 0
Дедново: 0
Киселевичи: 0
Барановичи: 159
Барановичи-Полесские: 94
Баравуха: 0
Барановичи-Северные: 0
Барановичи-Центральные: 73
Баркалабово: 0
Барсуки: 0
Барсуки: 0
Борисов: 63
Локомотивное депо: 0
Бастуны: 0
Батали: 0
Батча: 0
Берёза: 48
Безверховичи: 0
Беларусь: 85
Белогруда: 0
Белоозерск: 0
Белосельский: 0
Белынковичи: 0
Бель: 0
Бениславского: 0
Беняконе: 0
Бережа: 0
Бережок: 0
Берёза-Город: 48
Берёза-Картузская: 16
Березина: 0
Березинское: 0
Берёзки: 0
Берёзовая роща: 0
Берёзовцы: 0
Берестовица: 0
Бибковщина: 0
Бигосово: 8
Бирюличи: 0
Благовичи: 0
Блажевщина: 0
Блужа: 0
Бобр: 0
Бобрич: 0
Бобры: 0
Бобры: 0
Богданов: 17
Богутичи: 0
Богушевка: 0
Богушевская: 28
Бокуны: 0
Больница: 0
Бони: 0
Борки: 0
Борковичи: 0
Боровая: 0
Боровка: 0
Боровое: 0
Боровцы: 0
Борок: 0
Борречье: 0
Бостынь: 0
Бояры: 0
Брест: 134
Брест-Центральный: 97
Брест-Восточный: 0
Брест-Полесский: 0
Брест-Северный: 0
Брест-Южный: 0
Бринево: 0
Брицаловичи: 0
Бродище: 0
Брожа: 0
Бронислав: 0
Бронная Гора: 15
Брузги: 0
Скоки: 0
Юго-Запад: 0
Буда-Кошелевская: 43
Будотень: 0
Будслав: 7
Буды: 0
Буйничи: 0
Бумажково: 0
Бурбин: 0
Буслы: 0
Бухличи: 0
Бушевка: 0
Бытень: 0
Быхов: 28
Бычиха: 0
Ванилевичи: 0
Василевичи: 34
Васьковщизна: 0
Волковыск-Город: 25
Волковыск-Центральный: 0
Ведрич: 0
Веленский: 0
Вендеж: 0
Вендриж: 0
Верасы: 0
Верба: 0
Верейцы: 0
Веремейки: 0
Вереньки: 0
Веретеи: 0
Веровойша: 0
Верхи: 0
Верхнедвинск: 8
Верхутино: 0
Веселовский: 0
Ветрино: 11
Видибор: 10
Вилейка: 9
Вирский: 0
Витебск-Пассажирский: 65
Гришаны: 0
Зенит: 0
Чепино: 0
Влодава: 0
Войгяны: 0
Войтешин: 0
Войтковичи: 0
Воловники: 0
Володьки: 0
Воложин: 17
Волоки: 0
Волосковня: 0
Волотова: 0
Волчковичи: 0
Воничи: 0
Вороново: 0
Воропаево: 0
Воротище: 0
Восток: 0
Вулька Антопольская: 0
Вулька Лунинецкая: 0
Выгода: 0
Выдерщина: 0
Выдрея: 0
Вылазы: 0
Высоко-Литовск: 0
Высокое-Город: 0
Вязынка: 0
Вятны: 0
Гавья: 17
Гай: 0
Ганцевичи: 19
Гаути: 0
Городок: 15
Рассвет: 0
Геолог: 0
Гибуличи: 0
Глебова Рудня: 0
Глубокое: 10
Глушанино: 0
Глядки: 0
Гомель: 124
Годутишки: 3
Голевицы: 0
Голошевка: 0
Голынец: 0
Голынка: 0
Гомель-Нечётный: 0
Гомель-Северный: 0
Гомель-Чётный: 0
Гомоновка: 0
Гончары: 0
Городец: 14
Городея: 42
Городище: 0
Городнянский: 0
Городщина: 0
Горожа: 0
Горочичи: 0
Горынь: 14
Горяны: 9
Мильча: 0
Никольский Переезд: 0
Новобелицкая: 43
Погодино: 13
Светоч: 0
Сож: 0
Центролит: 0
Гродно: 48
Грабовка: 0
Гребнево: 0
Грибачи: 0
Гриньки: 0
Грицевец: 0
Гродзянка: 0
Грушевка: 0
Гряда: 0
Лососно: 0
Полесский парк: 0
Пригородный: 0
Гудогай: 35
Гуды: 0
Гута: 1
Гутно: 0
Далекий: 0
Данилов Мост: 0
Даниловцы: 0
Дараганово: 12
Дарливое: 0
Дары: 0
Дачная: 0
Дачное: 0
Дачный: 0
Дашковка: 0
Дворец: 0
Дегтяны: 0
Дедовка: 0
Демехи: 0
Депо: 0
Деповской: 0
Деревцы: 0
Детковичи: 0
Дзержинск: 0
Койданово: 58
Дикаловка: 0
Дитва: 0
Дитрики: 0
Добрино: 0
Добруш: 18
Довгердишки: 0
Должа: 0
Доманово: 16
Домановский: 0
Домачево: 0
Домашаны: 0
Домашевичи: 0
Дрануха: 0
Дребск: 0
Дретунь: 0
Дричин: 0
Дрогичин: 18
Дрогичин-Город: 23
Друть: 11
Друя: 1
Дубица: 0
Дубно: 0
Дубновичи: 0
Дубок: 0
Дубравы: 0
Дубровичи: 0
Дударево: 0
Дудичи: 0
Дятловичи: 0
Дятлово: 0
Езерище: 10
Елизово: 15
Ельск: 0
Еремино: 0
Ермоловка: 0
Ёткишки: 0
Жлобин: 81
Жабинка: 69
Ждановичи: 0
Железница: 0
Железнодорожный: 0
Желудок: 0
Жемчужина: 0
Жердь: 0
Жеребковичи: 0
Жестянка: 0
Жефарово: 5
Жиличи: 0
Житковичи: 16
Житомля: 17
Жлобин-Западный: 0
Жлобин-Подольский: 0
Жлобин-Северный: 0
Жлобин-Сортировочный: 0
Жодино: 59
Жодино-Южное: 0
Журавинка: 0
Журавинка: 0
Журбин: 0
Журки: 0
Сахарный завод: 0
Забабье: 0
Забозье: 0
Заболотинка: 0
Завадичи: 0
Загатье: 10
Загорбатье: 0
Загорье: 0
Загродье: 0
Задрутье: 0
Зазерка: 0
Заказанка: 0
Закопытье: 0
Закрутин: 0
Залесская Слобода: 0
Залесье: 0
Заличинка: 0
Залучье: 0
Замосточье: 0
Замошье: 0
Замошье: 0
Замужанье: 0
Заозерщина: 0
Заольша: 0
Западное: 0
Заполье: 0
Заречное: 0
Засковичи: 0
Заслоново: 0
Защобье: 0
Хмелевка: 0
Збунин: 0
Звезда: 0
Звёздный: 0
Зелёное: 0
Зелёный остров: 0
Зельва: 15
Знаменка: 0
Зори: 0
Зубки: 0
Зубры: 0
Зябки: 10
Зябровка: 0
Зябы: 0
Иваки: 0
Ивацевичи: 46
Ивная: 0
Янов-Полесский: 23
Идолты: 1
Избынь: 0
Илово: 0
Институт Культуры: 0
Ипуть: 0
Исса: 0
Истопки: 0
Кабаки: 0
Казимирово: 0
Калинковичи: 58
Каледино: 0
Калий-1: 0
Калий-3: 13
Калининский: 0
Калинковичи-Восточные: 0
Калинковичи-Западные: 0
Калинковичи-Южные: 0
Калыбовка: 0
Мелькомбинат: 0
Камайка: 0
Каменка: 0
Каменная: 0
Камень: 0
Каплица: 0
Кастрычник: 0
Коммунары: 15
Кацуры: 0
Качаново: 0
Кветка: 0
Киреево: 0
Кирьяновцы: 0
Кледневичи: 0
Кленки: 0
Клецк: 0
Климовичи: 15
Клинск: 0
Клишевичи: 0
Клочки: 0
Клыповщина: 0
Княгинин: 9
Княжица: 0
Князюковцы: 0
Кобелка: 0
Кобрин: 21
Ковали: 0
Кодень: 0
Козенки: 14
Козловичи: 0
Козлякевичи: 0
Колодищи: 0
Колосово: 0
Колядичи: 0
Комаровка: 0
Комарово: 0
Константинов Двор: 6
Копань: 0
Копты: 0
Копцевичи: 13
Копысь: 14
Кореневка: 0
Коржевка: 0
Коробчицы: 0
Коровышень: 0
Коссово-Полесское: 0
Костени: 0
Костюковка: 0
Коханово: 0
Кошелево: 0
Кошь: 0
Кравцовка: 0
Краево: 0
Красная Буда: 0
Красная Горка: 0
Красновка: 0
Красное Знамя: 0
Красноручье: 0
Красный Берег: 29
Красный Бережок: 0
Красный Брод: 0
Крестьянка: 0
Кривичи: 7
Криница: 0
Криничино: 0
Кричев-1: 34
Кричев-2: 0
Крошин: 0
Круглица: 0
Круговец: 0
Крулевщизна: 23
Крупки: 39
Новая Жизнь: 0
Крыжовка: 0
Крынки: 0
Ксты: 7
Кулени: 0
Кульгаи: 0
Кульшичи: 0
Курасовщина: 0
Курган: 0
Куренец: 0
Куток: 0
Кучкуны: 0
Лазовики: 0
Лазурная: 0
Лапичи: 0
Ларищево: 0
Ластоянцы: 0
Лахва: 20
Лебяды: 0
Лебяжий: 0
Лемница: 0
Ленинодар: 0
Лепель: 0
Леплевка: 0
Лесная: 0
Лесники: 0
Летцы: 20
Лида: 46
Лиозно: 11
Липа: 0
Липинки: 0
Липники: 0
Липово: 0
Лисички: 0
Лиски: 0
Листопады: 0
Литва: 0
Лихачи: 0
Лобачи: 0
Лобча: 0
Ловча: 12
Ловша: 0
Логвины: 0
Лозки: 0
Ломачино: 0
Лосвида: 0
Лосево: 0
Лоси: 0
Лотва: 0
Лошица: 0
Лудчицы: 0
Лужесно: 0
Лужки: 0
Лукское: 0
Лукьяновка: 0
Лунинец: 47
Луполово: 0
Лучеса: 0
Лынтупы: 3
Лычковского: 0
Лыщицы: 0
Любань: 0
Любашево: 0
Любожердье: 0
Людиневичи: 0
Люсино: 0
Люта: 0
Люща: 0
Лясы: 0
Ляховичи: 17
Ляховщина: 6
Могилёв-1: 91
Могилёв-2: 23
Могилёв-3: 0
Мозырь: 0
Пхов: 0
Майский: 0
Макановичи: 0
Молодечно: 87
Фестивальный: 0
Малевичи: 0
Малинники: 0
Малорита: 0
Мальковичи: 14
Малятичи: 0
Мартюхово: 0
Пуховичи: 67
Масюковщина: 0
Мосты: 37
Матеевичи: 0
Мачулищи: 0
Машково: 0
Медведка: 0
Мезиновка: 0
Мельковщизна: 0
Мельники: 0
Менютёво: 0
Металлург: 0
Металлург: 0
Меховое: 0
Миоры: 1
Минск: 370
Минск-Пассажирский: 284
Микашевичи: 20
Микелевщина: 0
Микуличи: 0
Милое: 0
Минойты: 0
Минск-Восточный: 0
Минск-Северный: 0
Минск-Южный: 0
Минское Море: 0
Мирадино: 0
Митьки: 0
Михалки: 0
Михановичи: 0
Михеевичи: 0
Михново: 0
Мицкевичи: 0
Озерище: 0
Степянка: 0
Столичный: 0
Тракторный: 0
Можеевка: 0
Мокрое: 0
Молодёжный: 0
Молодёжный: 0
Молотковичи: 0
Молчадь: 0
Монтовты: 0
Мордичи: 0
Мормаль: 0
Мороськи: 0
Морочь: 0
Мотыкалы: 0
Мотыкалы Большие: 0
Мошны: 0
Мошок: 0
Мстибово: 0
Муляровка: 18
Мурованка: 0
Мухавец: 0
Мытва: 0
Мышанка: 14
Мясота: 0
Нагораны: 0
Нарцизово: 0
Насилово: 0
Нахов: 0
Негорелое: 0
Некраши: 12
Неман: 0
Неманица: 0
Немейщизна: 0
Несета: 15
Нестеровичи: 0
Нивки: 0
Нивы: 0
Низовцы: 0
Никольск: 0
Новая Дуброва: 0
Новая Нива: 0
Новая Рудня: 0
Новогорки: 0
Новодворцы: 0
Новодруцк: 8
Новое Село: 0
Новоельня: 12
Новолиповский: 0
Новосады: 19
Новоселки: 5
Новые Луки: 0
Носовичи: 0
Оболь: 15
Огдемер: 0
Оголичи: 0
Оземля: 0
Озёрная: 0
Озерница: 9
Октябрьский: 0
Олехновичи: 0
Ольсевичи: 0
Ольховка: 0
Омельня: 0
Орша: 128
Оранчицы: 43
Орловичи: 0
Орсичи: 0
Орша-Восточная: 0
Орша-Западная: 0
Осиновка: 7
Осиповщина: 0
Осмоловичи: 0
Осов: 0
Осовец: 0
Осово: 0
Останковичи: 0
Оточка: 0
Отцеда: 0
Ошмяны: 18
Павловичи: 0
Парафьянов: 9
Парохонск: 12
Паршино: 0
Пасека: 0
Перевалочный: 0
Переможник: 0
Пересельцы: 0
Петуховщина: 0
Петюны: 0
Печинский: 0
Пигановичи: 0
Пинск: 22
Пичевка: 0
Плесы: 0
Плетяничи: 0
Плудим: 0
Повстынь: 0
Погорелое: 0
Погорельцы: 0
Подлесье: 0
Подозерцы: 0
Подсвилье: 11
Подстанция: 0
Пожежин: 0
Поздняково: 0
Полеваче: 0
Полонка: 0
Полота: 0
Полоцк: 37
Полочаны: 0
Полыковские хутора: 0
Сосница: 0
Понизов: 0
Понятичи: 0
Поречаны: 0
Поречье: 0
Порплище: 0
Пост №1: 0
Поставы: 7
Потаповка: 0
Пралески: 0
Прибор: 0
Приборово: 0
Прибужье: 0
Прилуки: 0
Прилутчина: 0
Приозерный: 0
Припять: 10
Приямино: 0
Прокшино: 0
Пролетарская Победа: 0
Прудовка: 0
Прудок: 0
Пруды: 0
Птичь: 14
Птичь: 0
Пуща: 0
Пятигорье: 0
Пячковичи: 0
Рабкор: 0
Равнополье: 0
Рогачев: 30
Радеево: 0
Радошковичи: 0
Радуга: 0
Развадово: 0
Разлоги: 3
Ракитно: 0
Раклевцы: 0
Рандовский: 0
Ратмировичи: 0
Ратомка: 0
Ребуса: 0
Рейтанов: 11
Ректа: 0
Ремество: 0
Реста: 0
Речица: 0
Речица: 33
Ритм: 0
Рожанка: 22
Романовичи: 0
Романовщина: 0
Романы: 0
Роматово: 0
Ропнянская: 0
Росляки: 0
Рось: 13
Роща: 0
Рудавка: 0
Руденск: 0
Рудея: 0
Руднянский: 0
Румино: 0
Русино: 0
Рыбница: 0
Рыбцы: 0
Рыжковичи: 0
Савелинки: 0
Савичи: 0
Савичи (Бобруйский р-н): 0
Савченки: 0
Сад: 0
Садки: 0
Садовый: 0
Сады: 0
Саки: 0
Салатье: 0
Салтановка: 0
Самулки: 0
Сарьянка: 0
Сверково: 0
Светлогорск-на-Березине: 23
Свислочь: 0
Свислочь-посёлок: 0
Свольно: 0
Севрюки: 0
Седча: 0
Секеровщина: 0
Селивоновка: 0
Сельное: 0
Селяхи: 0
Семашки: 0
Семуковичи: 0
Сенкевичи: 19
Сенненский: 0
Сенозавод: 0
Середняки: 0
Сечки: 0
Сидоровка: 0
Синюга: 0
Синяво: 0
Ситница: 0
Ситница-посёлок: 0
Скидель: 34
Скребни: 0
Скрестины: 0
Скрибовцы: 12
Славное: 0
Слобода: 0
Слободка: 0
Слободский: 0
Словечно: 12
Слоним: 15
Слуцк: 19
Случь: 0
Фабричный: 0
Смолевичи: 58
Смольяны: 0
Сморгонь: 29
Снитово: 0
Соболевка: 0
Соколка: 0
Солигорск: 13
Солнечный: 0
Солоное: 0
Солы: 0
Сосновка: 0
Сосновый Бор: 0
Стайки: 0
Станьково: 0
Старая Весь: 0
Старая Рудня: 0
Старина: 0
Старое Село: 0
Старосельский: 0
Старушки: 6
Старые Дороги: 12
Столбцы: 62
Столпы: 0
Стоялово: 0
Страдичи: 0
Страж: 0
Строитель: 0
Суша: 0
Талька: 0
Татарка: 0
Татарщизна: 0
Тачанка: 0
Толочин: 47
Тевли: 18
Текстильщик: 0
Телуша: 0
Темные Ляды: 0
Темный лес: 11
Тереховка: 23
Терюха: 21
Техникум: 0
Тимирязево: 0
Тимковичи: 0
Тихиничи: 0
Тишовка: 0
Ткачи: 0
Токари: 0
Тощица: 0
Троцилово: 0
Труд: 0
Трудовая: 0
Туголица: 0
Турья: 0
Тышкевичи: 0
Уболоть: 0
Уборок: 0
Ужлятино: 0
Уза: 0
Узбережь: 0
Уздорники: 0
Узнаж: 0
Ульяновка: 0
Уречье: 12
Уть: 0
Учитель: 0
Уша: 0
Фаличи: 11
Фаниполь: 0
Фариново: 11
Федюки: 0
Фомино: 0
Халечино: 0
Хальч: 0
Харитоны: 0
Харсы: 0
Хвоево: 0
Хвоецкое: 0
Хвойняны: 0
Хлусово: 0
Хлюстино: 0
Ходосы: 13
Хойники: 0
Холодники: 0
Хоново: 0
Хороброво: 0
Хорошки: 0
Хотислав: 0
Цверма: 0
Цель: 0
Чаусы: 15
Чашники: 0
Червено: 0
Черевачицы: 0
Череток: 0
Черлена: 14
Чёрная Натопа: 0
Черницы: 0
Черное: 0
Черноземовка: 0
Чернуха: 0
Черные Броды: 0
Чижовка: 0
Шаловичи: 0
Шарабаи: 0
Шарковщизна: 1
Шарыбовка: 0
Шахи: 0
Шахтёрский: 0
Шестеровка: 0
Шибеки: 0
Шипуличи: 0
Шипы: 0
Шклов: 37
Шумилино: 22
Шуховцы: 0
Щара: 0
Щежер: 0
Щепичи: 0
Щербовка: 0
Щитники: 0
Энергетик: 0
Юратишки: 17
Юрковка: 0
Юровичи: 0
Юрцево: 0
Юхновичи: 0
Юшкевичи: 0
Юшки: 0
Яжевки: 0
Язвино: 0
Якимовка: 0
Яковчицы: 0
Якуба Коласа: 0
Ярево: 3
Ясельда: 0
Ясень: 0
Яхимовщина: 0
Яцуки: 0
Ящицы: 0
11км: 0
15км: 0
331км: 0
total threads in list: 930
http://rasp.rw.by/ru/train/?train=603%D0%91: 20
http://rasp.rw.by/ru/train/?thread=6351_0_9614168_g17_4: 29
http://rasp.rw.by/ru/train/?train=657%D0%91: 27
http://rasp.rw.by/ru/train/?train=605%D0%91: 28
http://rasp.rw.by/ru/train/?thread=6354_0_9614023_g17_4: 40
http://rasp.rw.by/ru/train/?thread=6353_1_9614279_g17_4: 40
http://rasp.rw.by/ru/train/?thread=6356_0_9614023_g17_4: 40
http://rasp.rw.by/ru/train/?thread=6358_2_9614023_g17_4: 29
http://rasp.rw.by/ru/train/?thread=6355_0_9614279_g17_4: 40
http://rasp.rw.by/ru/train/?thread=6360_0_9614023_g17_4: 40
http://rasp.rw.by/ru/train/?thread=6357_0_9614168_g17_4: 29
http://rasp.rw.by/ru/train/?thread=6359_0_9614279_g17_4: 40
http://rasp.rw.by/ru/train/?thread=6362_0_9614023_g17_4: 40
http://rasp.rw.by/ru/train/?train=606%D0%91: 38
http://rasp.rw.by/ru/train/?thread=6364_0_9614023_g17_4: 29
http://rasp.rw.by/ru/train/?thread=6361_0_9614279_g17_4: 40
http://rasp.rw.by/ru/train/?train=604%D0%91: 20
http://rasp.rw.by/ru/train/?train=658%D0%91: 34
http://rasp.rw.by/ru/train/?train=668%D0%91: 12
http://rasp.rw.by/ru/train/?thread=6920_3_9613989_g17_4: 28
http://rasp.rw.by/ru/train/?thread=6745_0_9614068_g17_4: 29
http://rasp.rw.by/ru/train/?thread=6585_0_9614138_g17_4: 26
http://rasp.rw.by/ru/train/?thread=6524_0_9614051_g17_4: 25
http://rasp.rw.by/ru/train/?thread=6916_1_9613990_g17_4: 28
http://rasp.rw.by/ru/train/?thread=6914_0_9613990_g17_4: 28
http://rasp.rw.by/ru/train/?thread=6743_0_9614068_g17_4: 29
http://rasp.rw.by/ru/train/?thread=6583_0_9614138_g17_4: 26
http://rasp.rw.by/ru/train/?thread=6445_0_9614101_g17_4: 13
http://rasp.rw.by/ru/train/?thread=964_0_9614466_g17_4: 11
http://rasp.rw.by/ru/train/?thread=6505_0_9614101_g17_4: 13
http://rasp.rw.by/ru/train/?thread=6528_0_9614051_g17_4: 25
http://rasp.rw.by/ru/train/?thread=6934_0_9613989_g17_4: 28
http://rasp.rw.by/ru/train/?thread=6587_0_9614138_g17_4: 26
http://rasp.rw.by/ru/train/?thread=6928_0_9613989_g17_4: 28
http://rasp.rw.by/ru/train/?thread=6747_0_9614068_g17_4: 29
http://rasp.rw.by/ru/train/?thread=6526_0_9614051_g17_4: 25
http://rasp.rw.by/ru/train/?thread=6926_0_9613989_g17_4: 28
http://rasp.rw.by/ru/train/?thread=6522_1_9614051_g17_4: 25
http://rasp.rw.by/ru/train/?thread=6930_0_9613989_g17_4: 28
http://rasp.rw.by/ru/train/?thread=6904_0_9613989_g17_4: 28
http://rasp.rw.by/ru/train/?thread=6741_0_9614068_g17_4: 29
http://rasp.rw.by/ru/train/?thread=6520_0_9614051_g17_4: 25
http://rasp.rw.by/ru/train/?thread=6441_0_9614028_g17_4: 14
http://rasp.rw.by/ru/train/?thread=6908_0_9613989_g17_4: 28
http://rasp.rw.by/ru/train/?thread=6912_0_9613989_g17_4: 28
http://rasp.rw.by/ru/train/?thread=6581_0_9614138_g17_4: 26
http://rasp.rw.by/ru/train/?thread=6906_0_9613989_g17_4: 28
http://rasp.rw.by/ru/train/?thread=962_1_9614466_g17_4: 11
http://rasp.rw.by/ru/train/?train=086%D0%91: 7
http://rasp.rw.by/ru/train/?train=632%D0%91: 21
http://rasp.rw.by/ru/train/?train=067%D0%91: 43
http://rasp.rw.by/ru/train/?train=068%D0%91: 0
http://rasp.rw.by/ru/train/?train=649%D0%91: 14
http://rasp.rw.by/ru/train/?train=637%D0%91: 0
http://rasp.rw.by/ru/train/?thread=6580_0_9614258_g17_4: 26
http://rasp.rw.by/ru/train/?train=621%D0%91: 47
http://rasp.rw.by/ru/train/?thread=6905_0_9614258_g17_4: 28
http://rasp.rw.by/ru/train/?thread=6909_0_9614258_g17_4: 28
http://rasp.rw.by/ru/train/?thread=6740_0_9614258_g17_4: 29
http://rasp.rw.by/ru/train/?train=743%D0%91: 0
http://rasp.rw.by/ru/train/?train=086%D0%9A: 7
http://rasp.rw.by/ru/train/?thread=6442x6443_1_9614258_g17_4: 28
http://rasp.rw.by/ru/train/?train=741%D0%91: 6
http://rasp.rw.by/ru/train/?thread=6913_0_9614258_g17_4: 28
http://rasp.rw.by/ru/train/?train=716%D0%91: 7
http://rasp.rw.by/ru/train/?thread=961_0_9614258_g17_4: 11
http://rasp.rw.by/ru/train/?thread=6523_0_9614258_g17_4: 25
http://rasp.rw.by/ru/train/?thread=6742_0_9614258_g17_4: 29
http://rasp.rw.by/ru/train/?train=100%D0%A4: 35
http://rasp.rw.by/ru/train/?train=686%D0%91: 0
http://rasp.rw.by/ru/train/?train=100%D0%91: 0
http://rasp.rw.by/ru/train/?train=659%D0%91: 38
http://rasp.rw.by/ru/train/?thread=6915_0_9614258_g17_4: 28
http://rasp.rw.by/ru/train/?thread=6584_0_9614258_g17_4: 26
http://rasp.rw.by/ru/train/?train=647%D0%91: 41
http://rasp.rw.by/ru/train/?train=613%D0%91: 13
http://rasp.rw.by/ru/train/?train=669%D0%91: 11
http://rasp.rw.by/ru/train/?thread=6919_0_9614258_g17_4: 28
http://rasp.rw.by/ru/train/?train=372%D0%9B: 24
http://rasp.rw.by/ru/train/?thread=6525_0_9614258_g17_4: 25
http://rasp.rw.by/ru/train/?train=710%D0%91: 5
http://rasp.rw.by/ru/train/?train=283%D0%A8: 0
http://rasp.rw.by/ru/train/?train=094%D0%A8: 0
http://rasp.rw.by/ru/train/?thread=6921_0_9614258_g17_4: 28
http://rasp.rw.by/ru/train/?train=717%D0%91: 5
http://rasp.rw.by/ru/train/?thread=6586_0_9614258_g17_4: 26
http://rasp.rw.by/ru/train/?thread=6502_0_9614258_g17_4: 13
http://rasp.rw.by/ru/train/?train=390%D0%91: 0
http://rasp.rw.by/ru/train/?train=150%D0%91: 41
http://rasp.rw.by/ru/train/?train=302%D0%91: 0
http://rasp.rw.by/ru/train/?thread=6923_1_9614258_g17_4: 28
http://rasp.rw.by/ru/train/?thread=6527_0_9614258_g17_4: 25
http://rasp.rw.by/ru/train/?thread=6744_1_9614258_g17_4: 29
http://rasp.rw.by/ru/train/?train=718%D0%91: 5
http://rasp.rw.by/ru/train/?train=149%D0%A1: 0
http://rasp.rw.by/ru/train/?train=302%D0%A1: 0
http://rasp.rw.by/ru/train/?train=389%D0%A1: 44
http://rasp.rw.by/ru/train/?train=284%D0%91: 0
http://rasp.rw.by/ru/train/?train=094%D0%91: 0
http://rasp.rw.by/ru/train/?train=694%D0%91: 6
http://rasp.rw.by/ru/train/?thread=6927_1_9614258_g17_4: 28
http://rasp.rw.by/ru/train/?train=638%D0%91: 0
http://rasp.rw.by/ru/train/?train=660%D0%91: 5
http://rasp.rw.by/ru/train/?train=648%D0%91: 7
http://rasp.rw.by/ru/train/?thread=6929_0_9614258_g17_4: 28
http://rasp.rw.by/ru/train/?train=614%D0%91: 33
http://rasp.rw.by/ru/train/?thread=6922_1_9613990_g17_4: 56
http://rasp.rw.by/ru/train/?train=691%D0%91: 5
http://rasp.rw.by/ru/train/?train=371%D0%91: 0
http://rasp.rw.by/ru/train/?thread=6588_0_9614258_g17_4: 26
http://rasp.rw.by/ru/train/?train=748%D0%91: 4
http://rasp.rw.by/ru/train/?thread=6529_0_9614258_g17_4: 25
http://rasp.rw.by/ru/train/?train=670%D0%91: 9
http://rasp.rw.by/ru/train/?thread=6933_0_9614258_g17_4: 28
http://rasp.rw.by/ru/train/?train=742%D0%91: 6
http://rasp.rw.by/ru/train/?thread=6935_0_9614258_g17_4: 28
http://rasp.rw.by/ru/train/?train=747%D0%91: 4
http://rasp.rw.by/ru/train/?train=622%D0%91: 0
http://rasp.rw.by/ru/train/?thread=6446_1_9614258_g17_4: 14
http://rasp.rw.by/ru/train/?train=650%D0%91: 14
http://rasp.rw.by/ru/train/?train=715%D0%91: 7
http://rasp.rw.by/ru/train/?thread=963_0_9614258_g17_4: 11
http://rasp.rw.by/ru/train/?thread=6531_0_9614258_g17_4: 25
http://rasp.rw.by/ru/train/?train=631%D0%91: 20
http://rasp.rw.by/ru/train/?train=642%D0%91: 0
http://rasp.rw.by/ru/train/?train=685%D0%91: 0
http://rasp.rw.by/ru/train/?train=100%D0%94: 24
http://rasp.rw.by/ru/train/?train=100%D0%9F: 0
http://rasp.rw.by/ru/train/?thread=6504_0_9614122_g17_4: 16
http://rasp.rw.by/ru/train/?thread=6444_0_9614122_g17_4: 16
http://rasp.rw.by/ru/train/?thread=6440_0_9614122_g17_4: 32
http://rasp.rw.by/ru/train/?thread=6503_0_9614101_g17_4: 16
http://rasp.rw.by/ru/train/?thread=6447_1_9614068_g17_4: 32
http://rasp.rw.by/ru/train/?thread=6244_0_9614238_g17_4: 20
http://rasp.rw.by/ru/train/?thread=6825_0_9613990_g17_4: 35
http://rasp.rw.by/ru/train/?thread=6308_0_9614023_g17_4: 30
http://rasp.rw.by/ru/train/?thread=6294x6293_1_9614058_g17_4: 40
http://rasp.rw.by/ru/train/?thread=6298x6297_1_9614058_g17_4: 40
http://rasp.rw.by/ru/train/?thread=6807_0_9613990_g17_4: 35
http://rasp.rw.by/ru/train/?thread=6302_1_9614023_g17_4: 30
http://rasp.rw.by/ru/train/?thread=6809_1_9613989_g17_4: 35
http://rasp.rw.by/ru/train/?thread=6246_0_9614238_g17_4: 20
http://rasp.rw.by/ru/train/?thread=6203_0_9614043_g17_4: 19
http://rasp.rw.by/ru/train/?thread=6819_1_9613990_g17_4: 35
http://rasp.rw.by/ru/train/?thread=6306_0_9614023_g17_4: 30
http://rasp.rw.by/ru/train/?thread=6815_0_9613990_g17_4: 35
http://rasp.rw.by/ru/train/?thread=6216_0_9614925_g17_4: 26
http://rasp.rw.by/ru/train/?thread=6813_5_9613990_g17_4: 35
http://rasp.rw.by/ru/train/?thread=6214_0_9614925_g17_4: 26
http://rasp.rw.by/ru/train/?thread=6304_2_9614023_g17_4: 30
http://rasp.rw.by/ru/train/?thread=6212_0_9614279_g17_4: 21
http://rasp.rw.by/ru/train/?thread=6248_0_9614238_g17_4: 23
http://rasp.rw.by/ru/train/?thread=6218_1_9617540_g17_4: 27
http://rasp.rw.by/ru/train/?thread=6803_0_9613989_g17_4: 35
http://rasp.rw.by/ru/train/?thread=6250_0_9614238_g17_4: 20
http://rasp.rw.by/ru/train/?thread=6835_3_9613989_g17_4: 35
http://rasp.rw.by/ru/train/?thread=6801_0_9613989_g17_4: 35
http://rasp.rw.by/ru/train/?thread=6314_1_9614023_g17_4: 30
http://rasp.rw.by/ru/train/?thread=6296x6295_0_9614058_g17_4: 40
http://rasp.rw.by/ru/train/?thread=6201_0_9614043_g17_4: 19
http://rasp.rw.by/ru/train/?thread=6205_0_9614043_g17_4: 19
http://rasp.rw.by/ru/train/?thread=6958_0_9614279_g17_4: 21
http://rasp.rw.by/ru/train/?thread=6242_0_9614238_g17_4: 23
http://rasp.rw.by/ru/train/?thread=6827_0_9613990_g17_4: 35
http://rasp.rw.by/ru/train/?thread=6292_0_9614103_g17_4: 23
http://rasp.rw.by/ru/train/?thread=6831_0_9613990_g17_4: 35
http://rasp.rw.by/ru/train/?thread=6312_0_9614023_g17_4: 30
http://rasp.rw.by/ru/train/?train=611%D0%91: 13
http://rasp.rw.by/ru/train/?train=610%D0%91: 35
http://rasp.rw.by/ru/train/?train=009%D0%A9: 15
http://rasp.rw.by/ru/train/?train=009%D0%AF: 7
http://rasp.rw.by/ru/train/?train=237%D0%91: 0
http://rasp.rw.by/ru/train/?train=609%D0%91: 24
http://rasp.rw.by/ru/train/?train=096%D0%91: 21
http://rasp.rw.by/ru/train/?train=027%D0%91: 24
http://rasp.rw.by/ru/train/?thread=6301_1_9613998_g17_4: 30
http://rasp.rw.by/ru/train/?thread=6213_1_9613998_g17_4: 26
http://rasp.rw.by/ru/train/?thread=6808_1_9613998_g17_4: 35
http://rasp.rw.by/ru/train/?thread=6241_0_9613998_g17_4: 20
http://rasp.rw.by/ru/train/?train=010%D0%96: 7
http://rasp.rw.by/ru/train/?train=010%D0%A9: 15
http://rasp.rw.by/ru/train/?train=628%D0%91: 12
http://rasp.rw.by/ru/train/?train=049%D0%91: 0
http://rasp.rw.by/ru/train/?thread=6281x6282_2_9613998_g17_4: 40
http://rasp.rw.by/ru/train/?thread=6303_1_9613998_g17_4: 30
http://rasp.rw.by/ru/train/?train=752%D0%91: 5
http://rasp.rw.by/ru/train/?thread=6812_1_9613998_g17_4: 35
http://rasp.rw.by/ru/train/?train=653%D0%91: 0
http://rasp.rw.by/ru/train/?train=132%D0%91: 0
http://rasp.rw.by/ru/train/?train=682%D0%91: 7
http://rasp.rw.by/ru/train/?train=646%D0%91: 0
http://rasp.rw.by/ru/train/?thread=6202_0_9613998_g17_4: 19
http://rasp.rw.by/ru/train/?thread=6816_0_9613998_g17_4: 35
http://rasp.rw.by/ru/train/?train=023%D0%A7: 0
http://rasp.rw.by/ru/train/?train=023%D0%99: 0
http://rasp.rw.by/ru/train/?train=317%D0%91: 0
http://rasp.rw.by/ru/train/?train=762%D0%91: 6
http://rasp.rw.by/ru/train/?thread=6283x6284_0_9613998_g17_4: 40
http://rasp.rw.by/ru/train/?thread=6818_0_9613998_g17_4: 35
http://rasp.rw.by/ru/train/?train=751%D0%91: 5
http://rasp.rw.by/ru/train/?thread=6215_0_9613998_g17_4: 26
http://rasp.rw.by/ru/train/?thread=6243_0_9613998_g17_4: 23
http://rasp.rw.by/ru/train/?train=007%D0%9C: 0
http://rasp.rw.by/ru/train/?train=003%D0%91: 6
http://rasp.rw.by/ru/train/?train=723%D0%91: 0
http://rasp.rw.by/ru/train/?train=608%D0%91: 10
http://rasp.rw.by/ru/train/?train=636%D0%91: 0
http://rasp.rw.by/ru/train/?train=452%D0%91: 0
http://rasp.rw.by/ru/train/?train=095%D0%91: 23
http://rasp.rw.by/ru/train/?train=761%D0%91: 6
http://rasp.rw.by/ru/train/?train=754%D0%91: 5
http://rasp.rw.by/ru/train/?thread=6305_0_9613998_g17_4: 30
http://rasp.rw.by/ru/train/?train=131%D0%91: 0
http://rasp.rw.by/ru/train/?train=681%D0%91: 7
http://rasp.rw.by/ru/train/?thread=6217_1_9613998_g17_4: 27
http://rasp.rw.by/ru/train/?thread=6204_0_9613998_g17_4: 19
http://rasp.rw.by/ru/train/?train=022%D0%90: 0
http://rasp.rw.by/ru/train/?train=018%D0%92: 0
http://rasp.rw.by/ru/train/?train=018%D0%91: 0
http://rasp.rw.by/ru/train/?train=022%D0%95: 0
http://rasp.rw.by/ru/train/?thread=6822_2_9613998_g17_4: 35
http://rasp.rw.by/ru/train/?thread=6245_0_9613998_g17_4: 20
http://rasp.rw.by/ru/train/?train=221%D0%91: 0
http://rasp.rw.by/ru/train/?train=753%D0%91: 5
http://rasp.rw.by/ru/train/?thread=6285x6286_0_9613998_g17_4: 40
http://rasp.rw.by/ru/train/?thread=6824_4_9613998_g17_4: 35
http://rasp.rw.by/ru/train/?train=764%D0%91: 6
http://rasp.rw.by/ru/train/?thread=6307_0_9613998_g17_4: 30
http://rasp.rw.by/ru/train/?train=103%D0%9D: 0
http://rasp.rw.by/ru/train/?train=667%D0%91: 0
http://rasp.rw.by/ru/train/?train=104%D0%91: 0
http://rasp.rw.by/ru/train/?thread=6826_0_9613998_g17_4: 35
http://rasp.rw.by/ru/train/?thread=6959_0_9613998_g17_4: 21
http://rasp.rw.by/ru/train/?train=652%D0%91: 19
http://rasp.rw.by/ru/train/?train=057%D0%9C: 0
http://rasp.rw.by/ru/train/?train=057%D0%91: 23
http://rasp.rw.by/ru/train/?train=612%D0%91: 14
http://rasp.rw.by/ru/train/?train=763%D0%91: 6
http://rasp.rw.by/ru/train/?train=607%D0%91: 7
http://rasp.rw.by/ru/train/?thread=6311_1_9613998_g17_4: 30
http://rasp.rw.by/ru/train/?train=756%D0%91: 5
http://rasp.rw.by/ru/train/?train=021%D0%95: 0
http://rasp.rw.by/ru/train/?train=021%D0%AF: 0
http://rasp.rw.by/ru/train/?thread=6830_0_9613998_g17_4: 35
http://rasp.rw.by/ru/train/?train=050%D0%91: 0
http://rasp.rw.by/ru/train/?train=639%D0%91: 0
http://rasp.rw.by/ru/train/?thread=6247_0_9613998_g17_4: 20
http://rasp.rw.by/ru/train/?thread=6219_0_9613998_g17_4: 21
http://rasp.rw.by/ru/train/?train=766%D0%91: 6
http://rasp.rw.by/ru/train/?thread=6834_1_9613998_g17_4: 35
http://rasp.rw.by/ru/train/?train=724%D0%91: 0
http://rasp.rw.by/ru/train/?train=627%D0%91: 11
http://rasp.rw.by/ru/train/?train=755%D0%91: 5
http://rasp.rw.by/ru/train/?train=451%D0%91: 0
http://rasp.rw.by/ru/train/?train=664%D0%91: 7
http://rasp.rw.by/ru/train/?train=318%D0%91: 0
http://rasp.rw.by/ru/train/?train=651%D0%91: 7
http://rasp.rw.by/ru/train/?thread=6313_1_9613998_g17_4: 30
http://rasp.rw.by/ru/train/?train=008%D0%91: 6
http://rasp.rw.by/ru/train/?train=004%D0%91: 0
http://rasp.rw.by/ru/train/?train=635%D0%91: 0
http://rasp.rw.by/ru/train/?thread=6206_0_9613998_g17_4: 19
http://rasp.rw.by/ru/train/?train=765%D0%91: 6
http://rasp.rw.by/ru/train/?train=758%D0%91: 5
http://rasp.rw.by/ru/train/?train=028%D0%91: 12
http://rasp.rw.by/ru/train/?thread=6840_0_9613998_g17_4: 35
http://rasp.rw.by/ru/train/?train=663%D0%91: 0
http://rasp.rw.by/ru/train/?thread=6287_1_9613998_g17_4: 23
http://rasp.rw.by/ru/train/?thread=6249_0_9613998_g17_4: 23
http://rasp.rw.by/ru/train/?train=645%D0%91: 0
http://rasp.rw.by/ru/train/?train=757%D0%91: 5
http://rasp.rw.by/ru/train/?thread=6842_1_9613998_g17_4: 35
http://rasp.rw.by/ru/train/?train=058%D0%91: 0
http://rasp.rw.by/ru/train/?train=654%D0%91: 0
http://rasp.rw.by/ru/train/?train=640%D0%91: 0
http://rasp.rw.by/ru/train/?train=024%D0%91: 0
http://rasp.rw.by/ru/train/?train=024%D0%99: 0
http://rasp.rw.by/ru/train/?thread=6014_2_9614870_g17_4: 19
http://rasp.rw.by/ru/train/?thread=7002_0_9613989_g17_4: 20
http://rasp.rw.by/ru/train/?thread=6024_2_9613989_g17_4: 20
http://rasp.rw.by/ru/train/?thread=6012_1_9613990_g17_4: 20
http://rasp.rw.by/ru/train/?thread=6032_0_9613990_g17_4: 20
http://rasp.rw.by/ru/train/?thread=6030_1_9613990_g17_4: 20
http://rasp.rw.by/ru/train/?thread=6026_1_9613990_g17_4: 20
http://rasp.rw.by/ru/train/?thread=6002_1_9613989_g17_4: 20
http://rasp.rw.by/ru/train/?thread=6034_1_9614870_g17_4: 19
http://rasp.rw.by/ru/train/?train=634%D0%91: 0
http://rasp.rw.by/ru/train/?train=029%D0%A7: 15
http://rasp.rw.by/ru/train/?train=029%D0%A2: 15
http://rasp.rw.by/ru/train/?thread=6001_1_9614291_g17_4: 20
http://rasp.rw.by/ru/train/?thread=6004_1_9614291_g17_4: 27
http://rasp.rw.by/ru/train/?thread=6003_1_9614291_g17_4: 20
http://rasp.rw.by/ru/train/?train=051%D0%91: 17
http://rasp.rw.by/ru/train/?thread=6006_0_9613989_g17_4: 46
http://rasp.rw.by/ru/train/?thread=7001_1_9614291_g17_4: 20
http://rasp.rw.by/ru/train/?thread=6007_0_9614291_g17_4: 20
http://rasp.rw.by/ru/train/?thread=6008_0_9614870_g17_4: 26
http://rasp.rw.by/ru/train/?thread=6009_0_9614158_g17_4: 46
http://rasp.rw.by/ru/train/?thread=6010_1_9613990_g17_4: 46
http://rasp.rw.by/ru/train/?train=737%D0%91: 7
http://rasp.rw.by/ru/train/?thread=6011_1_9614158_g17_4: 45
http://rasp.rw.by/ru/train/?train=732%D0%91: 7
http://rasp.rw.by/ru/train/?thread=6013_0_9613999_g17_4: 27
http://rasp.rw.by/ru/train/?train=133%D0%AF: 0
http://rasp.rw.by/ru/train/?thread=6015_9_9614158_g17_4: 46
http://rasp.rw.by/ru/train/?train=731%D0%91: 7
http://rasp.rw.by/ru/train/?thread=6016_1_9614870_g17_4: 45
http://rasp.rw.by/ru/train/?train=734%D0%91: 7
http://rasp.rw.by/ru/train/?thread=6017_3_9614291_g17_4: 20
http://rasp.rw.by/ru/train/?thread=6018_4_9614870_g17_4: 45
http://rasp.rw.by/ru/train/?thread=6019_1_9614158_g17_4: 46
http://rasp.rw.by/ru/train/?thread=6020_2_9613990_g17_4: 46
http://rasp.rw.by/ru/train/?train=733%D0%91: 7
http://rasp.rw.by/ru/train/?train=736%D0%91: 7
http://rasp.rw.by/ru/train/?thread=6021_2_9614158_g17_4: 46
http://rasp.rw.by/ru/train/?thread=7003_1_9614291_g17_4: 20
http://rasp.rw.by/ru/train/?train=064%D0%91: 33
http://rasp.rw.by/ru/train/?thread=6022_1_9614870_g17_4: 45
http://rasp.rw.by/ru/train/?thread=6025_1_9614158_g17_4: 46
http://rasp.rw.by/ru/train/?train=025%D0%91: 11
http://rasp.rw.by/ru/train/?train=052%D0%91: 10
http://rasp.rw.by/ru/train/?thread=6027_3_9614291_g17_4: 20
http://rasp.rw.by/ru/train/?train=026%D0%91: 11
http://rasp.rw.by/ru/train/?thread=6029_4_9614158_g17_4: 45
http://rasp.rw.by/ru/train/?train=738%D0%91: 7
http://rasp.rw.by/ru/train/?train=735%D0%91: 7
http://rasp.rw.by/ru/train/?train=360%D0%A1: 0
http://rasp.rw.by/ru/train/?thread=6031_0_9614291_g17_4: 20
http://rasp.rw.by/ru/train/?thread=6028_5_9613990_g17_4: 46
http://rasp.rw.by/ru/train/?train=634%D0%A4: 20
http://rasp.rw.by/ru/train/?thread=6033_1_9614158_g17_4: 46
http://rasp.rw.by/ru/train/?thread=6372x6371_0_9614910_g17_4: 23
http://rasp.rw.by/ru/train/?thread=6374x6373_0_9614023_g17_4: 23
http://rasp.rw.by/ru/train/?thread=7321_2_9613989_g17_4: 10
http://rasp.rw.by/ru/train/?thread=7323_2_9613989_g17_4: 10
http://rasp.rw.by/ru/train/?thread=7319_2_9613989_g17_4: 10
http://rasp.rw.by/ru/train/?thread=7317_0_9613989_g17_4: 10
http://rasp.rw.by/ru/train/?thread=7313_0_9613989_g17_4: 10
http://rasp.rw.by/ru/train/?thread=7315_0_9613989_g17_4: 10
http://rasp.rw.by/ru/train/?thread=7327_0_9613989_g17_4: 10
http://rasp.rw.by/ru/train/?thread=7329_0_9613989_g17_4: 10
http://rasp.rw.by/ru/train/?thread=7339_0_9613989_g17_4: 10
http://rasp.rw.by/ru/train/?thread=7341_0_9613989_g17_4: 10
http://rasp.rw.by/ru/train/?thread=7337_0_9613989_g17_4: 10
http://rasp.rw.by/ru/train/?thread=7335_0_9613989_g17_4: 10
http://rasp.rw.by/ru/train/?thread=7331_0_9613989_g17_4: 10
http://rasp.rw.by/ru/train/?thread=7333_0_9613989_g17_4: 10
http://rasp.rw.by/ru/train/?thread=7311_0_9613989_g17_4: 10
http://rasp.rw.by/ru/train/?thread=7325_2_9613989_g17_4: 10
http://rasp.rw.by/ru/train/?thread=7309_0_9613989_g17_4: 10
http://rasp.rw.by/ru/train/?thread=7307_0_9613989_g17_4: 10
http://rasp.rw.by/ru/train/?thread=7305_0_9613989_g17_4: 10
http://rasp.rw.by/ru/train/?thread=6101_0_9613989_g17_4: 27
http://rasp.rw.by/ru/train/?thread=6103_0_9613989_g17_4: 27
http://rasp.rw.by/ru/train/?thread=6102_0_9614268_g17_4: 27
http://rasp.rw.by/ru/train/?thread=7302_1_9614094_g17_4: 10
http://rasp.rw.by/ru/train/?train=626%D0%91: 36
http://rasp.rw.by/ru/train/?thread=6105_0_9613989_g17_4: 27
http://rasp.rw.by/ru/train/?thread=6104_0_9614268_g17_4: 27
http://rasp.rw.by/ru/train/?thread=7304_1_9614094_g17_4: 10
http://rasp.rw.by/ru/train/?thread=6108_0_9614268_g17_4: 27
http://rasp.rw.by/ru/train/?thread=6107_0_9613989_g17_4: 27
http://rasp.rw.by/ru/train/?thread=7306_0_9614094_g17_4: 10
http://rasp.rw.by/ru/train/?thread=7308_0_9614094_g17_4: 10
http://rasp.rw.by/ru/train/?thread=6110_0_9614268_g17_4: 27
http://rasp.rw.by/ru/train/?thread=6109_1_9613989_g17_4: 27
http://rasp.rw.by/ru/train/?thread=7310_0_9614094_g17_4: 10
http://rasp.rw.by/ru/train/?thread=6112_0_9614268_g17_4: 27
http://rasp.rw.by/ru/train/?thread=6111_0_9613989_g17_4: 18
http://rasp.rw.by/ru/train/?thread=7312_0_9614094_g17_4: 10
http://rasp.rw.by/ru/train/?thread=6113_0_9613989_g17_4: 27
http://rasp.rw.by/ru/train/?thread=7314_0_9614094_g17_4: 10
http://rasp.rw.by/ru/train/?thread=6761_0_9613989_g17_4: 18
http://rasp.rw.by/ru/train/?thread=6114_0_9614268_g17_4: 27
http://rasp.rw.by/ru/train/?thread=6115_0_9613989_g17_4: 27
http://rasp.rw.by/ru/train/?thread=7316_0_9614094_g17_4: 10
http://rasp.rw.by/ru/train/?thread=6116_0_9614095_g17_4: 18
http://rasp.rw.by/ru/train/?thread=6118_0_9614268_g17_4: 27
http://rasp.rw.by/ru/train/?thread=7318_0_9614094_g17_4: 10
http://rasp.rw.by/ru/train/?thread=6117_0_9613989_g17_4: 27
http://rasp.rw.by/ru/train/?thread=6120_0_9614268_g17_4: 27
http://rasp.rw.by/ru/train/?thread=7320_2_9614094_g17_4: 10
http://rasp.rw.by/ru/train/?thread=7322_2_9614094_g17_4: 10
http://rasp.rw.by/ru/train/?thread=6119_0_9613989_g17_4: 27
http://rasp.rw.by/ru/train/?thread=7324_2_9614094_g17_4: 10
http://rasp.rw.by/ru/train/?thread=6122_0_9614268_g17_4: 27
http://rasp.rw.by/ru/train/?thread=7326_2_9614094_g17_4: 10
http://rasp.rw.by/ru/train/?thread=6121_0_9613989_g17_4: 27
http://rasp.rw.by/ru/train/?thread=6762_0_9614095_g17_4: 17
http://rasp.rw.by/ru/train/?thread=6763_0_9614385_g17_4: 17
http://rasp.rw.by/ru/train/?thread=6124_0_9614268_g17_4: 27
http://rasp.rw.by/ru/train/?thread=6123_0_9613989_g17_4: 27
http://rasp.rw.by/ru/train/?thread=7328_0_9614094_g17_4: 10
http://rasp.rw.by/ru/train/?thread=6765_0_9614385_g17_4: 17
http://rasp.rw.by/ru/train/?thread=6125_0_9613989_g17_4: 27
http://rasp.rw.by/ru/train/?thread=6764_0_9614095_g17_4: 17
http://rasp.rw.by/ru/train/?thread=7330_0_9614094_g17_4: 10
http://rasp.rw.by/ru/train/?thread=6126_0_9614268_g17_4: 27
http://rasp.rw.by/ru/train/?thread=7332_0_9614094_g17_4: 10
http://rasp.rw.by/ru/train/?train=683%D0%91: 0
http://rasp.rw.by/ru/train/?thread=6128_0_9614268_g17_4: 27
http://rasp.rw.by/ru/train/?thread=6127_0_9613989_g17_4: 27
http://rasp.rw.by/ru/train/?thread=7334_0_9614094_g17_4: 10
http://rasp.rw.by/ru/train/?thread=7336_0_9614094_g17_4: 10
http://rasp.rw.by/ru/train/?thread=6129_0_9613989_g17_4: 27
http://rasp.rw.by/ru/train/?thread=6130_0_9614268_g17_4: 27
http://rasp.rw.by/ru/train/?thread=6766_0_9614095_g17_4: 18
http://rasp.rw.by/ru/train/?thread=6131_0_9613989_g17_4: 27
http://rasp.rw.by/ru/train/?thread=7338_0_9614094_g17_4: 10
http://rasp.rw.by/ru/train/?thread=6132_0_9614268_g17_4: 27
http://rasp.rw.by/ru/train/?thread=6134_0_9614268_g17_4: 27
http://rasp.rw.by/ru/train/?thread=7340_0_9614094_g17_4: 10
http://rasp.rw.by/ru/train/?thread=6133_0_9613989_g17_4: 27
http://rasp.rw.by/ru/train/?thread=7342_0_9614094_g17_4: 10
http://rasp.rw.by/ru/train/?train=625%D0%91: 29
http://rasp.rw.by/ru/train/?thread=6136_0_9614268_g17_4: 27
http://rasp.rw.by/ru/train/?thread=6135_0_9613989_g17_4: 27
http://rasp.rw.by/ru/train/?thread=6138_0_9614268_g17_4: 27
http://rasp.rw.by/ru/train/?thread=6665_0_9614178_g17_4: 11
http://rasp.rw.by/ru/train/?thread=6663_0_9614178_g17_4: 11
http://rasp.rw.by/ru/train/?thread=6661_0_9614178_g17_4: 11
http://rasp.rw.by/ru/train/?train=088%D0%91: 10
http://rasp.rw.by/ru/train/?train=087%D0%91: 0
http://rasp.rw.by/ru/train/?thread=6662_0_9614019_g17_4: 11
http://rasp.rw.by/ru/train/?thread=6664_0_9614019_g17_4: 11
http://rasp.rw.by/ru/train/?thread=6668_0_9614019_g17_4: 11
http://rasp.rw.by/ru/train/?train=623%D0%91: 0
http://rasp.rw.by/ru/train/?train=677%D0%91: 12
http://rasp.rw.by/ru/train/?train=077%D0%A9: 0
http://rasp.rw.by/ru/train/?thread=6262_0_9614238_g17_4: 24
http://rasp.rw.by/ru/train/?train=630%D0%91: 11
http://rasp.rw.by/ru/train/?thread=6261_0_9614268_g17_4: 24
http://rasp.rw.by/ru/train/?thread=6264_0_9614238_g17_4: 24
http://rasp.rw.by/ru/train/?thread=6266_0_9614238_g17_4: 24
http://rasp.rw.by/ru/train/?thread=6263_0_9614268_g17_4: 24
http://rasp.rw.by/ru/train/?thread=6268_0_9614238_g17_4: 24
http://rasp.rw.by/ru/train/?train=629%D0%91: 11
http://rasp.rw.by/ru/train/?thread=6265_0_9614268_g17_4: 24
http://rasp.rw.by/ru/train/?train=624%D0%91: 20
http://rasp.rw.by/ru/train/?train=078%D0%91: 0
http://rasp.rw.by/ru/train/?thread=6267_1_9614268_g17_4: 24
http://rasp.rw.by/ru/train/?train=601%D0%A4: 16
http://rasp.rw.by/ru/train/?train=061%D0%AC: 0
http://rasp.rw.by/ru/train/?thread=6610_0_9614158_g17_4: 15
http://rasp.rw.by/ru/train/?thread=6611_0_9614038_g17_4: 15
http://rasp.rw.by/ru/train/?train=695%D0%91: 0
http://rasp.rw.by/ru/train/?thread=6613_0_9614038_g17_4: 15
http://rasp.rw.by/ru/train/?thread=6612_0_9614158_g17_4: 15
http://rasp.rw.by/ru/train/?train=705%D0%91: 9
http://rasp.rw.by/ru/train/?thread=6615_0_9614038_g17_4: 15
http://rasp.rw.by/ru/train/?thread=6614_0_9614158_g17_4: 15
http://rasp.rw.by/ru/train/?thread=7171_0_9614038_g17_4: 15
http://rasp.rw.by/ru/train/?thread=6616_0_9614158_g17_4: 15
http://rasp.rw.by/ru/train/?train=706%D0%91: 10
http://rasp.rw.by/ru/train/?thread=6617_0_9614038_g17_4: 15
http://rasp.rw.by/ru/train/?thread=6618_0_9614158_g17_4: 15
http://rasp.rw.by/ru/train/?thread=6620_0_9614158_g17_4: 15
http://rasp.rw.by/ru/train/?train=696%D0%91: 5
http://rasp.rw.by/ru/train/?thread=6619_0_9614038_g17_4: 15
http://rasp.rw.by/ru/train/?train=601%D0%91: 14
http://rasp.rw.by/ru/train/?thread=6341_1_9617715_g17_4: 17
http://rasp.rw.by/ru/train/?thread=6333_0_9614490_g17_4: 16
http://rasp.rw.by/ru/train/?thread=6325_0_9614495_g17_4: 22
http://rasp.rw.by/ru/train/?thread=6335_0_9614490_g17_4: 16
http://rasp.rw.by/ru/train/?thread=6337_0_9614490_g17_4: 16
http://rasp.rw.by/ru/train/?thread=6388_0_9614156_g17_4: 14
http://rasp.rw.by/ru/train/?thread=6386_0_9614156_g17_4: 14
http://rasp.rw.by/ru/train/?thread=6327_0_9614495_g17_4: 22
http://rasp.rw.by/ru/train/?thread=6384_0_9614156_g17_4: 14
http://rasp.rw.by/ru/train/?thread=6343_1_9617715_g17_4: 17
http://rasp.rw.by/ru/train/?thread=6331_0_9614490_g17_4: 16
http://rasp.rw.by/ru/train/?thread=6321_0_9614495_g17_4: 22
http://rasp.rw.by/ru/train/?thread=6382_0_9614156_g17_4: 14
http://rasp.rw.by/ru/train/?train=017%D0%91: 0
http://rasp.rw.by/ru/train/?train=017%D0%92: 0
http://rasp.rw.by/ru/train/?train=014%D0%9C: 13
http://rasp.rw.by/ru/train/?train=675%D0%A4: 16
http://rasp.rw.by/ru/train/?train=702%D0%91: 2
http://rasp.rw.by/ru/train/?thread=6342_1_9614023_g17_4: 17
http://rasp.rw.by/ru/train/?train=121%D0%91: 2
http://rasp.rw.by/ru/train/?thread=6332_0_9614023_g17_4: 16
http://rasp.rw.by/ru/train/?thread=6381_0_9614023_g17_4: 14
http://rasp.rw.by/ru/train/?thread=6344_1_9614023_g17_4: 17
http://rasp.rw.by/ru/train/?thread=6324_0_9614023_g17_4: 22
http://rasp.rw.by/ru/train/?train=676%D0%A4: 31
http://rasp.rw.by/ru/train/?train=384%D0%90: 3
http://rasp.rw.by/ru/train/?train=122%D0%91: 2
http://rasp.rw.by/ru/train/?thread=6334_0_9614023_g17_4: 16
http://rasp.rw.by/ru/train/?train=123%D0%91: 0
http://rasp.rw.by/ru/train/?thread=6326_0_9614023_g17_4: 22
http://rasp.rw.by/ru/train/?train=124%D0%91: 0
http://rasp.rw.by/ru/train/?thread=6383_0_9614023_g17_4: 14
http://rasp.rw.by/ru/train/?train=712%D0%91: 2
http://rasp.rw.by/ru/train/?train=701%D0%91: 2
http://rasp.rw.by/ru/train/?thread=6336_0_9614023_g17_4: 16
http://rasp.rw.by/ru/train/?thread=6385_0_9614023_g17_4: 14
http://rasp.rw.by/ru/train/?train=125%D0%91: 0
http://rasp.rw.by/ru/train/?train=379%D0%90: 4
http://rasp.rw.by/ru/train/?train=126%D0%91: 0
http://rasp.rw.by/ru/train/?train=711%D0%91: 2
http://rasp.rw.by/ru/train/?thread=6387_0_9614023_g17_4: 14
http://rasp.rw.by/ru/train/?thread=6338_0_9614023_g17_4: 16
http://rasp.rw.by/ru/train/?thread=6328_0_9614023_g17_4: 22
http://rasp.rw.by/ru/train/?train=013%D0%9C: 13
http://rasp.rw.by/ru/train/?thread=6452_0_9614068_g17_4: 29
http://rasp.rw.by/ru/train/?train=719%D0%91: 7
http://rasp.rw.by/ru/train/?thread=6453_0_9614088_g17_4: 26
http://rasp.rw.by/ru/train/?train=055%D0%A4: 25
http://rasp.rw.by/ru/train/?train=055%D0%91: 12
http://rasp.rw.by/ru/train/?train=083%D0%90: 37
http://rasp.rw.by/ru/train/?thread=6454_0_9614068_g17_4: 29
http://rasp.rw.by/ru/train/?thread=6455_0_9614088_g17_4: 26
http://rasp.rw.by/ru/train/?thread=6457_1_9614088_g17_4: 26
http://rasp.rw.by/ru/train/?thread=6456_2_9614068_g17_4: 29
http://rasp.rw.by/ru/train/?thread=6459_3_9614088_g17_4: 26
http://rasp.rw.by/ru/train/?thread=6458_0_9614068_g17_4: 29
http://rasp.rw.by/ru/train/?train=083%D0%91: 17
http://rasp.rw.by/ru/train/?thread=6461_0_9614088_g17_4: 26
http://rasp.rw.by/ru/train/?train=055%D0%AC: 12
http://rasp.rw.by/ru/train/?train=719%D0%A4: 6
http://rasp.rw.by/ru/train/?thread=6460_1_9614068_g17_4: 29
http://rasp.rw.by/ru/train/?train=054%D0%9A: 0
http://rasp.rw.by/ru/train/?train=143%D0%9E: 0
http://rasp.rw.by/ru/train/?train=721%D0%91: 7
http://rasp.rw.by/ru/train/?thread=6463_0_9614088_g17_4: 26
http://rasp.rw.by/ru/train/?thread=6462_0_9614068_g17_4: 29
http://rasp.rw.by/ru/train/?thread=6621x6622_0_9614032_g17_4: 19
http://rasp.rw.by/ru/train/?thread=6626_0_9614268_g17_4: 30
http://rasp.rw.by/ru/train/?thread=6684_0_9614268_g17_4: 18
http://rasp.rw.by/ru/train/?thread=6683_0_9614273_g17_4: 18
http://rasp.rw.by/ru/train/?thread=6625_0_9614178_g17_4: 30
http://rasp.rw.by/ru/train/?thread=6630x6631_0_9614268_g17_4: 19
http://rasp.rw.by/ru/train/?thread=6511_0_9614138_g17_4: 12
http://rasp.rw.by/ru/train/?train=053%D0%90: 34
http://rasp.rw.by/ru/train/?thread=6560_0_9614068_g17_4: 26
http://rasp.rw.by/ru/train/?thread=6431_0_9614138_g17_4: 26
http://rasp.rw.by/ru/train/?thread=6557_1_9614138_g17_4: 26
http://rasp.rw.by/ru/train/?thread=6512_0_9614048_g17_4: 12
http://rasp.rw.by/ru/train/?thread=6558_0_9614068_g17_4: 26
http://rasp.rw.by/ru/train/?thread=6559_1_9614138_g17_4: 26
http://rasp.rw.by/ru/train/?thread=6436_1_9614068_g17_4: 26
http://rasp.rw.by/ru/train/?train=061%D0%A9: 0
http://rasp.rw.by/ru/train/?thread=6872_0_9614189_g17_4: 7
http://rasp.rw.by/ru/train/?thread=6870_0_9614189_g17_4: 7
http://rasp.rw.by/ru/train/?thread=6868_0_9614189_g17_4: 7
http://rasp.rw.by/ru/train/?thread=6472_0_9614078_g17_4: 28
http://rasp.rw.by/ru/train/?thread=7108_0_9614078_g17_4: 28
http://rasp.rw.by/ru/train/?thread=6869_0_9614233_g17_4: 7
http://rasp.rw.by/ru/train/?thread=6473_0_9614088_g17_4: 29
http://rasp.rw.by/ru/train/?thread=7107x6491_1_9614088_g17_4: 37
http://rasp.rw.by/ru/train/?thread=6476_0_9614078_g17_4: 28
http://rasp.rw.by/ru/train/?thread=6475_0_9614088_g17_4: 29
http://rasp.rw.by/ru/train/?thread=6477_1_9614088_g17_4: 29
http://rasp.rw.by/ru/train/?thread=6478_0_9614078_g17_4: 28
http://rasp.rw.by/ru/train/?thread=6492x6092_0_9614123_g17_4: 36
http://rasp.rw.by/ru/train/?thread=6479_0_9614088_g17_4: 29
http://rasp.rw.by/ru/train/?thread=6480_0_9614189_g17_4: 28
http://rasp.rw.by/ru/train/?thread=7113_0_9614088_g17_4: 29
http://rasp.rw.by/ru/train/?thread=7118_0_9614078_g17_4: 28
http://rasp.rw.by/ru/train/?thread=6482_0_9614078_g17_4: 28
http://rasp.rw.by/ru/train/?thread=6871_0_9614233_g17_4: 7
http://rasp.rw.by/ru/train/?thread=6483_0_9614088_g17_4: 29
http://rasp.rw.by/ru/train/?thread=6485_0_9614088_g17_4: 29
http://rasp.rw.by/ru/train/?thread=6873_0_9614233_g17_4: 7
http://rasp.rw.by/ru/train/?thread=6164_0_9614033_g17_4: 9
http://rasp.rw.by/ru/train/?thread=6170_0_9614033_g17_4: 9
http://rasp.rw.by/ru/train/?thread=6168_0_9614143_g17_4: 9
http://rasp.rw.by/ru/train/?thread=6162_0_9614143_g17_4: 9
http://rasp.rw.by/ru/train/?thread=6166_0_9614033_g17_4: 9
http://rasp.rw.by/ru/train/?thread=6161_0_9614264_g17_4: 9
http://rasp.rw.by/ru/train/?thread=6163_0_9614264_g17_4: 9
http://rasp.rw.by/ru/train/?thread=6165_0_9614264_g17_4: 9
http://rasp.rw.by/ru/train/?thread=6167_0_9614264_g17_4: 9
http://rasp.rw.by/ru/train/?thread=6169_0_9614264_g17_4: 9
http://rasp.rw.by/ru/train/?thread=6624_0_9614273_g17_4: 13
http://rasp.rw.by/ru/train/?thread=6623_0_9614178_g17_4: 24
http://rasp.rw.by/ru/train/?thread=6628_0_9614036_g17_4: 24
http://rasp.rw.by/ru/train/?thread=7191_0_9614178_g17_4: 24
http://rasp.rw.by/ru/train/?thread=6627_0_9614178_g17_4: 13
http://rasp.rw.by/ru/train/?thread=7192x6686_0_9614036_g17_4: 24
http://rasp.rw.by/ru/train/?thread=6221_1_9614279_g17_4: 6
http://rasp.rw.by/ru/train/?thread=6220_0_9614925_g17_4: 6
http://rasp.rw.by/ru/train/?thread=6635_0_9614178_g17_4: 18
http://rasp.rw.by/ru/train/?thread=6603_0_9614029_g17_4: 14
http://rasp.rw.by/ru/train/?thread=7181_0_9614178_g17_4: 18
http://rasp.rw.by/ru/train/?thread=6605_0_9614029_g17_4: 14
http://rasp.rw.by/ru/train/?thread=6639_0_9614025_g17_4: 9
http://rasp.rw.by/ru/train/?thread=6646_0_9601489_g17_4: 12
http://rasp.rw.by/ru/train/?thread=6637_0_9614178_g17_4: 18
http://rasp.rw.by/ru/train/?thread=6644_0_9601489_g17_4: 12
http://rasp.rw.by/ru/train/?thread=6642_0_9614427_g17_4: 10
http://rasp.rw.by/ru/train/?thread=6631_0_9614178_g17_4: 18
http://rasp.rw.by/ru/train/?thread=6601_0_9614029_g17_4: 14
http://rasp.rw.by/ru/train/?thread=6633_0_9614178_g17_4: 18
http://rasp.rw.by/ru/train/?train=080%D0%A7: 0
http://rasp.rw.by/ru/train/?train=039%D0%A9: 9
http://rasp.rw.by/ru/train/?train=703%D0%91: 2
http://rasp.rw.by/ru/train/?thread=6632_0_9614038_g17_4: 18
http://rasp.rw.by/ru/train/?thread=6641_0_9614038_g17_4: 12
http://rasp.rw.by/ru/train/?thread=6602_0_9614038_g17_4: 14
http://rasp.rw.by/ru/train/?thread=6634_0_9614038_g17_4: 18
http://rasp.rw.by/ru/train/?thread=6636_0_9614038_g17_4: 18
http://rasp.rw.by/ru/train/?thread=7182_0_9614038_g17_4: 18
http://rasp.rw.by/ru/train/?thread=6604_0_9614038_g17_4: 14
http://rasp.rw.by/ru/train/?train=713%D0%91: 3
http://rasp.rw.by/ru/train/?train=704%D0%91: 2
http://rasp.rw.by/ru/train/?thread=6643_0_9614038_g17_4: 12
http://rasp.rw.by/ru/train/?thread=6638_0_9614038_g17_4: 18
http://rasp.rw.by/ru/train/?train=714%D0%91: 3
http://rasp.rw.by/ru/train/?train=039%D0%91: 9
http://rasp.rw.by/ru/train/?thread=6640_0_9614038_g17_4: 9
http://rasp.rw.by/ru/train/?thread=6606_0_9614038_g17_4: 14
http://rasp.rw.by/ru/train/?thread=6645_0_9614038_g17_4: 10
http://rasp.rw.by/ru/train/?train=229%D0%A7: 0
http://rasp.rw.by/ru/train/?train=239%D0%92: 0
http://rasp.rw.by/ru/train/?train=229%D0%9C: 0
http://rasp.rw.by/ru/train/?train=619%D0%91: 13
http://rasp.rw.by/ru/train/?thread=6660_0_9614403_g17_4: 18
http://rasp.rw.by/ru/train/?thread=6659_0_9614273_g17_4: 18
http://rasp.rw.by/ru/train/?train=620%D0%A4: 25
http://rasp.rw.by/ru/train/?thread=6859_0_9614923_g17_4: 13
http://rasp.rw.by/ru/train/?thread=6989x6990_2_9614088_g17_4: 13
http://rasp.rw.by/ru/train/?thread=6409_0_9614917_g17_4: 12
http://rasp.rw.by/ru/train/?thread=6075_1_9614180_g17_4: 6
http://rasp.rw.by/ru/train/?thread=6405_0_9614201_g17_4: 17
http://rasp.rw.by/ru/train/?thread=6855_0_9614923_g17_4: 13
http://rasp.rw.by/ru/train/?thread=6407_0_9614917_g17_4: 12
http://rasp.rw.by/ru/train/?thread=6857_0_9614923_g17_4: 13
http://rasp.rw.by/ru/train/?thread=6861_0_9614923_g17_4: 13
http://rasp.rw.by/ru/train/?thread=6413_0_9614917_g17_4: 12
http://rasp.rw.by/ru/train/?thread=6415_0_9614201_g17_4: 17
http://rasp.rw.by/ru/train/?thread=6417_0_9614200_g17_4: 11
http://rasp.rw.by/ru/train/?thread=6077_0_9614180_g17_4: 6
http://rasp.rw.by/ru/train/?thread=7114_0_9614183_g17_4: 13
http://rasp.rw.by/ru/train/?thread=6411_0_9614201_g17_4: 17
http://rasp.rw.by/ru/train/?thread=6991x6992_0_9614088_g17_4: 13
http://rasp.rw.by/ru/train/?thread=6863_0_9614923_g17_4: 13
http://rasp.rw.by/ru/train/?thread=6071_0_9614180_g17_4: 6
http://rasp.rw.by/ru/train/?thread=6401_0_9614917_g17_4: 12
http://rasp.rw.by/ru/train/?thread=6474_0_9614183_g17_4: 13
http://rasp.rw.by/ru/train/?thread=6073_0_9614180_g17_4: 6
http://rasp.rw.by/ru/train/?thread=6853_0_9614923_g17_4: 13
http://rasp.rw.by/ru/train/?thread=6985x6986_0_9614088_g17_4: 13
http://rasp.rw.by/ru/train/?thread=6987x6988_0_9614088_g17_4: 13
http://rasp.rw.by/ru/train/?thread=6403_0_9614201_g17_4: 17
http://rasp.rw.by/ru/train/?thread=6402_0_9614088_g17_4: 17
http://rasp.rw.by/ru/train/?thread=6070_0_9614088_g17_4: 6
http://rasp.rw.by/ru/train/?train=075%D0%91: 31
http://rasp.rw.by/ru/train/?thread=6471_0_9614088_g17_4: 14
http://rasp.rw.by/ru/train/?train=707%D0%91: 2
http://rasp.rw.by/ru/train/?thread=6850_0_9614088_g17_4: 13
http://rasp.rw.by/ru/train/?thread=6072_0_9614088_g17_4: 6
http://rasp.rw.by/ru/train/?thread=6404_0_9614088_g17_4: 17
http://rasp.rw.by/ru/train/?train=856%D0%91: 13
http://rasp.rw.by/ru/train/?thread=6852_0_9614088_g17_4: 13
http://rasp.rw.by/ru/train/?thread=6406_0_9614088_g17_4: 12
http://rasp.rw.by/ru/train/?thread=6854_0_9614088_g17_4: 13
http://rasp.rw.by/ru/train/?thread=6408_0_9614088_g17_4: 12
http://rasp.rw.by/ru/train/?thread=6074_1_9614088_g17_4: 6
http://rasp.rw.by/ru/train/?thread=6856_0_9614088_g17_4: 13
http://rasp.rw.by/ru/train/?thread=6410_0_9614088_g17_4: 17
http://rasp.rw.by/ru/train/?train=709%D0%91: 2
http://rasp.rw.by/ru/train/?thread=6481_0_9614088_g17_4: 14
http://rasp.rw.by/ru/train/?thread=6858_0_9614088_g17_4: 13
http://rasp.rw.by/ru/train/?train=855%D0%9A: 13
http://rasp.rw.by/ru/train/?thread=6412_0_9614088_g17_4: 17
http://rasp.rw.by/ru/train/?thread=6076_0_9614088_g17_4: 6
http://rasp.rw.by/ru/train/?thread=6860_0_9614088_g17_4: 13
http://rasp.rw.by/ru/train/?thread=6414_0_9614088_g17_4: 12
http://rasp.rw.by/ru/train/?train=708%D0%91: 2
http://rasp.rw.by/ru/train/?train=076%D0%91: 15
http://rasp.rw.by/ru/train/?thread=6416_0_9614088_g17_4: 11
http://rasp.rw.by/ru/train/?thread=6821_3_9613990_g17_4: 27
http://rasp.rw.by/ru/train/?thread=6832_0_9614110_g17_4: 27
http://rasp.rw.by/ru/train/?thread=6390_0_9617617_g17_4: 11
http://rasp.rw.by/ru/train/?thread=6389x6390_1_9614920_g17_4: 34
http://rasp.rw.by/ru/train/?thread=6555_0_9614158_g17_4: 8
http://rasp.rw.by/ru/train/?thread=6535_0_9614158_g17_4: 24
http://rasp.rw.by/ru/train/?train=782%D0%91: 7
http://rasp.rw.by/ru/train/?thread=6534_0_9614128_g17_4: 24
http://rasp.rw.by/ru/train/?train=661%D0%91: 7
http://rasp.rw.by/ru/train/?thread=6536_0_9614128_g17_4: 24
http://rasp.rw.by/ru/train/?thread=6537_0_9614158_g17_4: 24
http://rasp.rw.by/ru/train/?train=642%D0%A4: 0
http://rasp.rw.by/ru/train/?thread=6556_0_9614283_g17_4: 8
http://rasp.rw.by/ru/train/?train=662%D0%91: 32
http://rasp.rw.by/ru/train/?thread=6538_0_9614128_g17_4: 24
http://rasp.rw.by/ru/train/?train=784%D0%91: 7
http://rasp.rw.by/ru/train/?thread=6539_0_9614158_g17_4: 24
http://rasp.rw.by/ru/train/?thread=6257_0_9614238_g17_4: 28
http://rasp.rw.by/ru/train/?thread=6713_1_9614365_g17_4: 8
http://rasp.rw.by/ru/train/?thread=6705_0_9614751_g17_4: 11
http://rasp.rw.by/ru/train/?thread=6711_0_9614751_g17_4: 11
http://rasp.rw.by/ru/train/?thread=6255_0_9614238_g17_4: 28
http://rasp.rw.by/ru/train/?thread=6276_0_9614832_g17_4: 9
http://rasp.rw.by/ru/train/?thread=6289_1_9614918_g17_4: 13
http://rasp.rw.by/ru/train/?thread=6707_0_9614751_g17_4: 11
http://rasp.rw.by/ru/train/?thread=6253_0_9614238_g17_4: 28
http://rasp.rw.by/ru/train/?thread=6701_0_9614751_g17_4: 11
http://rasp.rw.by/ru/train/?thread=6703_0_9614365_g17_4: 8
http://rasp.rw.by/ru/train/?thread=6251_0_9614238_g17_4: 28
http://rasp.rw.by/ru/train/?thread=6272_0_9614832_g17_4: 9
http://rasp.rw.by/ru/train/?thread=6252_0_9614058_g17_4: 28
http://rasp.rw.by/ru/train/?thread=6702_0_9614058_g17_4: 11
http://rasp.rw.by/ru/train/?train=304%D0%91: 9
http://rasp.rw.by/ru/train/?train=673%D0%91: 6
http://rasp.rw.by/ru/train/?thread=6271_0_9614058_g17_4: 9
http://rasp.rw.by/ru/train/?thread=6704_1_9614058_g17_4: 8
http://rasp.rw.by/ru/train/?thread=6706_0_9614058_g17_4: 11
http://rasp.rw.by/ru/train/?thread=6254_0_9614058_g17_4: 28
http://rasp.rw.by/ru/train/?thread=6708_0_9614058_g17_4: 11
http://rasp.rw.by/ru/train/?train=674%D0%A4: 12
http://rasp.rw.by/ru/train/?train=674%D0%91: 6
http://rasp.rw.by/ru/train/?train=303%D0%91: 9
http://rasp.rw.by/ru/train/?thread=6256_0_9614058_g17_4: 28
http://rasp.rw.by/ru/train/?thread=6288_1_9614058_g17_4: 13
http://rasp.rw.by/ru/train/?thread=6712_0_9614058_g17_4: 11
http://rasp.rw.by/ru/train/?thread=6275_0_9614058_g17_4: 9
http://rasp.rw.by/ru/train/?thread=6258_0_9614058_g17_4: 28
http://rasp.rw.by/ru/train/?thread=6714_0_9614058_g17_4: 8
http://rasp.rw.by/ru/train/?thread=6881_1_9614268_g17_4: 16
http://rasp.rw.by/ru/train/?thread=6891_0_9614268_g17_4: 16
http://rasp.rw.by/ru/train/?thread=6885_0_9614268_g17_4: 16
http://rasp.rw.by/ru/train/?thread=6889_0_9614268_g17_4: 16
http://rasp.rw.by/ru/train/?thread=7033_0_9613989_g17_4: 42
http://rasp.rw.by/ru/train/?thread=7031_0_9614268_g17_4: 16
http://rasp.rw.by/ru/train/?thread=6887_0_9614268_g17_4: 16
http://rasp.rw.by/ru/train/?thread=7035_1_9613989_g17_4: 42
http://rasp.rw.by/ru/train/?train=148%D0%A7: 0
http://rasp.rw.by/ru/train/?train=360%D0%A7: 0
http://rasp.rw.by/ru/train/?thread=6882_0_9614012_g17_4: 16
http://rasp.rw.by/ru/train/?train=079%D0%A7: 24
http://rasp.rw.by/ru/train/?train=425%D0%A3: 0
http://rasp.rw.by/ru/train/?train=804%D0%A2: 4
http://rasp.rw.by/ru/train/?thread=7032_0_9614012_g17_4: 42
http://rasp.rw.by/ru/train/?thread=7034_0_9614012_g17_4: 16
http://rasp.rw.by/ru/train/?train=805%D0%91: 4
http://rasp.rw.by/ru/train/?train=801%D0%91: 7
http://rasp.rw.by/ru/train/?thread=6884_0_9614012_g17_4: 16
http://rasp.rw.by/ru/train/?train=147%D0%A7: 0
http://rasp.rw.by/ru/train/?train=803%D0%91: 5
http://rasp.rw.by/ru/train/?thread=6888_0_9614012_g17_4: 16
http://rasp.rw.by/ru/train/?train=808%D0%A2: 5
http://rasp.rw.by/ru/train/?thread=6890_0_9614012_g17_4: 16
http://rasp.rw.by/ru/train/?train=426%D0%A7: 0
http://rasp.rw.by/ru/train/?train=806%D0%A2: 4
http://rasp.rw.by/ru/train/?thread=7036_0_9614012_g17_4: 42
http://rasp.rw.by/ru/train/?train=807%D0%91: 4
http://rasp.rw.by/ru/train/?train=030%D0%A2: 14
http://rasp.rw.by/ru/train/?train=030%D0%A7: 14
http://rasp.rw.by/ru/train/?train=802%D0%A2: 7
http://rasp.rw.by/ru/train/?train=618%D0%91: 30
http://rasp.rw.by/ru/train/?thread=6802_0_9614111_g17_4: 23
http://rasp.rw.by/ru/train/?thread=6804_0_9614111_g17_4: 23
http://rasp.rw.by/ru/train/?thread=6806_1_9614111_g17_4: 23
http://rasp.rw.by/ru/train/?thread=6805_1_9613989_g17_4: 23
http://rasp.rw.by/ru/train/?thread=6814_0_9614111_g17_4: 23
http://rasp.rw.by/ru/train/?thread=6811_1_9613990_g17_4: 23
http://rasp.rw.by/ru/train/?thread=6820_1_9614111_g17_4: 23
http://rasp.rw.by/ru/train/?thread=6817_0_9613990_g17_4: 23
http://rasp.rw.by/ru/train/?thread=6823_1_9613990_g17_4: 23
http://rasp.rw.by/ru/train/?thread=6828_0_9614111_g17_4: 23
http://rasp.rw.by/ru/train/?thread=6829_0_9613989_g17_4: 23
http://rasp.rw.by/ru/train/?thread=6833_1_9613990_g17_4: 23
http://rasp.rw.by/ru/train/?thread=6836_0_9614111_g17_4: 23
http://rasp.rw.by/ru/train/?thread=6838_0_9614111_g17_4: 23
http://rasp.rw.by/ru/train/?thread=6837_0_9613989_g17_4: 23
http://rasp.rw.by/ru/train/?thread=6363_0_9614279_g17_4: 22
http://rasp.rw.by/ru/train/?thread=6352_0_9614113_g17_4: 22
http://rasp.rw.by/ru/train/?thread=6516_0_9614067_g17_4: 12
http://rasp.rw.by/ru/train/?train=065%D0%91: 0
http://rasp.rw.by/ru/train/?train=066%D0%91: 0
http://rasp.rw.by/ru/train/?thread=6430_0_9614078_g17_4: 21
http://rasp.rw.by/ru/train/?thread=6426_0_9614078_g17_4: 21
http://rasp.rw.by/ru/train/?thread=7130_0_9614205_g17_4: 9
http://rasp.rw.by/ru/train/?thread=6433_0_9614278_g17_4: 10
http://rasp.rw.by/ru/train/?thread=6428_0_9614078_g17_4: 21
http://rasp.rw.by/ru/train/?thread=6424_0_9614078_g17_4: 21
http://rasp.rw.by/ru/train/?thread=6451_0_9614210_g17_4: 7
http://rasp.rw.by/ru/train/?thread=6422_0_9614078_g17_4: 21
http://rasp.rw.by/ru/train/?thread=6421_0_9614068_g17_4: 21
http://rasp.rw.by/ru/train/?thread=6432_1_9614068_g17_4: 11
http://rasp.rw.by/ru/train/?thread=6423_0_9614068_g17_4: 21
http://rasp.rw.by/ru/train/?thread=6425_0_9614068_g17_4: 21
http://rasp.rw.by/ru/train/?thread=6434_0_9614068_g17_4: 10
http://rasp.rw.by/ru/train/?thread=7129_0_9614068_g17_4: 9
http://rasp.rw.by/ru/train/?thread=6427_0_9614068_g17_4: 21
http://rasp.rw.by/ru/train/?thread=6438_1_9614068_g17_4: 10
http://rasp.rw.by/ru/train/?thread=6429_0_9614068_g17_4: 21
http://rasp.rw.by/ru/train/?thread=6091_0_9614078_g17_4: 17
http://rasp.rw.by/ru/train/?thread=6228_0_9614279_g17_4: 17
http://rasp.rw.by/ru/train/?thread=6093_0_9614078_g17_4: 17
http://rasp.rw.by/ru/train/?thread=6226_0_9614279_g17_4: 17
http://rasp.rw.by/ru/train/?thread=6227_0_9614218_g17_4: 17
http://rasp.rw.by/ru/train/?thread=6094_0_9614218_g17_4: 17
http://rasp.rw.by/ru/train/?thread=6229_0_9614218_g17_4: 17
http://rasp.rw.by/ru/train/?thread=6096_0_9614218_g17_4: 17
http://rasp.rw.by/ru/train/?train=063%D0%91: 0
http://rasp.rw.by/ru/train/?train=134%D0%91: 0
http://rasp.rw.by/ru/train/?thread=6494_0_9614247_g17_4: 13
http://rasp.rw.by/ru/train/?thread=6496_0_9614247_g17_4: 13
http://rasp.rw.by/ru/train/?thread=6098_0_9614182_g17_4: 14
http://rasp.rw.by/ru/train/?thread=6490_1_9614247_g17_4: 13
http://rasp.rw.by/ru/train/?thread=6090_1_9614182_g17_4: 14
http://rasp.rw.by/ru/train/?thread=6488_1_9614247_g17_4: 13
http://rasp.rw.by/ru/train/?thread=6486_0_9614247_g17_4: 13
http://rasp.rw.by/ru/train/?thread=6487_0_9614078_g17_4: 13
http://rasp.rw.by/ru/train/?thread=6489_0_9614078_g17_4: 13
http://rasp.rw.by/ru/train/?thread=6493_0_9614078_g17_4: 13
http://rasp.rw.by/ru/train/?thread=6495_0_9614078_g17_4: 13
http://rasp.rw.by/ru/train/?thread=6097_0_9614078_g17_4: 14
http://rasp.rw.by/ru/train/?thread=6497_1_9614078_g17_4: 13
http://rasp.rw.by/ru/train/?thread=6099_0_9614078_g17_4: 11
http://rasp.rw.by/ru/train/?thread=6521_0_9614043_g17_4: 8
http://rasp.rw.by/ru/train/?thread=6541_0_9614128_g17_4: 6
http://rasp.rw.by/ru/train/?thread=6543_0_9614128_g17_4: 6
http://rasp.rw.by/ru/train/?thread=6542_0_9614118_g17_4: 6
http://rasp.rw.by/ru/train/?train=780%D0%91: 5
http://rasp.rw.by/ru/train/?thread=6544_0_9614118_g17_4: 6
http://rasp.rw.by/ru/train/?thread=6545_0_9614128_g17_4: 12
http://rasp.rw.by/ru/train/?train=786%D0%91: 5
http://rasp.rw.by/ru/train/?thread=6546_1_9601429_g17_4: 12
http://rasp.rw.by/ru/train/?thread=6547_0_9614128_g17_4: 8
http://rasp.rw.by/ru/train/?train=776%D0%91: 5
http://rasp.rw.by/ru/train/?thread=6548_0_9614081_g17_4: 8
http://rasp.rw.by/ru/train/?train=778%D0%91: 5
http://rasp.rw.by/ru/train/?thread=6561_0_9614158_g17_4: 17
http://rasp.rw.by/ru/train/?thread=6562_0_9614138_g17_4: 17
http://rasp.rw.by/ru/train/?thread=6563_0_9614158_g17_4: 17
http://rasp.rw.by/ru/train/?thread=6564_0_9614138_g17_4: 17
http://rasp.rw.by/ru/train/?thread=6391_0_9614158_g17_4: 17
http://rasp.rw.by/ru/train/?thread=6568_0_9614138_g17_4: 17
http://rasp.rw.by/ru/train/?thread=6567_0_9614158_g17_4: 17
http://rasp.rw.by/ru/train/?thread=6569_0_9614158_g17_4: 17
http://rasp.rw.by/ru/train/?thread=6570_0_9614138_g17_4: 17
http://rasp.rw.by/ru/train/?thread=6392_0_9614138_g17_4: 17
http://rasp.rw.by/ru/train/?thread=6571_0_9614158_g17_4: 17
http://rasp.rw.by/ru/train/?thread=6572_0_9614138_g17_4: 17
http://rasp.rw.by/ru/train/?thread=6592_0_9614138_g17_4: 20
http://rasp.rw.by/ru/train/?thread=6594_0_9614138_g17_4: 20
http://rasp.rw.by/ru/train/?thread=6596_0_9614138_g17_4: 20
http://rasp.rw.by/ru/train/?thread=6598_0_9614138_g17_4: 20
http://rasp.rw.by/ru/train/?thread=6590_0_9614138_g17_4: 20
http://rasp.rw.by/ru/train/?thread=6533_0_9614077_g17_4: 7
http://rasp.rw.by/ru/train/?thread=6591_0_9614128_g17_4: 20
http://rasp.rw.by/ru/train/?thread=6532_0_9614128_g17_4: 7
http://rasp.rw.by/ru/train/?thread=6593_0_9614128_g17_4: 20
http://rasp.rw.by/ru/train/?thread=6595_0_9614128_g17_4: 20
http://rasp.rw.by/ru/train/?thread=6597_0_9614128_g17_4: 20
http://rasp.rw.by/ru/train/?thread=6599_0_9614128_g17_4: 20
http://rasp.rw.by/ru/train/?thread=6223_0_9614134_g17_4: 11
http://rasp.rw.by/ru/train/?thread=6224_0_9614279_g17_4: 11
http://rasp.rw.by/ru/train/?thread=6225_0_9614134_g17_4: 11
http://rasp.rw.by/ru/train/?thread=6230_0_9614279_g17_4: 11
http://rasp.rw.by/ru/train/?thread=6231_0_9614134_g17_4: 11
http://rasp.rw.by/ru/train/?thread=6232_0_9614279_g17_4: 11
http://rasp.rw.by/ru/train/?thread=6233_1_9614134_g17_4: 11
http://rasp.rw.by/ru/train/?thread=6234_0_9614279_g17_4: 11
http://rasp.rw.by/ru/train/?thread=6065_1_9614220_g17_4: 7
http://rasp.rw.by/ru/train/?thread=6063_0_9614220_g17_4: 7
http://rasp.rw.by/ru/train/?thread=6061_0_9614220_g17_4: 7
http://rasp.rw.by/ru/train/?thread=6062_1_9614238_g17_4: 7
http://rasp.rw.by/ru/train/?thread=6064_1_9614238_g17_4: 7
http://rasp.rw.by/ru/train/?thread=6066_0_9614238_g17_4: 7
http://rasp.rw.by/ru/train/?thread=6395_0_9614213_g17_4: 8
http://rasp.rw.by/ru/train/?thread=6696_0_9614285_g17_4: 2
http://rasp.rw.by/ru/train/?thread=6579_0_9614921_g17_4: 12
http://rasp.rw.by/ru/train/?thread=6692_0_9614285_g17_4: 2
http://rasp.rw.by/ru/train/?train=654%D0%A4: 0
http://rasp.rw.by/ru/train/?thread=6691_1_9614138_g17_4: 2
http://rasp.rw.by/ru/train/?thread=6398_1_9614138_g17_4: 4
http://rasp.rw.by/ru/train/?thread=6396_0_9614138_g17_4: 8
http://rasp.rw.by/ru/train/?thread=6695_0_9614138_g17_4: 2
http://rasp.rw.by/ru/train/?train=056%D0%A4: 7
http://rasp.rw.by/ru/train/?thread=6932_2_9613989_g17_4: 18
http://rasp.rw.by/ru/train/?thread=6902_0_9613989_g17_4: 18
http://rasp.rw.by/ru/train/?thread=6936_0_9613989_g17_4: 18
http://rasp.rw.by/ru/train/?thread=6901_1_9614173_g17_4: 18
http://rasp.rw.by/ru/train/?thread=6903_0_9614173_g17_4: 18
http://rasp.rw.by/ru/train/?thread=6910_0_9613989_g17_4: 23
http://rasp.rw.by/ru/train/?thread=6917_0_9614050_g17_4: 23
http://rasp.rw.by/ru/train/?thread=6732_0_9613989_g17_4: 23
http://rasp.rw.by/ru/train/?thread=6733_0_9614050_g17_4: 23
http://rasp.rw.by/ru/train/?thread=6918_1_9613989_g17_4: 23
http://rasp.rw.by/ru/train/?thread=6925_0_9614050_g17_4: 23
http://rasp.rw.by/ru/train/?thread=6924_0_9613989_g17_4: 23
http://rasp.rw.by/ru/train/?thread=6931_0_9614050_g17_4: 23
http://rasp.rw.by/ru/train/?thread=6937_2_9614173_g17_4: 18
http://rasp.rw.by/ru/train/?thread=7279_0_9613995_g17_4: 12
http://rasp.rw.by/ru/train/?thread=7213_0_9614606_g17_4: 13
http://rasp.rw.by/ru/train/?thread=7275_0_9613995_g17_4: 12
http://rasp.rw.by/ru/train/?thread=7209_0_9614606_g17_4: 13
http://rasp.rw.by/ru/train/?thread=7215_0_9614606_g17_4: 13
http://rasp.rw.by/ru/train/?thread=7277_2_9613995_g17_4: 12
http://rasp.rw.by/ru/train/?thread=7211_0_9614606_g17_4: 13
http://rasp.rw.by/ru/train/?thread=7207_0_9614606_g17_4: 13
http://rasp.rw.by/ru/train/?thread=7271_0_9613995_g17_4: 12
http://rasp.rw.by/ru/train/?thread=7203_0_9614606_g17_4: 13
http://rasp.rw.by/ru/train/?thread=7205_0_9614606_g17_4: 13
http://rasp.rw.by/ru/train/?thread=7273_1_9613995_g17_4: 12
http://rasp.rw.by/ru/train/?thread=7204_0_9613989_g17_4: 13
http://rasp.rw.by/ru/train/?thread=7272_1_9613989_g17_4: 12
http://rasp.rw.by/ru/train/?thread=7206_0_9613989_g17_4: 13
http://rasp.rw.by/ru/train/?thread=7208_0_9613989_g17_4: 13
http://rasp.rw.by/ru/train/?thread=7274_0_9613989_g17_4: 12
http://rasp.rw.by/ru/train/?train=238%D0%A4: 0
http://rasp.rw.by/ru/train/?thread=7210_1_9613989_g17_4: 13
http://rasp.rw.by/ru/train/?thread=7276_0_9613989_g17_4: 12
http://rasp.rw.by/ru/train/?thread=7212_0_9613989_g17_4: 13
http://rasp.rw.by/ru/train/?thread=7214_1_9613989_g17_4: 13
http://rasp.rw.by/ru/train/?thread=7216_0_9613989_g17_4: 13
http://rasp.rw.by/ru/train/?thread=7278_0_9613989_g17_4: 12
http://rasp.rw.by/ru/train/?thread=7218_0_9613989_g17_4: 13
http://rasp.rw.by/ru/train/?train=211%D0%9C: 0
http://rasp.rw.by/ru/train/?train=002%D0%91: 5
http://rasp.rw.by/ru/train/?train=001%D0%91: 5
http://rasp.rw.by/ru/train/?train=201%D0%A9: 2
http://rasp.rw.by/ru/train/?train=202%D0%A9: 2
http://rasp.rw.by/ru/train/?thread=6174_0_9614006_g17_4: 27
http://rasp.rw.by/ru/train/?thread=6185_1_9600319_g17_4: 8
http://rasp.rw.by/ru/train/?thread=6172_0_9614006_g17_4: 27
http://rasp.rw.by/ru/train/?thread=6183_1_9600319_g17_4: 8
http://rasp.rw.by/ru/train/?thread=6184_0_9614158_g17_4: 8
http://rasp.rw.by/ru/train/?thread=6171_1_9614158_g17_4: 27
http://rasp.rw.by/ru/train/?thread=6186_0_9614158_g17_4: 8
http://rasp.rw.by/ru/train/?thread=6173_0_9614158_g17_4: 27
http://rasp.rw.by/ru/train/?thread=6657_0_9614222_g17_4: 8
http://rasp.rw.by/ru/train/?thread=6655_0_9614222_g17_4: 8
http://rasp.rw.by/ru/train/?thread=6656_0_9614178_g17_4: 8
http://rasp.rw.by/ru/train/?thread=6658_0_9614178_g17_4: 8
total threads: 930
trains: 264
